[21:22:50.052] [INFO   ] thread main starting.
[21:22:50.059] [SEVERE ] cannot read configuration file config.properties trying from resources.
[21:22:50.062] [SEVERE ] configuration file was loaded from resources directory.
[21:22:50.765] [INFO   ] thread dealer starting.
[21:22:50.766] [INFO   ] thread dealer starting.
[21:22:50.766] [SEVERE ] updating countdown to 60000
[21:22:50.880] [SEVERE ] placing card 67 in slot 11
[21:22:50.990] [SEVERE ] placing card 13 in slot 1
[21:22:51.099] [SEVERE ] placing card 10 in slot 2
[21:22:51.209] [SEVERE ] placing card 32 in slot 10
[21:22:51.316] [SEVERE ] placing card 23 in slot 8
[21:22:51.443] [SEVERE ] placing card 80 in slot 3
[21:22:51.554] [SEVERE ] placing card 33 in slot 4
[21:22:51.664] [SEVERE ] placing card 1 in slot 6
[21:22:51.773] [SEVERE ] placing card 77 in slot 9
[21:22:51.884] [SEVERE ] placing card 31 in slot 5
[21:22:51.994] [SEVERE ] placing card 55 in slot 7
[21:22:52.106] [SEVERE ] placing card 58 in slot 0
[21:22:52.106] [SEVERE ] updating countdown to 60000
[21:22:52.108] [INFO   ] thread 0 starting.
[21:22:52.108] [INFO   ] thread 1 starting.
[21:22:52.124] [SEVERE ] updating countdown to 60000
[21:22:52.599] [SEVERE ] key 73 was pressed by player 2
[21:22:52.918] [SEVERE ] key 73 was pressed by player 2
[21:22:53.129] [SEVERE ] updating countdown to 59000
[21:22:53.134] [SEVERE ] key 73 was pressed by player 2
[21:22:53.324] [SEVERE ] key 83 was pressed by player 1
[21:22:53.507] [SEVERE ] key 74 was pressed by player 2
[21:22:53.755] [SEVERE ] key 83 was pressed by player 1
[21:22:54.061] [SEVERE ] key 76 was pressed by player 2
[21:22:54.141] [SEVERE ] updating countdown to 58000
[21:22:54.564] [SEVERE ] key 75 was pressed by player 2
[21:22:54.825] [SEVERE ] key 83 was pressed by player 1
[21:22:55.035] [SEVERE ] key 75 was pressed by player 2
[21:22:55.152] [SEVERE ] updating countdown to 57000
[21:22:55.239] [SEVERE ] key 83 was pressed by player 1
[21:22:55.462] [SEVERE ] key 75 was pressed by player 2
[21:22:55.637] [SEVERE ] key 83 was pressed by player 1
[21:22:55.895] [SEVERE ] key 83 was pressed by player 1
[21:22:56.163] [SEVERE ] updating countdown to 56000
[21:22:57.170] [SEVERE ] updating countdown to 55000
[21:22:58.182] [SEVERE ] updating countdown to 54000
[21:22:59.193] [SEVERE ] updating countdown to 53000
[21:22:59.682] [SEVERE ] key 83 was pressed by player 1
[21:23:00.200] [SEVERE ] updating countdown to 52000
[21:23:00.576] [SEVERE ] key 83 was pressed by player 1
[21:23:01.207] [SEVERE ] updating countdown to 51000
[21:23:02.220] [SEVERE ] updating countdown to 50000
[21:23:03.224] [SEVERE ] updating countdown to 49000
[21:23:04.233] [SEVERE ] updating countdown to 48000
[21:23:05.239] [SEVERE ] updating countdown to 47000
[21:23:06.244] [SEVERE ] updating countdown to 46000
[21:23:07.254] [SEVERE ] updating countdown to 45000
[21:23:08.267] [SEVERE ] updating countdown to 44000
[21:23:09.272] [SEVERE ] updating countdown to 43000
[21:23:10.281] [SEVERE ] updating countdown to 42000
[21:23:11.283] [SEVERE ] updating countdown to 41000
[21:23:12.291] [SEVERE ] updating countdown to 40000
[21:23:13.297] [SEVERE ] updating countdown to 39000
[21:23:14.309] [SEVERE ] updating countdown to 38000
[21:23:15.317] [SEVERE ] updating countdown to 37000
[21:23:16.322] [SEVERE ] updating countdown to 36000
[21:23:17.330] [SEVERE ] updating countdown to 35000
[21:23:18.335] [SEVERE ] updating countdown to 34000
[21:23:19.341] [SEVERE ] updating countdown to 33000
[21:23:20.358] [SEVERE ] updating countdown to 32000
[21:23:21.374] [SEVERE ] updating countdown to 31000
[21:23:22.388] [SEVERE ] updating countdown to 30000
[21:23:23.402] [SEVERE ] updating countdown to 29000
[21:23:24.405] [SEVERE ] updating countdown to 28000
[21:23:25.407] [SEVERE ] updating countdown to 27000
