[21:45:32.425] [INFO   ] thread main starting.
[21:45:32.431] [SEVERE ] cannot read configuration file config.properties trying from resources.
[21:45:32.434] [SEVERE ] configuration file was loaded from resources directory.
[21:45:33.274] [INFO   ] thread dealer starting.
[21:45:33.275] [INFO   ] thread dealer starting.
[21:45:33.276] [SEVERE ] updating countdown to 15000
[21:45:33.307] [SEVERE ] placing card 5 in slot 0
[21:45:33.352] [SEVERE ] placing card 67 in slot 11
[21:45:33.383] [SEVERE ] placing card 77 in slot 7
[21:45:33.415] [SEVERE ] placing card 46 in slot 10
[21:45:33.431] [SEVERE ] placing card 79 in slot 2
[21:45:33.447] [SEVERE ] placing card 44 in slot 1
[21:45:33.463] [SEVERE ] placing card 72 in slot 4
[21:45:33.478] [SEVERE ] placing card 22 in slot 5
[21:45:33.495] [SEVERE ] placing card 29 in slot 3
[21:45:33.510] [SEVERE ] placing card 64 in slot 6
[21:45:33.526] [SEVERE ] placing card 45 in slot 9
[21:45:33.541] [SEVERE ] placing card 17 in slot 8
[21:45:33.542] [SEVERE ] updating countdown to 15000
[21:45:33.543] [INFO   ] thread 0 starting.
[21:45:33.543] [INFO   ] thread 1 starting.
[21:45:33.553] [SEVERE ] updating countdown to 15000
[21:45:34.130] [SEVERE ] key 73 was pressed by player 2
[21:45:34.459] [SEVERE ] key 85 was pressed by player 2
[21:45:34.561] [SEVERE ] updating countdown to 14000
[21:45:35.569] [SEVERE ] updating countdown to 13000
[21:45:35.667] [SEVERE ] exit button pressed
[21:45:35.668] [INFO   ] thread 1 terminated.
[21:45:35.669] [INFO   ] thread 0 terminated.
[21:45:36.578] [SEVERE ] updating countdown to 12000
[21:45:37.587] [SEVERE ] updating countdown to 11000
[21:45:38.594] [SEVERE ] updating countdown to 10000
[21:45:39.603] [SEVERE ] updating countdown to 9000
[21:45:40.609] [SEVERE ] updating countdown to 8000
[21:45:41.611] [SEVERE ] updating countdown to 7000
[21:45:42.617] [SEVERE ] updating countdown to 6000
[21:45:43.626] [SEVERE ] updating countdown to 5000
[21:45:44.640] [SEVERE ] updating countdown to 4000
[21:45:45.647] [SEVERE ] updating countdown to 3000
[21:45:46.652] [SEVERE ] updating countdown to 2000
[21:45:47.666] [SEVERE ] updating countdown to 1000
[21:45:48.576] [SEVERE ] removing tokens from slot 0
[21:45:48.576] [SEVERE ] removing card from slot 0
[21:45:48.592] [SEVERE ] removing tokens from slot 8
[21:45:48.593] [SEVERE ] removing card from slot 8
[21:45:48.608] [SEVERE ] removing tokens from slot 1
[21:45:48.608] [SEVERE ] removing card from slot 1
[21:45:48.624] [SEVERE ] removing tokens from slot 11
[21:45:48.624] [SEVERE ] removing card from slot 11
[21:45:48.640] [SEVERE ] removing tokens from slot 3
[21:45:48.641] [SEVERE ] removing card from slot 3
[21:45:48.656] [SEVERE ] removing tokens from slot 10
[21:45:48.656] [SEVERE ] removing card from slot 10
[21:45:48.671] [SEVERE ] removing tokens from slot 2
[21:45:48.672] [SEVERE ] removing card from slot 2
[21:45:48.671] [SEVERE ] updating countdown to 0
[21:45:48.687] [SEVERE ] removing tokens from slot 7
[21:45:48.687] [SEVERE ] removing card from slot 7
[21:45:48.702] [SEVERE ] removing tokens from slot 5
[21:45:48.702] [SEVERE ] removing card from slot 5
[21:45:48.718] [SEVERE ] removing tokens from slot 9
[21:45:48.719] [SEVERE ] removing card from slot 9
[21:45:48.734] [SEVERE ] removing tokens from slot 4
[21:45:48.734] [SEVERE ] removing card from slot 4
[21:45:48.750] [SEVERE ] removing tokens from slot 6
[21:45:48.750] [SEVERE ] removing card from slot 6
[21:45:48.753] [SEVERE ] announcing winner(s): player 1, player 2
[21:45:48.757] [INFO   ] thread dealer terminated.
[21:45:48.757] [INFO   ] thread dealer terminated.
[21:45:48.758] [SEVERE ] thanks for playing... it was fun!
[21:45:48.759] [INFO   ] thread main terminated.
