[21:27:13.244] [INFO   ] thread main starting.
[21:27:13.253] [SEVERE ] cannot read configuration file config.properties trying from resources.
[21:27:13.256] [SEVERE ] configuration file was loaded from resources directory.
[21:27:13.924] [INFO   ] thread dealer starting.
[21:27:13.924] [INFO   ] thread dealer starting.
[21:27:13.926] [SEVERE ] updating countdown to 60000
[21:27:14.041] [SEVERE ] placing card 79 in slot 5
[21:27:14.151] [SEVERE ] placing card 72 in slot 6
[21:27:14.260] [SEVERE ] placing card 65 in slot 3
[21:27:14.369] [SEVERE ] placing card 58 in slot 10
[21:27:14.476] [SEVERE ] placing card 6 in slot 2
[21:27:14.603] [SEVERE ] placing card 39 in slot 4
[21:27:14.714] [SEVERE ] placing card 57 in slot 9
[21:27:14.825] [SEVERE ] placing card 49 in slot 7
[21:27:14.933] [SEVERE ] placing card 55 in slot 8
[21:27:15.042] [SEVERE ] placing card 9 in slot 11
[21:27:15.153] [SEVERE ] placing card 40 in slot 0
[21:27:15.265] [SEVERE ] placing card 21 in slot 1
[21:27:15.266] [SEVERE ] updating countdown to 60000
[21:27:15.267] [INFO   ] thread 0 starting.
[21:27:15.267] [INFO   ] thread 1 starting.
[21:27:15.268] [SEVERE ] updating countdown to 60000
[21:27:15.700] [SEVERE ] key 73 was pressed by player 2
[21:27:15.702] [SEVERE ] player 2 placing token on slot 1
[21:27:16.039] [SEVERE ] key 73 was pressed by player 2
[21:27:16.040] [SEVERE ] removing player 2 token from slot 1
[21:27:16.272] [SEVERE ] updating countdown to 59000
[21:27:16.362] [SEVERE ] key 73 was pressed by player 2
[21:27:16.363] [SEVERE ] player 2 placing token on slot 1
[21:27:17.283] [SEVERE ] updating countdown to 58000
[21:27:17.326] [SEVERE ] key 75 was pressed by player 2
[21:27:17.326] [SEVERE ] player 2 placing token on slot 5
[21:27:17.611] [SEVERE ] key 70 was pressed by player 1
[21:27:17.611] [SEVERE ] player 1 placing token on slot 7
[21:27:18.290] [SEVERE ] updating countdown to 57000
[21:27:18.676] [SEVERE ] key 74 was pressed by player 2
[21:27:18.676] [SEVERE ] player 2 placing token on slot 4
[21:27:18.677] [SEVERE ] setting player 2 freeze to 3000
[21:27:19.145] [SEVERE ] key 74 was pressed by player 2
[21:27:19.304] [SEVERE ] updating countdown to 56000
[21:27:19.683] [SEVERE ] setting player 2 freeze to 2000
[21:27:20.311] [SEVERE ] updating countdown to 55000
[21:27:20.641] [SEVERE ] key 82 was pressed by player 1
[21:27:20.641] [SEVERE ] player 1 placing token on slot 3
[21:27:20.687] [SEVERE ] setting player 2 freeze to 1000
[21:27:21.319] [SEVERE ] updating countdown to 54000
[21:27:21.326] [SEVERE ] key 69 was pressed by player 1
[21:27:21.326] [SEVERE ] player 1 placing token on slot 2
[21:27:21.428] [SEVERE ] removing tokens from slot 2
[21:27:21.428] [SEVERE ] removing card from slot 2
[21:27:21.536] [SEVERE ] removing tokens from slot 3
[21:27:21.536] [SEVERE ] removing card from slot 3
[21:27:21.647] [SEVERE ] removing tokens from slot 7
[21:27:21.647] [SEVERE ] removing card from slot 7
[21:27:21.648] [SEVERE ] updating countdown to 60000
[21:27:21.648] [SEVERE ] setting player 1 score to 1
[21:27:21.648] [SEVERE ] setting player 1 freeze to 1000
[21:27:21.679] [SEVERE ] key 87 was pressed by player 1
[21:27:21.694] [SEVERE ] setting player 2 freeze to 0
[21:27:21.757] [SEVERE ] placing card 26 in slot 3
[21:27:21.868] [SEVERE ] placing card 69 in slot 2
[21:27:21.978] [SEVERE ] placing card 37 in slot 7
[21:27:22.324] [SEVERE ] updating countdown to 59000
[21:27:22.656] [SEVERE ] setting player 1 freeze to 0
[21:27:23.336] [SEVERE ] updating countdown to 58000
[21:27:23.937] [SEVERE ] key 87 was pressed by player 1
[21:27:23.938] [SEVERE ] player 1 placing token on slot 1
[21:27:24.344] [SEVERE ] updating countdown to 57000
[21:27:24.624] [SEVERE ] key 69 was pressed by player 1
[21:27:24.625] [SEVERE ] player 1 placing token on slot 2
[21:27:24.928] [SEVERE ] key 82 was pressed by player 1
[21:27:24.928] [SEVERE ] player 1 placing token on slot 3
[21:27:24.929] [SEVERE ] setting player 1 freeze to 3000
[21:27:25.353] [SEVERE ] updating countdown to 56000
[21:27:25.938] [SEVERE ] setting player 1 freeze to 2000
[21:27:26.148] [SEVERE ] key 75 was pressed by player 2
[21:27:26.148] [SEVERE ] removing player 2 token from slot 5
[21:27:26.362] [SEVERE ] updating countdown to 55000
[21:27:26.472] [SEVERE ] key 77 was pressed by player 2
[21:27:26.473] [SEVERE ] player 2 placing token on slot 8
[21:27:26.473] [SEVERE ] setting player 2 freeze to 3000
[21:27:26.943] [SEVERE ] setting player 1 freeze to 1000
[21:27:27.367] [SEVERE ] updating countdown to 54000
[21:27:27.478] [SEVERE ] setting player 2 freeze to 2000
[21:27:27.950] [SEVERE ] setting player 1 freeze to 0
[21:27:28.332] [SEVERE ] key 68 was pressed by player 1
[21:27:28.376] [SEVERE ] updating countdown to 53000
[21:27:28.485] [SEVERE ] setting player 2 freeze to 1000
[21:27:29.379] [SEVERE ] updating countdown to 52000
[21:27:29.489] [SEVERE ] setting player 2 freeze to 0
[21:27:29.740] [SEVERE ] exit button pressed
[21:27:29.740] [INFO   ] thread 0 terminated.
[21:27:29.740] [INFO   ] thread 1 terminated.
[21:27:30.381] [SEVERE ] updating countdown to 51000
[21:27:31.388] [SEVERE ] updating countdown to 50000
[21:27:32.438] [SEVERE ] updating countdown to 49000
[21:27:33.445] [SEVERE ] updating countdown to 48000
[21:27:34.452] [SEVERE ] updating countdown to 47000
[21:27:35.486] [SEVERE ] updating countdown to 46000
[21:27:36.502] [SEVERE ] updating countdown to 45000
[21:27:37.514] [SEVERE ] updating countdown to 44000
[21:27:38.519] [SEVERE ] updating countdown to 43000
[21:27:39.535] [SEVERE ] updating countdown to 42000
[21:27:40.542] [SEVERE ] updating countdown to 41000
[21:27:41.557] [SEVERE ] updating countdown to 40000
