[21:30:39.678] [INFO   ] thread main starting.
[21:30:39.687] [SEVERE ] cannot read configuration file config.properties trying from resources.
[21:30:39.689] [SEVERE ] configuration file was loaded from resources directory.
[21:30:40.357] [INFO   ] thread dealer starting.
[21:30:40.358] [INFO   ] thread dealer starting.
[21:30:40.358] [SEVERE ] updating countdown to 15000
[21:30:40.392] [SEVERE ] placing card 79 in slot 5
[21:30:40.423] [SEVERE ] placing card 31 in slot 9
[21:30:40.454] [SEVERE ] placing card 64 in slot 2
[21:30:40.470] [SEVERE ] placing card 15 in slot 1
[21:30:40.486] [SEVERE ] placing card 50 in slot 7
[21:30:40.501] [SEVERE ] placing card 75 in slot 8
[21:30:40.517] [SEVERE ] placing card 71 in slot 10
[21:30:40.533] [SEVERE ] placing card 6 in slot 11
[21:30:40.549] [SEVERE ] placing card 51 in slot 3
[21:30:40.565] [SEVERE ] placing card 34 in slot 6
[21:30:40.580] [SEVERE ] placing card 69 in slot 4
[21:30:40.596] [SEVERE ] placing card 21 in slot 0
[21:30:40.597] [SEVERE ] updating countdown to 15000
[21:30:40.598] [INFO   ] thread 0 starting.
[21:30:40.598] [INFO   ] thread 1 starting.
[21:30:40.598] [INFO   ] thread 2 starting.
[21:30:40.598] [INFO   ] thread 3 starting.
[21:30:40.599] [INFO   ] Thread computer-0 starting.
[21:30:40.600] [INFO   ] Thread computer-2 starting.
[21:30:40.600] [INFO   ] Thread computer-1 starting.
[21:30:40.600] [INFO   ] Thread computer-3 starting.
[21:30:40.607] [SEVERE ] updating countdown to 15000
[21:30:40.608] [SEVERE ] player 3 placing token on slot 11
[21:30:40.608] [SEVERE ] player 3 placing token on slot 1
[21:30:40.608] [SEVERE ] player 3 placing token on slot 0
[21:30:40.609] [SEVERE ] player 2 placing token on slot 4
[21:30:40.609] [SEVERE ] player 2 placing token on slot 7
[21:30:40.609] [SEVERE ] player 2 placing token on slot 10
[21:30:40.610] [SEVERE ] player 4 placing token on slot 1
[21:30:40.610] [SEVERE ] player 4 placing token on slot 4
[21:30:40.610] [SEVERE ] player 4 placing token on slot 10
[21:30:40.610] [SEVERE ] player 1 placing token on slot 7
[21:30:40.611] [SEVERE ] player 1 placing token on slot 2
[21:30:40.611] [SEVERE ] removing player 4 token from slot 4
[21:30:40.611] [SEVERE ] player 4 placing token on slot 8
[21:30:40.612] [SEVERE ] removing player 3 token from slot 11
[21:30:40.612] [SEVERE ] player 3 placing token on slot 4
[21:30:40.612] [SEVERE ] removing player 2 token from slot 4
[21:30:40.612] [SEVERE ] player 2 placing token on slot 0
[21:30:40.613] [SEVERE ] player 1 placing token on slot 4
[21:30:40.613] [SEVERE ] removing player 2 token from slot 7
[21:30:40.613] [SEVERE ] removing player 3 token from slot 4
[21:30:40.613] [SEVERE ] player 3 placing token on slot 10
[21:30:40.614] [SEVERE ] player 2 placing token on slot 11
[21:30:40.614] [SEVERE ] removing player 2 token from slot 10
[21:30:40.614] [SEVERE ] player 2 placing token on slot 3
[21:30:40.615] [SEVERE ] removing player 1 token from slot 2
[21:30:40.615] [SEVERE ] removing player 1 token from slot 7
[21:30:40.615] [SEVERE ] removing player 3 token from slot 0
[21:30:40.615] [SEVERE ] player 3 placing token on slot 2
[21:30:40.615] [SEVERE ] removing player 4 token from slot 1
[21:30:40.616] [SEVERE ] player 1 placing token on slot 9
[21:30:40.616] [SEVERE ] player 4 placing token on slot 11
[21:30:40.616] [SEVERE ] removing player 3 token from slot 1
[21:30:40.617] [SEVERE ] player 3 placing token on slot 3
[21:30:40.617] [SEVERE ] player 1 placing token on slot 2
[21:30:40.617] [SEVERE ] removing player 2 token from slot 0
[21:30:40.617] [SEVERE ] player 2 placing token on slot 1
[21:30:40.617] [SEVERE ] removing player 2 token from slot 11
[21:30:40.618] [SEVERE ] player 2 placing token on slot 4
[21:30:40.618] [SEVERE ] removing player 4 token from slot 10
[21:30:40.618] [SEVERE ] removing player 2 token from slot 4
[21:30:40.619] [SEVERE ] player 2 placing token on slot 0
[21:30:40.619] [SEVERE ] removing player 2 token from slot 1
[21:30:40.619] [SEVERE ] player 2 placing token on slot 5
[21:30:40.620] [SEVERE ] removing player 1 token from slot 2
[21:30:40.620] [SEVERE ] removing player 1 token from slot 9
[21:30:40.620] [SEVERE ] player 1 placing token on slot 10
[21:30:40.621] [SEVERE ] player 4 placing token on slot 2
[21:30:40.621] [SEVERE ] player 1 placing token on slot 2
[21:30:40.621] [SEVERE ] removing player 1 token from slot 4
[21:30:40.622] [SEVERE ] player 1 placing token on slot 0
[21:30:40.622] [SEVERE ] removing player 4 token from slot 11
[21:30:40.622] [SEVERE ] player 4 placing token on slot 5
[21:30:40.623] [SEVERE ] removing player 4 token from slot 5
[21:30:40.623] [SEVERE ] player 4 placing token on slot 3
[21:30:40.623] [SEVERE ] removing player 4 token from slot 2
[21:30:40.623] [SEVERE ] player 4 placing token on slot 7
[21:30:40.624] [SEVERE ] removing player 4 token from slot 3
[21:30:40.624] [SEVERE ] player 4 placing token on slot 2
[21:30:40.624] [SEVERE ] removing player 4 token from slot 2
[21:30:40.624] [SEVERE ] player 4 placing token on slot 10
[21:30:40.625] [SEVERE ] removing player 1 token from slot 10
[21:30:40.625] [SEVERE ] player 1 placing token on slot 9
[21:30:40.625] [SEVERE ] removing player 4 token from slot 8
[21:30:40.626] [SEVERE ] removing player 1 token from slot 0
[21:30:40.626] [SEVERE ] player 1 placing token on slot 5
[21:30:40.626] [SEVERE ] player 4 placing token on slot 11
[21:30:40.627] [SEVERE ] removing player 3 token from slot 3
[21:30:40.627] [SEVERE ] removing player 3 token from slot 2
[21:30:40.627] [SEVERE ] player 3 placing token on slot 8
[21:30:40.627] [SEVERE ] player 3 placing token on slot 3
[21:30:40.627] [SEVERE ] removing player 3 token from slot 3
[21:30:40.628] [SEVERE ] player 3 placing token on slot 1
[21:30:40.628] [SEVERE ] removing player 3 token from slot 10
[21:30:40.628] [SEVERE ] player 3 placing token on slot 6
[21:30:40.628] [SEVERE ] removing player 3 token from slot 1
[21:30:40.628] [SEVERE ] player 3 placing token on slot 7
[21:30:40.628] [SEVERE ] removing player 3 token from slot 8
[21:30:40.628] [SEVERE ] player 3 placing token on slot 2
[21:30:40.628] [SEVERE ] removing player 3 token from slot 7
[21:30:40.628] [SEVERE ] player 3 placing token on slot 11
[21:30:40.631] [SEVERE ] removing player 1 token from slot 5
[21:30:40.631] [SEVERE ] player 1 placing token on slot 8
[21:30:40.631] [SEVERE ] removing player 2 token from slot 0
[21:30:40.631] [SEVERE ] player 2 placing token on slot 10
[21:30:40.632] [SEVERE ] removing player 4 token from slot 10
[21:30:40.632] [SEVERE ] player 4 placing token on slot 0
[21:30:40.632] [SEVERE ] removing player 4 token from slot 7
[21:30:40.632] [SEVERE ] player 4 placing token on slot 3
[21:30:40.633] [SEVERE ] removing player 2 token from slot 3
[21:30:40.633] [SEVERE ] player 2 placing token on slot 1
[21:30:40.633] [SEVERE ] removing player 4 token from slot 0
[21:30:40.633] [SEVERE ] player 4 placing token on slot 6
[21:30:40.634] [SEVERE ] removing player 4 token from slot 3
[21:30:40.634] [SEVERE ] removing player 1 token from slot 2
[21:30:40.634] [SEVERE ] player 1 placing token on slot 10
[21:30:40.634] [SEVERE ] removing player 1 token from slot 9
[21:30:40.634] [SEVERE ] player 1 placing token on slot 2
[21:30:40.635] [SEVERE ] removing player 1 token from slot 8
[21:30:40.635] [SEVERE ] player 1 placing token on slot 5
[21:30:40.635] [SEVERE ] player 4 placing token on slot 8
[21:30:40.636] [SEVERE ] removing player 4 token from slot 11
[21:30:40.636] [SEVERE ] player 4 placing token on slot 9
[21:30:40.636] [SEVERE ] removing player 4 token from slot 9
[21:30:40.637] [SEVERE ] removing player 1 token from slot 2
[21:30:40.637] [SEVERE ] removing player 3 token from slot 6
[21:30:40.637] [SEVERE ] player 1 placing token on slot 0
[21:30:40.637] [SEVERE ] player 4 placing token on slot 7
[21:30:40.638] [SEVERE ] removing player 2 token from slot 10
[21:30:40.638] [SEVERE ] player 2 placing token on slot 7
[21:30:40.638] [SEVERE ] removing player 4 token from slot 7
[21:30:40.638] [SEVERE ] player 4 placing token on slot 11
[21:30:40.641] [SEVERE ] player 3 placing token on slot 3
[21:30:40.641] [SEVERE ] removing player 3 token from slot 3
[21:30:40.642] [SEVERE ] removing player 3 token from slot 11
[21:30:40.643] [SEVERE ] removing player 4 token from slot 11
[21:30:40.643] [SEVERE ] player 4 placing token on slot 9
[21:30:40.643] [SEVERE ] player 3 placing token on slot 0
[21:30:40.643] [SEVERE ] player 3 placing token on slot 3
[21:30:40.643] [SEVERE ] removing player 3 token from slot 3
[21:30:40.644] [SEVERE ] removing player 1 token from slot 5
[21:30:40.644] [SEVERE ] player 1 placing token on slot 4
[21:30:40.644] [SEVERE ] player 3 placing token on slot 4
[21:30:40.644] [SEVERE ] removing player 4 token from slot 6
[21:30:40.645] [SEVERE ] removing player 2 token from slot 1
[21:30:40.645] [SEVERE ] player 2 placing token on slot 6
[21:30:40.645] [SEVERE ] player 4 placing token on slot 11
[21:30:40.645] [SEVERE ] removing player 3 token from slot 4
[21:30:40.646] [SEVERE ] player 3 placing token on slot 1
[21:30:40.646] [SEVERE ] removing player 1 token from slot 0
[21:30:40.646] [SEVERE ] removing player 1 token from slot 10
[21:30:40.646] [SEVERE ] player 1 placing token on slot 9
[21:30:40.646] [SEVERE ] player 1 placing token on slot 0
[21:30:40.647] [SEVERE ] removing player 1 token from slot 9
[21:30:40.647] [SEVERE ] player 1 placing token on slot 3
[21:30:40.647] [SEVERE ] removing player 3 token from slot 1
[21:30:40.647] [SEVERE ] player 3 placing token on slot 10
[21:30:40.647] [SEVERE ] removing player 2 token from slot 5
[21:30:40.648] [SEVERE ] player 2 placing token on slot 4
[21:30:40.648] [SEVERE ] removing player 2 token from slot 4
[21:30:40.648] [SEVERE ] player 2 placing token on slot 11
[21:30:40.648] [SEVERE ] removing player 2 token from slot 7
[21:30:40.648] [SEVERE ] player 2 placing token on slot 3
[21:30:40.649] [SEVERE ] removing player 2 token from slot 11
[21:30:40.649] [SEVERE ] removing player 2 token from slot 6
[21:30:40.649] [SEVERE ] player 2 placing token on slot 10
[21:30:40.649] [SEVERE ] removing player 4 token from slot 8
[21:30:40.649] [SEVERE ] player 4 placing token on slot 0
[21:30:40.650] [SEVERE ] player 2 placing token on slot 2
[21:30:40.650] [SEVERE ] removing player 1 token from slot 3
[21:30:40.650] [SEVERE ] player 1 placing token on slot 2
[21:30:40.650] [SEVERE ] removing player 2 token from slot 10
[21:30:40.651] [SEVERE ] removing player 2 token from slot 3
[21:30:40.651] [SEVERE ] player 2 placing token on slot 7
[21:30:40.651] [SEVERE ] player 2 placing token on slot 10
[21:30:40.651] [SEVERE ] removing player 2 token from slot 7
[21:30:40.651] [SEVERE ] player 2 placing token on slot 1
[21:30:40.652] [SEVERE ] removing player 1 token from slot 2
[21:30:40.652] [SEVERE ] player 1 placing token on slot 9
[21:30:40.652] [SEVERE ] removing player 4 token from slot 0
[21:30:40.653] [SEVERE ] player 4 placing token on slot 1
[21:30:40.653] [SEVERE ] removing player 4 token from slot 11
[21:30:40.653] [SEVERE ] removing player 2 token from slot 10
[21:30:40.654] [SEVERE ] player 2 placing token on slot 5
[21:30:40.654] [SEVERE ] removing player 1 token from slot 9
[21:30:40.654] [SEVERE ] player 1 placing token on slot 2
[21:30:40.654] [SEVERE ] removing player 4 token from slot 1
[21:30:40.655] [SEVERE ] player 4 placing token on slot 3
[21:30:40.655] [SEVERE ] player 4 placing token on slot 11
[21:30:40.655] [SEVERE ] removing player 1 token from slot 2
[21:30:40.655] [SEVERE ] removing player 1 token from slot 0
[21:30:40.655] [SEVERE ] player 1 placing token on slot 8
[21:30:40.655] [SEVERE ] player 1 placing token on slot 1
[21:30:40.656] [SEVERE ] removing player 2 token from slot 5
[21:30:40.656] [SEVERE ] player 2 placing token on slot 11
[21:30:40.656] [SEVERE ] removing player 4 token from slot 11
[21:30:40.656] [SEVERE ] player 4 placing token on slot 5
[21:30:40.657] [SEVERE ] removing player 1 token from slot 4
[21:30:40.657] [SEVERE ] player 1 placing token on slot 3
[21:30:40.657] [SEVERE ] removing player 1 token from slot 1
[21:30:40.657] [SEVERE ] player 1 placing token on slot 4
[21:30:40.657] [SEVERE ] removing player 1 token from slot 3
[21:30:40.657] [SEVERE ] player 1 placing token on slot 6
[21:30:40.658] [SEVERE ] removing player 3 token from slot 0
[21:30:40.658] [SEVERE ] removing player 4 token from slot 5
[21:30:40.658] [SEVERE ] removing player 2 token from slot 1
[21:30:40.658] [SEVERE ] player 2 placing token on slot 4
[21:30:40.659] [SEVERE ] removing player 2 token from slot 4
[21:30:40.659] [SEVERE ] player 2 placing token on slot 9
[21:30:40.659] [SEVERE ] player 4 placing token on slot 6
[21:30:40.659] [SEVERE ] removing player 4 token from slot 9
[21:30:40.659] [SEVERE ] player 4 placing token on slot 0
[21:30:40.660] [SEVERE ] removing player 4 token from slot 3
[21:30:40.660] [SEVERE ] player 4 placing token on slot 7
[21:30:40.660] [SEVERE ] player 3 placing token on slot 4
[21:30:40.660] [SEVERE ] removing player 4 token from slot 7
[21:30:40.661] [SEVERE ] player 4 placing token on slot 5
[21:30:40.661] [SEVERE ] removing player 1 token from slot 4
[21:30:40.661] [SEVERE ] player 1 placing token on slot 9
[21:30:40.661] [SEVERE ] removing player 1 token from slot 6
[21:30:40.661] [SEVERE ] player 1 placing token on slot 10
[21:30:40.662] [SEVERE ] removing player 1 token from slot 8
[21:30:40.662] [SEVERE ] player 1 placing token on slot 7
[21:30:40.662] [SEVERE ] removing player 4 token from slot 0
[21:30:40.662] [SEVERE ] player 4 placing token on slot 10
[21:30:40.663] [SEVERE ] removing player 4 token from slot 5
[21:30:40.663] [SEVERE ] player 4 placing token on slot 11
[21:30:40.663] [SEVERE ] removing player 1 token from slot 10
[21:30:40.664] [SEVERE ] player 1 placing token on slot 11
[21:30:40.664] [SEVERE ] removing player 1 token from slot 11
[21:30:40.664] [SEVERE ] player 1 placing token on slot 2
[21:30:40.665] [SEVERE ] removing player 1 token from slot 7
[21:30:40.665] [SEVERE ] player 1 placing token on slot 8
[21:30:40.665] [SEVERE ] removing player 4 token from slot 6
[21:30:40.665] [SEVERE ] player 4 placing token on slot 9
[21:30:40.665] [SEVERE ] removing player 1 token from slot 8
[21:30:40.665] [SEVERE ] player 1 placing token on slot 5
[21:30:40.666] [SEVERE ] removing player 1 token from slot 5
[21:30:40.666] [SEVERE ] player 1 placing token on slot 8
[21:30:40.666] [SEVERE ] removing player 3 token from slot 10
[21:30:40.666] [SEVERE ] player 3 placing token on slot 1
[21:30:40.666] [SEVERE ] removing player 3 token from slot 2
[21:30:40.666] [SEVERE ] player 3 placing token on slot 3
[21:30:40.668] [SEVERE ] removing player 1 token from slot 2
[21:30:40.668] [SEVERE ] removing player 2 token from slot 11
[21:30:40.668] [SEVERE ] player 2 placing token on slot 5
[21:30:40.668] [SEVERE ] removing player 2 token from slot 2
[21:30:40.668] [SEVERE ] player 2 placing token on slot 8
[21:30:40.669] [SEVERE ] player 1 placing token on slot 0
[21:30:40.669] [SEVERE ] removing player 1 token from slot 8
[21:30:40.669] [SEVERE ] player 1 placing token on slot 4
[21:30:40.669] [SEVERE ] removing player 4 token from slot 9
[21:30:40.670] [SEVERE ] removing player 2 token from slot 9
[21:30:40.670] [SEVERE ] player 2 placing token on slot 7
[21:30:40.670] [SEVERE ] removing player 3 token from slot 3
[21:30:40.670] [SEVERE ] removing player 3 token from slot 1
[21:30:40.670] [SEVERE ] removing player 1 token from slot 4
[21:30:40.670] [SEVERE ] player 1 placing token on slot 10
[21:30:40.670] [SEVERE ] player 4 placing token on slot 8
[21:30:40.671] [SEVERE ] removing player 1 token from slot 0
[21:30:40.671] [SEVERE ] player 1 placing token on slot 2
[21:30:40.671] [SEVERE ] player 3 placing token on slot 7
[21:30:40.671] [SEVERE ] removing player 2 token from slot 7
[21:30:40.671] [SEVERE ] player 2 placing token on slot 11
[21:30:40.671] [SEVERE ] player 3 placing token on slot 3
[21:30:40.671] [SEVERE ] removing player 3 token from slot 3
[21:30:40.672] [SEVERE ] player 3 placing token on slot 8
[21:30:40.672] [SEVERE ] removing player 1 token from slot 10
[21:30:40.672] [SEVERE ] removing player 1 token from slot 9
[21:30:40.672] [SEVERE ] player 1 placing token on slot 6
[21:30:40.672] [SEVERE ] player 1 placing token on slot 10
[21:30:40.673] [SEVERE ] removing player 2 token from slot 5
[21:30:40.673] [SEVERE ] removing player 1 token from slot 2
[21:30:40.673] [SEVERE ] player 1 placing token on slot 0
[21:30:40.673] [SEVERE ] player 2 placing token on slot 0
[21:30:40.673] [SEVERE ] removing player 3 token from slot 8
[21:30:40.673] [SEVERE ] player 3 placing token on slot 5
[21:30:40.674] [SEVERE ] removing player 3 token from slot 4
[21:30:40.674] [SEVERE ] player 3 placing token on slot 6
[21:30:40.674] [SEVERE ] removing player 1 token from slot 10
[21:30:40.674] [SEVERE ] player 1 placing token on slot 4
[21:30:40.675] [SEVERE ] removing player 1 token from slot 4
[21:30:40.675] [SEVERE ] player 1 placing token on slot 1
[21:30:40.675] [SEVERE ] removing player 2 token from slot 0
[21:30:40.675] [SEVERE ] player 2 placing token on slot 1
[21:30:40.675] [SEVERE ] removing player 1 token from slot 1
[21:30:40.675] [SEVERE ] player 1 placing token on slot 2
[21:30:40.675] [SEVERE ] removing player 1 token from slot 0
[21:30:40.675] [SEVERE ] removing player 1 token from slot 6
[21:30:40.675] [SEVERE ] player 1 placing token on slot 1
[21:30:40.676] [SEVERE ] player 1 placing token on slot 11
[21:30:40.676] [SEVERE ] removing player 1 token from slot 1
[21:30:40.676] [SEVERE ] player 1 placing token on slot 3
[21:30:40.676] [SEVERE ] removing player 2 token from slot 11
[21:30:40.676] [SEVERE ] player 2 placing token on slot 6
[21:30:40.676] [SEVERE ] removing player 4 token from slot 11
[21:30:40.677] [SEVERE ] removing player 2 token from slot 6
[21:30:40.677] [SEVERE ] removing player 1 token from slot 11
[21:30:40.677] [SEVERE ] player 1 placing token on slot 5
[21:30:40.677] [SEVERE ] removing player 3 token from slot 6
[21:30:40.677] [SEVERE ] player 3 placing token on slot 4
[21:30:40.677] [SEVERE ] player 2 placing token on slot 6
[21:30:40.677] [SEVERE ] player 4 placing token on slot 0
[21:30:40.678] [SEVERE ] removing player 1 token from slot 3
[21:30:40.678] [SEVERE ] removing player 1 token from slot 5
[21:30:40.678] [SEVERE ] player 1 placing token on slot 9
[21:30:40.678] [SEVERE ] player 1 placing token on slot 3
[21:30:40.678] [SEVERE ] removing player 3 token from slot 7
[21:30:40.678] [SEVERE ] removing player 3 token from slot 5
[21:30:40.678] [SEVERE ] player 3 placing token on slot 1
[21:30:40.679] [SEVERE ] removing player 4 token from slot 0
[21:30:40.679] [SEVERE ] player 4 placing token on slot 0
[21:30:40.679] [SEVERE ] player 3 placing token on slot 7
[21:30:40.679] [SEVERE ] removing player 1 token from slot 2
[21:30:40.679] [SEVERE ] player 1 placing token on slot 8
[21:30:40.679] [SEVERE ] removing player 1 token from slot 8
[21:30:40.680] [SEVERE ] player 1 placing token on slot 5
[21:30:40.680] [SEVERE ] removing player 1 token from slot 5
[21:30:40.680] [SEVERE ] removing player 4 token from slot 10
[21:30:40.681] [SEVERE ] player 4 placing token on slot 6
[21:30:40.681] [SEVERE ] removing player 3 token from slot 1
[21:30:40.681] [SEVERE ] removing player 4 token from slot 0
[21:30:40.682] [SEVERE ] player 4 placing token on slot 9
[21:30:40.682] [SEVERE ] player 1 placing token on slot 4
[21:30:40.682] [SEVERE ] removing player 4 token from slot 9
[21:30:40.682] [SEVERE ] player 4 placing token on slot 4
[21:30:40.683] [SEVERE ] player 3 placing token on slot 2
[21:30:40.683] [SEVERE ] removing player 4 token from slot 4
[21:30:40.683] [SEVERE ] player 4 placing token on slot 1
[21:30:40.683] [SEVERE ] removing player 3 token from slot 2
[21:30:40.684] [SEVERE ] player 3 placing token on slot 6
[21:30:40.684] [SEVERE ] removing player 3 token from slot 6
[21:30:40.684] [SEVERE ] player 3 placing token on slot 1
[21:30:40.684] [SEVERE ] removing player 1 token from slot 3
[21:30:40.684] [SEVERE ] player 1 placing token on slot 7
[21:30:40.684] [SEVERE ] removing player 4 token from slot 8
[21:30:40.685] [SEVERE ] player 4 placing token on slot 10
[21:30:40.685] [SEVERE ] removing player 3 token from slot 4
[21:30:40.685] [SEVERE ] player 3 placing token on slot 10
[21:30:40.685] [SEVERE ] removing player 2 token from slot 8
[21:30:40.685] [SEVERE ] removing player 1 token from slot 9
[21:30:40.685] [SEVERE ] player 1 placing token on slot 10
[21:30:40.685] [SEVERE ] removing player 1 token from slot 7
[21:30:40.686] [SEVERE ] player 1 placing token on slot 8
[21:30:40.686] [SEVERE ] player 2 placing token on slot 11
[21:30:40.686] [SEVERE ] removing player 3 token from slot 10
[21:30:40.686] [SEVERE ] player 3 placing token on slot 0
[21:30:40.686] [SEVERE ] removing player 2 token from slot 11
[21:30:40.686] [SEVERE ] player 2 placing token on slot 7
[21:30:40.687] [SEVERE ] removing player 2 token from slot 6
[21:30:40.687] [SEVERE ] player 2 placing token on slot 11
[21:30:40.687] [SEVERE ] removing player 1 token from slot 8
[21:30:40.687] [SEVERE ] player 1 placing token on slot 5
[21:30:40.687] [SEVERE ] removing player 3 token from slot 7
[21:30:40.687] [SEVERE ] player 3 placing token on slot 9
[21:30:40.687] [SEVERE ] removing player 2 token from slot 11
[21:30:40.687] [SEVERE ] player 2 placing token on slot 3
[21:30:40.687] [SEVERE ] removing player 2 token from slot 7
[21:30:40.688] [SEVERE ] player 2 placing token on slot 6
[21:30:40.688] [SEVERE ] removing player 2 token from slot 3
[21:30:40.688] [SEVERE ] player 2 placing token on slot 9
[21:30:40.688] [SEVERE ] removing player 1 token from slot 5
[21:30:40.688] [SEVERE ] removing player 3 token from slot 9
[21:30:40.688] [SEVERE ] player 3 placing token on slot 9
[21:30:40.688] [SEVERE ] player 1 placing token on slot 9
[21:30:40.688] [SEVERE ] removing player 1 token from slot 9
[21:30:40.688] [SEVERE ] player 1 placing token on slot 3
[21:30:40.689] [SEVERE ] removing player 4 token from slot 10
[21:30:40.689] [SEVERE ] removing player 1 token from slot 4
[21:30:40.689] [SEVERE ] player 1 placing token on slot 8
[21:30:40.689] [SEVERE ] removing player 2 token from slot 6
[21:30:40.689] [SEVERE ] removing player 3 token from slot 0
[21:30:40.689] [SEVERE ] player 3 placing token on slot 6
[21:30:40.689] [SEVERE ] player 4 placing token on slot 9
[21:30:40.689] [SEVERE ] removing player 4 token from slot 9
[21:30:40.689] [SEVERE ] player 2 placing token on slot 4
[21:30:40.689] [SEVERE ] removing player 2 token from slot 4
[21:30:40.690] [SEVERE ] player 2 placing token on slot 5
[21:30:40.690] [SEVERE ] removing player 2 token from slot 9
[21:30:40.690] [SEVERE ] player 2 placing token on slot 4
[21:30:40.690] [SEVERE ] player 4 placing token on slot 11
[21:30:40.690] [SEVERE ] removing player 4 token from slot 6
[21:30:40.690] [SEVERE ] removing player 4 token from slot 11
[21:30:40.690] [SEVERE ] player 4 placing token on slot 2
[21:30:40.691] [SEVERE ] player 4 placing token on slot 6
[21:30:40.691] [SEVERE ] removing player 2 token from slot 1
[21:30:40.691] [SEVERE ] player 2 placing token on slot 10
[21:30:40.691] [SEVERE ] removing player 4 token from slot 1
[21:30:40.691] [SEVERE ] removing player 4 token from slot 2
[21:30:40.692] [SEVERE ] player 4 placing token on slot 10
[21:30:40.692] [SEVERE ] player 4 placing token on slot 1
[21:30:40.692] [SEVERE ] removing player 2 token from slot 10
[21:30:40.692] [SEVERE ] player 2 placing token on slot 8
[21:30:40.692] [SEVERE ] removing player 4 token from slot 6
[21:30:40.692] [SEVERE ] player 4 placing token on slot 7
[21:30:40.693] [SEVERE ] removing player 3 token from slot 6
[21:30:40.693] [SEVERE ] player 3 placing token on slot 0
[21:30:40.693] [SEVERE ] removing player 2 token from slot 5
[21:30:40.693] [SEVERE ] removing player 4 token from slot 7
[21:30:40.693] [SEVERE ] player 4 placing token on slot 0
[21:30:40.693] [SEVERE ] removing player 1 token from slot 8
[21:30:40.693] [SEVERE ] player 1 placing token on slot 4
[21:30:40.694] [SEVERE ] removing player 3 token from slot 1
[21:30:40.694] [SEVERE ] player 3 placing token on slot 10
[21:30:40.694] [SEVERE ] player 2 placing token on slot 1
[21:30:40.694] [SEVERE ] removing player 3 token from slot 10
[21:30:40.694] [SEVERE ] player 3 placing token on slot 4
[21:30:40.694] [SEVERE ] removing player 3 token from slot 0
[21:30:40.694] [SEVERE ] removing player 3 token from slot 4
[21:30:40.694] [SEVERE ] player 3 placing token on slot 11
[21:30:40.694] [SEVERE ] player 3 placing token on slot 0
[21:30:40.694] [SEVERE ] removing player 1 token from slot 3
[21:30:40.695] [SEVERE ] player 1 placing token on slot 0
[21:30:40.695] [SEVERE ] removing player 2 token from slot 1
[21:30:40.695] [SEVERE ] player 2 placing token on slot 3
[21:30:40.695] [SEVERE ] removing player 2 token from slot 8
[21:30:40.695] [SEVERE ] player 2 placing token on slot 7
[21:30:40.695] [SEVERE ] removing player 2 token from slot 7
[21:30:40.695] [SEVERE ] player 2 placing token on slot 11
[21:30:40.706] [SEVERE ] removing tokens from slot 3
[21:30:40.706] [SEVERE ] removing card from slot 3
[21:30:40.722] [SEVERE ] removing tokens from slot 4
[21:30:40.722] [SEVERE ] removing card from slot 4
[21:30:40.738] [SEVERE ] removing tokens from slot 11
[21:30:40.738] [SEVERE ] removing card from slot 11
[21:30:40.739] [SEVERE ] player 3 placing token on slot 10
[21:30:40.739] [SEVERE ] setting player 2 score to 1
[21:30:40.754] [SEVERE ] placing card 70 in slot 11
[21:30:40.770] [SEVERE ] placing card 36 in slot 3
[21:30:40.785] [SEVERE ] placing card 55 in slot 4
[21:30:41.608] [SEVERE ] updating countdown to 14000
[21:30:42.395] [SEVERE ] exit button pressed
[21:30:42.617] [SEVERE ] updating countdown to 13000
[21:30:43.624] [SEVERE ] updating countdown to 12000
[21:30:44.695] [SEVERE ] updating countdown to 11000
[21:30:45.710] [SEVERE ] updating countdown to 10000
[21:30:46.718] [SEVERE ] updating countdown to 9000
[21:30:47.729] [SEVERE ] updating countdown to 8000
[21:30:48.735] [SEVERE ] updating countdown to 7000
[21:30:49.745] [SEVERE ] updating countdown to 6000
[21:30:50.751] [SEVERE ] updating countdown to 5000
[21:30:51.755] [SEVERE ] updating countdown to 4000
[21:30:52.763] [SEVERE ] updating countdown to 3000
[21:30:53.774] [SEVERE ] updating countdown to 2000
[21:30:54.783] [SEVERE ] updating countdown to 1000
[21:30:55.789] [SEVERE ] updating countdown to 0
[21:30:55.789] [SEVERE ] player 2 placing token on slot 6
[21:30:55.789] [INFO   ] Thread computer-3 terminated.
[21:30:55.792] [SEVERE ] player 1 placing token on slot 5
[21:30:55.792] [INFO   ] thread 3 terminated.
[21:30:55.794] [INFO   ] Thread computer-2 terminated.
[21:30:55.794] [INFO   ] thread 2 terminated.
[21:30:55.794] [INFO   ] Thread computer-1 terminated.
[21:30:55.795] [INFO   ] thread 1 terminated.
[21:30:55.805] [SEVERE ] removing tokens from slot 10
[21:30:55.805] [SEVERE ] removing card from slot 10
[21:30:55.821] [SEVERE ] removing tokens from slot 11
[21:30:55.821] [SEVERE ] removing card from slot 11
[21:30:55.837] [SEVERE ] removing tokens from slot 8
[21:30:55.837] [SEVERE ] removing card from slot 8
[21:30:55.853] [SEVERE ] removing tokens from slot 3
[21:30:55.853] [SEVERE ] removing card from slot 3
[21:30:55.868] [SEVERE ] removing tokens from slot 9
[21:30:55.868] [SEVERE ] removing card from slot 9
[21:30:55.883] [SEVERE ] removing tokens from slot 1
[21:30:55.884] [SEVERE ] removing card from slot 1
[21:30:55.899] [SEVERE ] removing tokens from slot 2
[21:30:55.899] [SEVERE ] removing card from slot 2
[21:30:55.914] [SEVERE ] removing tokens from slot 6
[21:30:55.914] [SEVERE ] removing card from slot 6
[21:30:55.930] [SEVERE ] removing tokens from slot 7
[21:30:55.930] [SEVERE ] removing card from slot 7
[21:30:55.946] [SEVERE ] removing tokens from slot 0
[21:30:55.946] [SEVERE ] removing card from slot 0
[21:30:55.962] [SEVERE ] removing tokens from slot 5
[21:30:55.962] [SEVERE ] removing card from slot 5
[21:30:55.978] [SEVERE ] removing tokens from slot 4
[21:30:55.978] [SEVERE ] removing card from slot 4
