[21:37:09.181] [INFO   ] thread main starting.
[21:37:09.189] [SEVERE ] cannot read configuration file config.properties trying from resources.
[21:37:09.207] [SEVERE ] configuration file was loaded from resources directory.
[21:37:09.786] [INFO   ] thread dealer starting.
[21:37:09.787] [INFO   ] thread dealer starting.
[21:37:09.787] [SEVERE ] updating countdown to 15000
[21:37:09.807] [SEVERE ] placing card 70 in slot 0
[21:37:09.839] [SEVERE ] placing card 41 in slot 1
[21:37:09.855] [SEVERE ] placing card 80 in slot 4
[21:37:09.886] [SEVERE ] placing card 69 in slot 3
[21:37:09.902] [SEVERE ] placing card 12 in slot 11
[21:37:09.918] [SEVERE ] placing card 19 in slot 2
[21:37:09.934] [SEVERE ] placing card 1 in slot 8
[21:37:09.950] [SEVERE ] placing card 0 in slot 5
[21:37:09.966] [SEVERE ] placing card 75 in slot 9
[21:37:09.981] [SEVERE ] placing card 32 in slot 6
[21:37:09.996] [SEVERE ] placing card 64 in slot 7
[21:37:10.012] [SEVERE ] placing card 68 in slot 10
[21:37:10.012] [SEVERE ] updating countdown to 15000
[21:37:10.013] [INFO   ] thread 0 starting.
[21:37:10.013] [INFO   ] thread 1 starting.
[21:37:10.022] [SEVERE ] updating countdown to 15000
[21:37:10.414] [SEVERE ] key 87 was pressed by player 1
[21:37:10.857] [SEVERE ] key 87 was pressed by player 1
[21:37:11.030] [SEVERE ] updating countdown to 14000
[21:37:11.141] [SEVERE ] key 87 was pressed by player 1
[21:37:11.470] [SEVERE ] key 88 was pressed by player 1
[21:37:11.485] [SEVERE ] key 83 was pressed by player 1
[21:37:12.035] [SEVERE ] updating countdown to 13000
[21:37:13.043] [SEVERE ] updating countdown to 12000
[21:37:14.056] [SEVERE ] updating countdown to 11000
[21:37:15.057] [SEVERE ] updating countdown to 10000
[21:37:16.069] [SEVERE ] updating countdown to 9000
[21:37:17.085] [SEVERE ] updating countdown to 8000
[21:37:18.090] [SEVERE ] updating countdown to 7000
[21:37:18.987] [SEVERE ] exit button pressed
[21:37:18.988] [INFO   ] thread 1 terminated.
[21:37:18.988] [INFO   ] thread 0 terminated.
[21:37:19.095] [SEVERE ] updating countdown to 6000
[21:37:20.103] [SEVERE ] updating countdown to 5000
[21:37:21.117] [SEVERE ] updating countdown to 4000
[21:37:22.127] [SEVERE ] updating countdown to 3000
[21:37:23.237] [SEVERE ] updating countdown to 2000
[21:37:24.247] [SEVERE ] updating countdown to 1000
[21:37:25.043] [SEVERE ] removing tokens from slot 9
[21:37:25.043] [SEVERE ] removing card from slot 9
[21:37:25.058] [SEVERE ] removing tokens from slot 3
[21:37:25.058] [SEVERE ] removing card from slot 3
[21:37:25.074] [SEVERE ] removing tokens from slot 0
[21:37:25.074] [SEVERE ] removing card from slot 0
[21:37:25.089] [SEVERE ] removing tokens from slot 10
[21:37:25.091] [SEVERE ] removing card from slot 10
[21:37:25.105] [SEVERE ] removing tokens from slot 1
[21:37:25.106] [SEVERE ] removing card from slot 1
[21:37:25.121] [SEVERE ] removing tokens from slot 2
[21:37:25.121] [SEVERE ] removing card from slot 2
[21:37:25.137] [SEVERE ] removing tokens from slot 6
[21:37:25.137] [SEVERE ] removing card from slot 6
[21:37:25.152] [SEVERE ] removing tokens from slot 11
[21:37:25.152] [SEVERE ] removing card from slot 11
[21:37:25.168] [SEVERE ] removing tokens from slot 4
[21:37:25.168] [SEVERE ] removing card from slot 4
[21:37:25.183] [SEVERE ] removing tokens from slot 7
[21:37:25.183] [SEVERE ] removing card from slot 7
[21:37:25.199] [SEVERE ] removing tokens from slot 8
[21:37:25.199] [SEVERE ] removing card from slot 8
[21:37:25.215] [SEVERE ] removing tokens from slot 5
[21:37:25.215] [SEVERE ] removing card from slot 5
[21:37:25.215] [SEVERE ] announcing winner(s): player 1, player 2
[21:37:25.216] [INFO   ] thread dealer terminated.
[21:37:25.217] [INFO   ] thread dealer terminated.
[21:37:25.217] [SEVERE ] thanks for playing... it was fun!
[21:37:25.217] [INFO   ] thread main terminated.
