[21:09:18.519] [INFO   ] thread main starting.
[21:09:18.538] [SEVERE ] cannot read configuration file config.properties trying from resources.
[21:09:18.573] [SEVERE ] configuration file was loaded from resources directory.
[21:09:19.811] [INFO   ] thread dealer starting.
[21:09:19.812] [INFO   ] thread dealer starting.
[21:09:19.813] [SEVERE ] updating countdown to 60000
[21:09:19.931] [SEVERE ] placing card 64 in slot 1
[21:09:20.041] [SEVERE ] placing card 20 in slot 8
[21:09:20.152] [SEVERE ] placing card 45 in slot 3
[21:09:20.259] [SEVERE ] placing card 66 in slot 5
[21:09:20.367] [SEVERE ] placing card 47 in slot 10
[21:09:20.494] [SEVERE ] placing card 50 in slot 4
[21:09:20.601] [SEVERE ] placing card 76 in slot 11
[21:09:20.712] [SEVERE ] placing card 54 in slot 7
[21:09:20.822] [SEVERE ] placing card 5 in slot 9
[21:09:20.934] [SEVERE ] placing card 4 in slot 2
[21:09:21.045] [SEVERE ] placing card 67 in slot 6
[21:09:21.157] [SEVERE ] placing card 70 in slot 0
[21:09:21.158] [SEVERE ] updating countdown to 60000
[21:09:21.160] [INFO   ] thread 0 starting.
[21:09:21.160] [INFO   ] thread 1 starting.
[21:09:21.180] [SEVERE ] updating countdown to 60000
[21:09:22.195] [SEVERE ] updating countdown to 59000
[21:09:23.203] [SEVERE ] updating countdown to 58000
[21:09:23.800] [SEVERE ] key 87 was pressed by player 1
[21:09:24.215] [SEVERE ] updating countdown to 57000
[21:09:24.435] [SEVERE ] key 87 was pressed by player 1
[21:09:25.223] [SEVERE ] updating countdown to 56000
[21:09:25.634] [SEVERE ] key 69 was pressed by player 1
[21:09:26.235] [SEVERE ] updating countdown to 55000
[21:09:26.847] [SEVERE ] key 68 was pressed by player 1
[21:09:27.244] [SEVERE ] updating countdown to 54000
[21:09:27.868] [SEVERE ] key 68 was pressed by player 1
[21:09:28.254] [SEVERE ] updating countdown to 53000
[21:09:28.307] [SEVERE ] key 68 was pressed by player 1
[21:09:28.332] [SEVERE ] key 68 was pressed by player 1
[21:09:28.493] [SEVERE ] key 83 was pressed by player 1
[21:09:28.706] [SEVERE ] key 68 was pressed by player 1
[21:09:28.929] [SEVERE ] key 83 was pressed by player 1
[21:09:29.157] [SEVERE ] key 68 was pressed by player 1
[21:09:29.267] [SEVERE ] updating countdown to 52000
[21:09:30.278] [SEVERE ] updating countdown to 51000
[21:09:31.291] [SEVERE ] updating countdown to 50000
[21:09:32.300] [SEVERE ] updating countdown to 49000
[21:09:33.033] [SEVERE ] key 83 was pressed by player 1
[21:09:33.309] [SEVERE ] updating countdown to 48000
[21:09:33.345] [SEVERE ] key 83 was pressed by player 1
[21:09:34.310] [SEVERE ] updating countdown to 47000
[21:09:35.316] [SEVERE ] updating countdown to 46000
[21:09:35.785] [SEVERE ] exit button pressed
[21:09:35.786] [INFO   ] thread 1 terminated.
[21:09:35.786] [INFO   ] thread 0 terminated.
[21:09:36.324] [SEVERE ] updating countdown to 45000
[21:09:37.327] [SEVERE ] updating countdown to 44000
[21:09:38.330] [SEVERE ] updating countdown to 43000
[21:09:39.339] [SEVERE ] updating countdown to 42000
[21:09:40.354] [SEVERE ] updating countdown to 41000
[21:09:41.360] [SEVERE ] updating countdown to 40000
[21:09:42.376] [SEVERE ] updating countdown to 39000
[21:09:43.379] [SEVERE ] updating countdown to 38000
[21:09:44.387] [SEVERE ] updating countdown to 37000
[21:09:45.395] [SEVERE ] updating countdown to 36000
[21:09:46.399] [SEVERE ] updating countdown to 35000
[21:09:47.410] [SEVERE ] updating countdown to 34000
[21:09:48.426] [SEVERE ] updating countdown to 33000
[21:09:49.432] [SEVERE ] updating countdown to 32000
[21:09:50.442] [SEVERE ] updating countdown to 31000
[21:09:51.451] [SEVERE ] updating countdown to 30000
[21:09:52.455] [SEVERE ] updating countdown to 29000
[21:09:53.466] [SEVERE ] updating countdown to 28000
[21:09:54.470] [SEVERE ] updating countdown to 27000
[21:09:55.475] [SEVERE ] updating countdown to 26000
[21:09:56.482] [SEVERE ] updating countdown to 25000
[21:09:57.490] [SEVERE ] updating countdown to 24000
[21:09:58.496] [SEVERE ] updating countdown to 23000
[21:09:59.507] [SEVERE ] updating countdown to 22000
[21:10:00.513] [SEVERE ] updating countdown to 21000
[21:10:01.517] [SEVERE ] updating countdown to 20000
[21:10:02.533] [SEVERE ] updating countdown to 19000
[21:10:03.537] [SEVERE ] updating countdown to 18000
[21:10:04.541] [SEVERE ] updating countdown to 17000
[21:10:05.546] [SEVERE ] updating countdown to 16000
