[21:38:23.999] [INFO   ] thread main starting.
[21:38:24.005] [SEVERE ] cannot read configuration file config.properties trying from resources.
[21:38:24.008] [SEVERE ] configuration file was loaded from resources directory.
[21:38:24.618] [INFO   ] thread dealer starting.
[21:38:24.619] [INFO   ] thread dealer starting.
[21:38:24.619] [SEVERE ] updating countdown to 15000
[21:38:24.641] [SEVERE ] placing card 46 in slot 0
[21:38:24.672] [SEVERE ] placing card 52 in slot 11
[21:38:24.688] [SEVERE ] placing card 23 in slot 5
[21:38:24.719] [SEVERE ] placing card 50 in slot 3
[21:38:24.734] [SEVERE ] placing card 19 in slot 1
[21:38:24.750] [SEVERE ] placing card 37 in slot 8
[21:38:24.765] [SEVERE ] placing card 8 in slot 10
[21:38:24.780] [SEVERE ] placing card 74 in slot 9
[21:38:24.796] [SEVERE ] placing card 79 in slot 7
[21:38:24.811] [SEVERE ] placing card 41 in slot 4
[21:38:24.827] [SEVERE ] placing card 63 in slot 2
[21:38:24.843] [SEVERE ] placing card 40 in slot 6
[21:38:24.843] [SEVERE ] updating countdown to 15000
[21:38:24.844] [INFO   ] thread 0 starting.
[21:38:24.844] [INFO   ] thread 1 starting.
[21:38:24.852] [SEVERE ] updating countdown to 15000
[21:38:25.476] [SEVERE ] key 73 was pressed by player 2
[21:38:25.676] [SEVERE ] key 73 was pressed by player 2
[21:38:25.856] [SEVERE ] key 75 was pressed by player 2
[21:38:25.857] [SEVERE ] updating countdown to 14000
[21:38:25.865] [SEVERE ] key 73 was pressed by player 2
[21:38:26.058] [SEVERE ] key 74 was pressed by player 2
[21:38:26.067] [SEVERE ] key 75 was pressed by player 2
[21:38:26.862] [SEVERE ] updating countdown to 13000
[21:38:27.869] [SEVERE ] updating countdown to 12000
[21:38:28.088] [SEVERE ] exit button pressed
[21:38:28.089] [INFO   ] thread 1 terminated.
[21:38:28.089] [INFO   ] thread 0 terminated.
[21:38:28.877] [SEVERE ] updating countdown to 11000
[21:38:29.884] [SEVERE ] updating countdown to 10000
[21:38:30.898] [SEVERE ] updating countdown to 9000
[21:38:31.911] [SEVERE ] updating countdown to 8000
[21:38:32.917] [SEVERE ] updating countdown to 7000
[21:38:33.922] [SEVERE ] updating countdown to 6000
[21:38:34.928] [SEVERE ] updating countdown to 5000
[21:38:35.969] [SEVERE ] updating countdown to 4000
[21:38:36.994] [SEVERE ] updating countdown to 3000
[21:38:38.000] [SEVERE ] updating countdown to 2000
[21:38:39.011] [SEVERE ] updating countdown to 1000
[21:38:39.872] [SEVERE ] removing tokens from slot 7
[21:38:39.872] [SEVERE ] removing card from slot 7
[21:38:39.888] [SEVERE ] removing tokens from slot 4
[21:38:39.888] [SEVERE ] removing card from slot 4
[21:38:39.904] [SEVERE ] removing tokens from slot 5
[21:38:39.904] [SEVERE ] removing card from slot 5
[21:38:39.921] [SEVERE ] removing tokens from slot 1
[21:38:39.921] [SEVERE ] removing card from slot 1
[21:38:39.936] [SEVERE ] removing tokens from slot 11
[21:38:39.936] [SEVERE ] removing card from slot 11
[21:38:39.951] [SEVERE ] removing tokens from slot 2
[21:38:39.952] [SEVERE ] removing card from slot 2
[21:38:39.966] [SEVERE ] removing tokens from slot 8
[21:38:39.966] [SEVERE ] removing card from slot 8
[21:38:39.982] [SEVERE ] removing tokens from slot 9
[21:38:39.982] [SEVERE ] removing card from slot 9
[21:38:39.998] [SEVERE ] removing tokens from slot 3
[21:38:39.998] [SEVERE ] removing card from slot 3
[21:38:40.015] [SEVERE ] updating countdown to 0
[21:38:40.015] [SEVERE ] removing tokens from slot 0
[21:38:40.015] [SEVERE ] removing card from slot 0
[21:38:40.030] [SEVERE ] removing tokens from slot 10
[21:38:40.030] [SEVERE ] removing card from slot 10
[21:38:40.046] [SEVERE ] removing tokens from slot 6
[21:38:40.046] [SEVERE ] removing card from slot 6
[21:38:40.047] [SEVERE ] announcing winner(s): player 1, player 2
[21:38:40.053] [INFO   ] thread dealer terminated.
[21:38:40.054] [INFO   ] thread dealer terminated.
[21:38:40.054] [SEVERE ] thanks for playing... it was fun!
[21:38:40.055] [INFO   ] thread main terminated.
