[21:25:22.076] [INFO   ] thread main starting.
[21:25:22.084] [SEVERE ] cannot read configuration file config.properties trying from resources.
[21:25:22.087] [SEVERE ] configuration file was loaded from resources directory.
[21:25:23.013] [INFO   ] thread dealer starting.
[21:25:23.015] [INFO   ] thread dealer starting.
[21:25:23.018] [SEVERE ] updating countdown to 60000
[21:25:23.135] [SEVERE ] placing card 63 in slot 8
[21:25:23.242] [SEVERE ] placing card 8 in slot 2
[21:25:23.351] [SEVERE ] placing card 55 in slot 11
[21:25:23.461] [SEVERE ] placing card 57 in slot 7
[21:25:23.571] [SEVERE ] placing card 30 in slot 9
[21:25:23.680] [SEVERE ] placing card 70 in slot 3
[21:25:23.788] [SEVERE ] placing card 0 in slot 5
[21:25:23.898] [SEVERE ] placing card 28 in slot 6
[21:25:24.008] [SEVERE ] placing card 72 in slot 0
[21:25:24.118] [SEVERE ] placing card 11 in slot 10
[21:25:24.227] [SEVERE ] placing card 78 in slot 4
[21:25:24.337] [SEVERE ] placing card 27 in slot 1
[21:25:24.337] [SEVERE ] updating countdown to 60000
[21:25:24.338] [INFO   ] thread 0 starting.
[21:25:24.338] [INFO   ] thread 1 starting.
[21:25:24.340] [SEVERE ] updating countdown to 60000
[21:25:25.003] [SEVERE ] key 73 was pressed by player 2
[21:25:25.345] [SEVERE ] updating countdown to 59000
[21:25:25.417] [SEVERE ] key 73 was pressed by player 2
[21:25:25.847] [SEVERE ] key 75 was pressed by player 2
[21:25:26.286] [SEVERE ] key 75 was pressed by player 2
[21:25:26.310] [SEVERE ] key 75 was pressed by player 2
[21:25:26.334] [SEVERE ] key 75 was pressed by player 2
[21:25:26.358] [SEVERE ] updating countdown to 58000
[21:25:26.358] [SEVERE ] key 75 was pressed by player 2
[21:25:26.382] [SEVERE ] key 75 was pressed by player 2
[21:25:26.405] [SEVERE ] key 75 was pressed by player 2
[21:25:26.431] [SEVERE ] key 75 was pressed by player 2
[21:25:26.454] [SEVERE ] key 75 was pressed by player 2
[21:25:26.478] [SEVERE ] key 75 was pressed by player 2
[21:25:26.502] [SEVERE ] key 75 was pressed by player 2
[21:25:26.525] [SEVERE ] key 75 was pressed by player 2
[21:25:26.550] [SEVERE ] key 75 was pressed by player 2
[21:25:26.573] [SEVERE ] key 75 was pressed by player 2
[21:25:26.597] [SEVERE ] key 75 was pressed by player 2
[21:25:26.621] [SEVERE ] key 75 was pressed by player 2
[21:25:26.644] [SEVERE ] key 75 was pressed by player 2
[21:25:26.669] [SEVERE ] key 75 was pressed by player 2
[21:25:26.693] [SEVERE ] key 75 was pressed by player 2
[21:25:26.716] [SEVERE ] key 75 was pressed by player 2
[21:25:26.724] [SEVERE ] key 77 was pressed by player 2
[21:25:27.268] [SEVERE ] key 74 was pressed by player 2
[21:25:27.356] [SEVERE ] key 75 was pressed by player 2
[21:25:27.363] [SEVERE ] updating countdown to 57000
[21:25:27.491] [SEVERE ] key 77 was pressed by player 2
[21:25:27.569] [SEVERE ] key 74 was pressed by player 2
[21:25:27.668] [SEVERE ] key 73 was pressed by player 2
[21:25:27.893] [SEVERE ] key 44 was pressed by player 2
[21:25:27.931] [SEVERE ] key 77 was pressed by player 2
[21:25:28.000] [SEVERE ] key 74 was pressed by player 2
[21:25:28.113] [SEVERE ] key 73 was pressed by player 2
[21:25:28.185] [SEVERE ] key 79 was pressed by player 2
[21:25:28.246] [SEVERE ] key 76 was pressed by player 2
[21:25:28.370] [SEVERE ] updating countdown to 56000
[21:25:29.371] [SEVERE ] updating countdown to 55000
[21:25:30.377] [SEVERE ] updating countdown to 54000
[21:25:30.421] [SEVERE ] exit button pressed
[21:25:30.422] [INFO   ] thread 0 terminated.
[21:25:30.422] [INFO   ] thread 1 terminated.
[21:25:31.388] [SEVERE ] updating countdown to 53000
[21:25:32.402] [SEVERE ] updating countdown to 52000
[21:25:33.406] [SEVERE ] updating countdown to 51000
[21:25:34.406] [SEVERE ] updating countdown to 50000
[21:25:35.415] [SEVERE ] updating countdown to 49000
[21:25:36.425] [SEVERE ] updating countdown to 48000
[21:25:37.431] [SEVERE ] updating countdown to 47000
[21:25:38.434] [SEVERE ] updating countdown to 46000
[21:25:39.444] [SEVERE ] updating countdown to 45000
[21:25:40.456] [SEVERE ] updating countdown to 44000
[21:25:41.467] [SEVERE ] updating countdown to 43000
[21:25:42.474] [SEVERE ] updating countdown to 42000
[21:25:43.477] [SEVERE ] updating countdown to 41000
[21:25:44.482] [SEVERE ] updating countdown to 40000
[21:25:45.491] [SEVERE ] updating countdown to 39000
[21:25:46.498] [SEVERE ] updating countdown to 38000
[21:25:47.505] [SEVERE ] updating countdown to 37000
[21:25:48.520] [SEVERE ] updating countdown to 36000
[21:25:49.535] [SEVERE ] updating countdown to 35000
[21:25:50.550] [SEVERE ] updating countdown to 34000
[21:25:51.564] [SEVERE ] updating countdown to 33000
[21:25:52.566] [SEVERE ] updating countdown to 32000
[21:25:53.568] [SEVERE ] updating countdown to 31000
[21:25:54.572] [SEVERE ] updating countdown to 30000
[21:25:55.588] [SEVERE ] updating countdown to 29000
[21:25:56.597] [SEVERE ] updating countdown to 28000
[21:25:57.598] [SEVERE ] updating countdown to 27000
[21:25:58.600] [SEVERE ] updating countdown to 26000
[21:25:59.614] [SEVERE ] updating countdown to 25000
[21:26:00.630] [SEVERE ] updating countdown to 24000
[21:26:01.638] [SEVERE ] updating countdown to 23000
[21:26:02.644] [SEVERE ] updating countdown to 22000
[21:26:03.650] [SEVERE ] updating countdown to 21000
[21:26:04.658] [SEVERE ] updating countdown to 20000
[21:26:05.667] [SEVERE ] updating countdown to 19000
[21:26:06.674] [SEVERE ] updating countdown to 18000
[21:26:07.681] [SEVERE ] updating countdown to 17000
[21:26:08.690] [SEVERE ] updating countdown to 16000
[21:26:09.697] [SEVERE ] updating countdown to 15000
[21:26:10.703] [SEVERE ] updating countdown to 14000
[21:26:11.710] [SEVERE ] updating countdown to 13000
[21:26:12.719] [SEVERE ] updating countdown to 12000
[21:26:13.726] [SEVERE ] updating countdown to 11000
[21:26:14.732] [SEVERE ] updating countdown to 10000
[21:26:15.738] [SEVERE ] updating countdown to 9000
[21:26:16.745] [SEVERE ] updating countdown to 8000
[21:26:17.752] [SEVERE ] updating countdown to 7000
[21:26:18.759] [SEVERE ] updating countdown to 6000
[21:26:19.765] [SEVERE ] updating countdown to 5000
[21:26:20.772] [SEVERE ] updating countdown to 4000
[21:26:21.778] [SEVERE ] updating countdown to 3000
[21:26:22.786] [SEVERE ] updating countdown to 2000
[21:26:23.796] [SEVERE ] updating countdown to 1000
[21:26:24.457] [SEVERE ] removing tokens from slot 9
[21:26:24.457] [SEVERE ] removing card from slot 9
[21:26:24.567] [SEVERE ] removing tokens from slot 6
[21:26:24.567] [SEVERE ] removing card from slot 6
[21:26:24.677] [SEVERE ] removing tokens from slot 3
[21:26:24.677] [SEVERE ] removing card from slot 3
[21:26:24.787] [SEVERE ] removing tokens from slot 0
[21:26:24.787] [SEVERE ] removing card from slot 0
[21:26:24.802] [SEVERE ] updating countdown to 0
[21:26:24.897] [SEVERE ] removing tokens from slot 11
[21:26:24.897] [SEVERE ] removing card from slot 11
[21:26:25.007] [SEVERE ] removing tokens from slot 7
[21:26:25.008] [SEVERE ] removing card from slot 7
[21:26:25.117] [SEVERE ] removing tokens from slot 5
[21:26:25.117] [SEVERE ] removing card from slot 5
[21:26:25.228] [SEVERE ] removing tokens from slot 4
[21:26:25.228] [SEVERE ] removing card from slot 4
[21:26:25.338] [SEVERE ] removing tokens from slot 1
[21:26:25.338] [SEVERE ] removing card from slot 1
[21:26:25.448] [SEVERE ] removing tokens from slot 10
[21:26:25.448] [SEVERE ] removing card from slot 10
[21:26:25.558] [SEVERE ] removing tokens from slot 2
[21:26:25.558] [SEVERE ] removing card from slot 2
[21:26:25.669] [SEVERE ] removing tokens from slot 8
[21:26:25.669] [SEVERE ] removing card from slot 8
[21:26:25.669] [SEVERE ] announcing winner(s): player 1, player 2
[21:26:25.669] [INFO   ] thread dealer terminated.
[21:26:25.669] [INFO   ] thread dealer terminated.
[21:26:25.669] [SEVERE ] thanks for playing... it was fun!
[21:26:25.669] [INFO   ] thread main terminated.
