[21:28:34.012] [INFO   ] thread main starting.
[21:28:34.020] [SEVERE ] cannot read configuration file config.properties trying from resources.
[21:28:34.036] [SEVERE ] configuration file was loaded from resources directory.
[21:28:34.687] [INFO   ] thread dealer starting.
[21:28:34.688] [INFO   ] thread dealer starting.
[21:28:34.689] [SEVERE ] updating countdown to 15000
[21:28:34.721] [SEVERE ] placing card 6 in slot 8
[21:28:34.753] [SEVERE ] placing card 55 in slot 10
[21:28:34.784] [SEVERE ] placing card 77 in slot 6
[21:28:34.800] [SEVERE ] placing card 14 in slot 4
[21:28:34.815] [SEVERE ] placing card 29 in slot 0
[21:28:34.846] [SEVERE ] placing card 37 in slot 1
[21:28:34.862] [SEVERE ] placing card 53 in slot 2
[21:28:34.878] [SEVERE ] placing card 31 in slot 7
[21:28:34.894] [SEVERE ] placing card 12 in slot 5
[21:28:34.910] [SEVERE ] placing card 41 in slot 9
[21:28:34.925] [SEVERE ] placing card 57 in slot 11
[21:28:34.941] [SEVERE ] placing card 65 in slot 3
[21:28:34.941] [SEVERE ] updating countdown to 15000
[21:28:34.942] [INFO   ] thread 1 starting.
[21:28:34.942] [INFO   ] thread 0 starting.
[21:28:34.942] [INFO   ] thread 2 starting.
[21:28:34.942] [INFO   ] thread 3 starting.
[21:28:34.943] [INFO   ] Thread computer-3 starting.
[21:28:34.944] [INFO   ] Thread computer-0 starting.
[21:28:34.944] [INFO   ] Thread computer-1 starting.
[21:28:34.948] [INFO   ] Thread computer-2 starting.
[21:28:34.955] [SEVERE ] updating countdown to 15000
[21:28:34.955] [SEVERE ] player 3 placing token on slot 1
[21:28:34.956] [SEVERE ] player 3 placing token on slot 7
[21:28:34.956] [SEVERE ] player 3 placing token on slot 4
[21:28:34.957] [SEVERE ] player 2 placing token on slot 9
[21:28:34.957] [SEVERE ] player 2 placing token on slot 2
[21:28:34.957] [SEVERE ] player 2 placing token on slot 8
[21:28:34.958] [SEVERE ] player 4 placing token on slot 9
[21:28:34.958] [SEVERE ] player 4 placing token on slot 6
[21:28:34.958] [SEVERE ] player 4 placing token on slot 11
[21:28:34.958] [SEVERE ] player 1 placing token on slot 10
[21:28:34.959] [SEVERE ] removing player 4 token from slot 9
[21:28:34.959] [SEVERE ] removing player 2 token from slot 8
[21:28:34.959] [SEVERE ] player 2 placing token on slot 11
[21:28:34.960] [SEVERE ] removing player 4 token from slot 6
[21:28:34.960] [SEVERE ] removing player 4 token from slot 11
[21:28:34.960] [SEVERE ] player 1 placing token on slot 2
[21:28:34.961] [SEVERE ] player 1 placing token on slot 8
[21:28:34.961] [SEVERE ] removing player 1 token from slot 10
[21:28:34.961] [SEVERE ] player 1 placing token on slot 3
[21:28:34.962] [SEVERE ] player 4 placing token on slot 9
[21:28:34.962] [SEVERE ] player 4 placing token on slot 6
[21:28:34.962] [SEVERE ] player 4 placing token on slot 3
[21:28:34.963] [SEVERE ] removing player 3 token from slot 4
[21:28:34.963] [SEVERE ] removing player 2 token from slot 2
[21:28:34.963] [SEVERE ] removing player 4 token from slot 9
[21:28:34.963] [SEVERE ] removing player 4 token from slot 6
[21:28:34.964] [SEVERE ] removing player 4 token from slot 3
[21:28:34.964] [SEVERE ] player 4 placing token on slot 6
[21:28:34.964] [SEVERE ] player 4 placing token on slot 9
[21:28:34.964] [SEVERE ] player 4 placing token on slot 10
[21:28:34.965] [SEVERE ] player 2 placing token on slot 8
[21:28:34.966] [SEVERE ] removing player 2 token from slot 9
[21:28:34.966] [SEVERE ] player 2 placing token on slot 2
[21:28:34.967] [SEVERE ] player 3 placing token on slot 3
[21:28:34.967] [SEVERE ] removing player 4 token from slot 6
[21:28:34.967] [SEVERE ] removing player 4 token from slot 9
[21:28:34.968] [SEVERE ] removing player 4 token from slot 10
[21:28:34.968] [SEVERE ] removing player 1 token from slot 3
[21:28:34.968] [SEVERE ] player 1 placing token on slot 4
[21:28:34.968] [SEVERE ] player 4 placing token on slot 7
[21:28:34.969] [SEVERE ] player 4 placing token on slot 6
[21:28:34.969] [SEVERE ] player 4 placing token on slot 9
[21:28:34.969] [SEVERE ] removing player 4 token from slot 7
[21:28:34.969] [SEVERE ] removing player 4 token from slot 6
[21:28:34.970] [SEVERE ] removing player 4 token from slot 9
[21:28:34.970] [SEVERE ] player 4 placing token on slot 9
[21:28:34.970] [SEVERE ] player 4 placing token on slot 7
[21:28:34.970] [SEVERE ] player 4 placing token on slot 1
[21:28:34.970] [SEVERE ] removing player 2 token from slot 2
[21:28:34.971] [SEVERE ] player 2 placing token on slot 9
[21:28:34.971] [SEVERE ] removing player 2 token from slot 9
[21:28:34.971] [SEVERE ] removing player 4 token from slot 9
[21:28:34.971] [SEVERE ] removing player 4 token from slot 7
[21:28:34.972] [SEVERE ] removing player 4 token from slot 1
[21:28:34.972] [SEVERE ] player 4 placing token on slot 8
[21:28:34.972] [SEVERE ] player 4 placing token on slot 10
[21:28:34.972] [SEVERE ] player 4 placing token on slot 0
[21:28:34.972] [SEVERE ] player 2 placing token on slot 1
[21:28:34.973] [SEVERE ] removing player 3 token from slot 7
[21:28:34.973] [SEVERE ] removing player 2 token from slot 8
[21:28:34.973] [SEVERE ] removing player 4 token from slot 8
[21:28:34.973] [SEVERE ] removing player 4 token from slot 10
[21:28:34.973] [SEVERE ] removing player 4 token from slot 0
[21:28:34.974] [SEVERE ] player 4 placing token on slot 6
[21:28:34.974] [SEVERE ] player 4 placing token on slot 4
[21:28:34.974] [SEVERE ] player 4 placing token on slot 0
[21:28:34.974] [SEVERE ] removing player 4 token from slot 6
[21:28:34.974] [SEVERE ] removing player 4 token from slot 4
[21:28:34.974] [SEVERE ] removing player 4 token from slot 0
[21:28:34.975] [SEVERE ] player 2 placing token on slot 7
[21:28:34.975] [SEVERE ] player 3 placing token on slot 6
[21:28:34.975] [SEVERE ] removing player 2 token from slot 7
[21:28:34.976] [SEVERE ] player 2 placing token on slot 2
[21:28:34.976] [SEVERE ] removing player 2 token from slot 2
[21:28:34.976] [SEVERE ] player 2 placing token on slot 10
[21:28:34.977] [SEVERE ] player 4 placing token on slot 3
[21:28:34.977] [SEVERE ] player 4 placing token on slot 2
[21:28:34.977] [SEVERE ] player 4 placing token on slot 8
[21:28:34.978] [SEVERE ] removing player 4 token from slot 3
[21:28:34.978] [SEVERE ] removing player 4 token from slot 2
[21:28:34.978] [SEVERE ] removing player 4 token from slot 8
[21:28:34.978] [SEVERE ] removing player 1 token from slot 8
[21:28:34.979] [SEVERE ] player 1 placing token on slot 6
[21:28:34.979] [SEVERE ] player 4 placing token on slot 7
[21:28:34.980] [SEVERE ] player 4 placing token on slot 11
[21:28:34.980] [SEVERE ] player 4 placing token on slot 3
[21:28:34.980] [SEVERE ] removing player 4 token from slot 7
[21:28:34.981] [SEVERE ] player 4 placing token on slot 6
[21:28:34.981] [SEVERE ] removing player 4 token from slot 6
[21:28:34.981] [SEVERE ] player 4 placing token on slot 9
[21:28:34.981] [SEVERE ] removing player 4 token from slot 3
[21:28:34.982] [SEVERE ] player 4 placing token on slot 5
[21:28:34.982] [SEVERE ] removing player 4 token from slot 5
[21:28:34.982] [SEVERE ] player 4 placing token on slot 7
[21:28:34.982] [SEVERE ] removing player 4 token from slot 9
[21:28:34.983] [SEVERE ] player 4 placing token on slot 5
[21:28:34.983] [SEVERE ] removing player 4 token from slot 11
[21:28:34.983] [SEVERE ] player 4 placing token on slot 9
[21:28:34.983] [SEVERE ] removing player 4 token from slot 9
[21:28:34.984] [SEVERE ] player 4 placing token on slot 0
[21:28:34.984] [SEVERE ] removing player 4 token from slot 7
[21:28:34.984] [SEVERE ] removing player 4 token from slot 0
[21:28:34.984] [SEVERE ] removing player 4 token from slot 5
[21:28:34.984] [SEVERE ] player 4 placing token on slot 7
[21:28:34.984] [SEVERE ] player 4 placing token on slot 0
[21:28:34.985] [SEVERE ] player 4 placing token on slot 5
[21:28:34.985] [SEVERE ] removing player 4 token from slot 0
[21:28:34.985] [SEVERE ] player 4 placing token on slot 10
[21:28:34.985] [SEVERE ] removing player 4 token from slot 7
[21:28:34.986] [SEVERE ] player 4 placing token on slot 0
[21:28:34.986] [SEVERE ] removing player 4 token from slot 10
[21:28:34.986] [SEVERE ] player 4 placing token on slot 7
[21:28:34.987] [SEVERE ] removing player 4 token from slot 7
[21:28:34.987] [SEVERE ] player 4 placing token on slot 2
[21:28:34.987] [SEVERE ] removing player 4 token from slot 5
[21:28:34.987] [SEVERE ] removing player 4 token from slot 2
[21:28:34.987] [SEVERE ] player 4 placing token on slot 1
[21:28:34.987] [SEVERE ] player 4 placing token on slot 5
[21:28:34.988] [SEVERE ] removing player 4 token from slot 1
[21:28:34.988] [SEVERE ] player 4 placing token on slot 9
[21:28:34.988] [SEVERE ] removing player 4 token from slot 0
[21:28:34.988] [SEVERE ] removing player 4 token from slot 9
[21:28:34.988] [SEVERE ] player 4 placing token on slot 2
[21:28:34.989] [SEVERE ] player 4 placing token on slot 0
[21:28:34.989] [SEVERE ] removing player 4 token from slot 5
[21:28:34.989] [SEVERE ] removing player 4 token from slot 0
[21:28:34.989] [SEVERE ] player 4 placing token on slot 7
[21:28:34.989] [SEVERE ] player 4 placing token on slot 5
[21:28:34.989] [SEVERE ] removing player 4 token from slot 7
[21:28:34.989] [SEVERE ] player 4 placing token on slot 0
[21:28:34.990] [SEVERE ] removing player 4 token from slot 0
[21:28:34.990] [SEVERE ] player 4 placing token on slot 7
[21:28:34.990] [SEVERE ] removing player 3 token from slot 3
[21:28:34.990] [SEVERE ] player 3 placing token on slot 11
[21:28:34.991] [SEVERE ] removing player 1 token from slot 2
[21:28:34.991] [SEVERE ] removing player 1 token from slot 4
[21:28:34.991] [SEVERE ] player 1 placing token on slot 0
[21:28:34.991] [SEVERE ] player 1 placing token on slot 2
[21:28:34.992] [SEVERE ] removing player 2 token from slot 10
[21:28:34.992] [SEVERE ] removing player 4 token from slot 2
[21:28:34.992] [SEVERE ] player 4 placing token on slot 6
[21:28:35.004] [SEVERE ] removing tokens from slot 5
[21:28:35.004] [SEVERE ] removing card from slot 5
[21:28:35.020] [SEVERE ] removing tokens from slot 6
[21:28:35.020] [SEVERE ] removing card from slot 6
[21:28:35.035] [SEVERE ] removing tokens from slot 7
[21:28:35.035] [SEVERE ] removing card from slot 7
[21:28:35.035] [SEVERE ] removing player 2 token from slot 1
[21:28:35.036] [SEVERE ] setting player 4 score to 1
[21:28:35.038] [SEVERE ] player 1 placing token on slot 9
[21:28:35.050] [SEVERE ] placing card 40 in slot 5
[21:28:35.066] [SEVERE ] placing card 76 in slot 6
[21:28:35.082] [SEVERE ] placing card 17 in slot 7
[21:28:35.956] [SEVERE ] updating countdown to 14000
[21:28:36.959] [SEVERE ] updating countdown to 13000
[21:28:37.972] [SEVERE ] updating countdown to 12000
[21:28:38.974] [SEVERE ] updating countdown to 11000
[21:28:39.986] [SEVERE ] updating countdown to 10000
[21:28:40.995] [SEVERE ] updating countdown to 9000
[21:28:42.004] [SEVERE ] updating countdown to 8000
[21:28:43.013] [SEVERE ] updating countdown to 7000
[21:28:44.024] [SEVERE ] updating countdown to 6000
[21:28:45.031] [SEVERE ] updating countdown to 5000
[21:28:46.039] [SEVERE ] updating countdown to 4000
[21:28:47.041] [SEVERE ] updating countdown to 3000
[21:28:47.235] [SEVERE ] exit button pressed
[21:28:48.050] [SEVERE ] updating countdown to 2000
[21:28:49.060] [SEVERE ] updating countdown to 1000
[21:28:50.066] [SEVERE ] updating countdown to 0
[21:28:50.112] [SEVERE ] removing tokens from slot 0
[21:28:50.112] [SEVERE ] removing card from slot 0
[21:28:50.128] [SEVERE ] removing tokens from slot 2
[21:28:50.128] [SEVERE ] removing card from slot 2
[21:28:50.143] [SEVERE ] removing tokens from slot 9
[21:28:50.144] [SEVERE ] removing card from slot 9
[21:28:50.144] [SEVERE ] player 3 placing token on slot 5
[21:28:50.144] [INFO   ] Thread computer-0 terminated.
[21:28:50.145] [INFO   ] thread 0 terminated.
[21:28:50.158] [SEVERE ] placing card 3 in slot 2
[21:28:50.174] [SEVERE ] placing card 20 in slot 9
[21:28:50.190] [SEVERE ] placing card 70 in slot 0
[21:28:50.206] [SEVERE ] removing tokens from slot 3
[21:28:50.207] [SEVERE ] removing card from slot 3
[21:28:50.222] [SEVERE ] removing tokens from slot 9
[21:28:50.223] [SEVERE ] removing card from slot 9
[21:28:50.237] [SEVERE ] removing tokens from slot 11
[21:28:50.238] [SEVERE ] removing card from slot 11
[21:28:50.253] [SEVERE ] removing tokens from slot 0
[21:28:50.254] [SEVERE ] removing card from slot 0
[21:28:50.269] [SEVERE ] removing tokens from slot 7
[21:28:50.269] [SEVERE ] removing card from slot 7
[21:28:50.285] [SEVERE ] removing tokens from slot 4
[21:28:50.285] [SEVERE ] removing card from slot 4
[21:28:50.300] [SEVERE ] removing tokens from slot 6
[21:28:50.300] [SEVERE ] removing card from slot 6
[21:28:50.315] [SEVERE ] removing tokens from slot 10
[21:28:50.316] [SEVERE ] removing card from slot 10
[21:28:50.331] [SEVERE ] removing tokens from slot 1
[21:28:50.331] [SEVERE ] removing card from slot 1
[21:28:50.347] [SEVERE ] removing tokens from slot 5
[21:28:50.348] [SEVERE ] removing card from slot 5
[21:28:50.363] [SEVERE ] removing tokens from slot 2
[21:28:50.363] [SEVERE ] removing card from slot 2
[21:28:50.379] [SEVERE ] removing tokens from slot 8
[21:28:50.379] [SEVERE ] removing card from slot 8
[21:28:50.380] [INFO   ] thread 1 terminated.
[21:28:50.380] [INFO   ] thread 3 terminated.
[21:28:50.380] [INFO   ] thread 2 terminated.
[21:28:50.382] [SEVERE ] announcing winner(s): player 4
[21:28:50.388] [INFO   ] thread dealer terminated.
[21:28:50.388] [INFO   ] thread dealer terminated.
[21:28:50.389] [SEVERE ] thanks for playing... it was fun!
[21:28:50.389] [INFO   ] thread main terminated.
