[21:21:48.970] [INFO   ] thread main starting.
[21:21:48.979] [SEVERE ] cannot read configuration file config.properties trying from resources.
[21:21:48.982] [SEVERE ] configuration file was loaded from resources directory.
[21:21:49.613] [INFO   ] thread dealer starting.
[21:21:49.614] [INFO   ] thread dealer starting.
[21:21:49.615] [SEVERE ] updating countdown to 60000
[21:21:49.732] [SEVERE ] placing card 1 in slot 1
[21:21:49.843] [SEVERE ] placing card 73 in slot 11
[21:21:49.954] [SEVERE ] placing card 48 in slot 3
[21:21:50.064] [SEVERE ] placing card 77 in slot 10
[21:21:50.172] [SEVERE ] placing card 3 in slot 6
[21:21:50.282] [SEVERE ] placing card 41 in slot 7
[21:21:50.392] [SEVERE ] placing card 42 in slot 4
[21:21:50.503] [SEVERE ] placing card 31 in slot 0
[21:21:50.614] [SEVERE ] placing card 46 in slot 2
[21:21:50.723] [SEVERE ] placing card 28 in slot 5
[21:21:50.833] [SEVERE ] placing card 8 in slot 8
[21:21:50.942] [SEVERE ] placing card 14 in slot 9
[21:21:50.943] [SEVERE ] updating countdown to 60000
[21:21:50.943] [INFO   ] thread 0 starting.
[21:21:50.943] [INFO   ] thread 1 starting.
[21:21:50.956] [SEVERE ] updating countdown to 60000
[21:21:51.282] [SEVERE ] key 79 was pressed by player 2
[21:21:51.629] [SEVERE ] key 79 was pressed by player 2
[21:21:51.808] [SEVERE ] key 79 was pressed by player 2
[21:21:51.960] [SEVERE ] updating countdown to 59000
[21:21:52.973] [SEVERE ] updating countdown to 58000
[21:21:53.410] [SEVERE ] exit button pressed
[21:21:53.411] [INFO   ] thread 1 terminated.
[21:21:53.411] [INFO   ] thread 0 terminated.
[21:21:53.981] [SEVERE ] updating countdown to 57000
[21:21:54.988] [SEVERE ] updating countdown to 56000
[21:21:55.991] [SEVERE ] updating countdown to 55000
[21:21:57.005] [SEVERE ] updating countdown to 54000
[21:21:58.010] [SEVERE ] updating countdown to 53000
[21:21:59.014] [SEVERE ] updating countdown to 52000
[21:22:00.014] [SEVERE ] updating countdown to 51000
[21:22:01.019] [SEVERE ] updating countdown to 50000
[21:22:02.026] [SEVERE ] updating countdown to 49000
[21:22:03.027] [SEVERE ] updating countdown to 48000
[21:22:04.031] [SEVERE ] updating countdown to 47000
[21:22:05.035] [SEVERE ] updating countdown to 46000
[21:22:06.048] [SEVERE ] updating countdown to 45000
[21:22:07.054] [SEVERE ] updating countdown to 44000
[21:22:08.059] [SEVERE ] updating countdown to 43000
[21:22:09.063] [SEVERE ] updating countdown to 42000
[21:22:10.068] [SEVERE ] updating countdown to 41000
[21:22:11.074] [SEVERE ] updating countdown to 40000
[21:22:12.079] [SEVERE ] updating countdown to 39000
[21:22:13.086] [SEVERE ] updating countdown to 38000
[21:22:14.093] [SEVERE ] updating countdown to 37000
[21:22:15.100] [SEVERE ] updating countdown to 36000
[21:22:16.108] [SEVERE ] updating countdown to 35000
[21:22:17.114] [SEVERE ] updating countdown to 34000
[21:22:18.119] [SEVERE ] updating countdown to 33000
[21:22:19.136] [SEVERE ] updating countdown to 32000
[21:22:20.146] [SEVERE ] updating countdown to 31000
[21:22:21.166] [SEVERE ] updating countdown to 30000
[21:22:22.176] [SEVERE ] updating countdown to 29000
[21:22:23.185] [SEVERE ] updating countdown to 28000
[21:22:24.196] [SEVERE ] updating countdown to 27000
[21:22:25.206] [SEVERE ] updating countdown to 26000
[21:22:26.213] [SEVERE ] updating countdown to 25000
[21:22:27.236] [SEVERE ] updating countdown to 24000
[21:22:28.247] [SEVERE ] updating countdown to 23000
[21:22:29.262] [SEVERE ] updating countdown to 22000
[21:22:30.270] [SEVERE ] updating countdown to 21000
[21:22:31.278] [SEVERE ] updating countdown to 20000
[21:22:32.286] [SEVERE ] updating countdown to 19000
[21:22:33.293] [SEVERE ] updating countdown to 18000
[21:22:34.300] [SEVERE ] updating countdown to 17000
[21:22:35.311] [SEVERE ] updating countdown to 16000
[21:22:36.319] [SEVERE ] updating countdown to 15000
[21:22:37.331] [SEVERE ] updating countdown to 14000
[21:22:38.339] [SEVERE ] updating countdown to 13000
[21:22:39.347] [SEVERE ] updating countdown to 12000
