[19:12:16.918] [INFO   ] thread main starting.
[19:12:16.935] [SEVERE ] cannot read configuration file config.properties trying from resources.
[19:12:16.936] [SEVERE ] configuration file was loaded from resources directory.
[19:12:17.514] [INFO   ] thread dealer starting.
[19:12:17.514] [INFO   ] thread dealer starting.
[19:12:17.514] [SEVERE ] updating countdown to 60000
[19:12:17.640] [SEVERE ] placing card 42 in slot 7
[19:12:17.756] [SEVERE ] placing card 69 in slot 11
[19:12:17.857] [SEVERE ] placing card 62 in slot 10
[19:12:17.959] [SEVERE ] placing card 74 in slot 8
[19:12:18.059] [SEVERE ] placing card 29 in slot 6
[19:12:18.160] [SEVERE ] placing card 58 in slot 0
[19:12:18.260] [SEVERE ] placing card 26 in slot 1
[19:12:18.361] [SEVERE ] placing card 11 in slot 5
[19:12:18.478] [SEVERE ] placing card 24 in slot 4
[19:12:18.579] [SEVERE ] placing card 65 in slot 3
[19:12:18.680] [SEVERE ] placing card 25 in slot 9
[19:12:18.784] [SEVERE ] placing card 80 in slot 2
[19:12:18.785] [SEVERE ] updating countdown to 60000
[19:12:18.788] [INFO   ] thread 0 starting.
[19:12:18.791] [INFO   ] thread 2 starting.
[19:12:18.792] [INFO   ] thread 3 starting.
[19:12:18.792] [INFO   ] thread 1 starting.
[19:12:18.818] [INFO   ] thread computer-0 starting.
[19:12:18.834] [SEVERE ] player 1 placing token on slot 0
[19:12:18.833] [SEVERE ] updating countdown to 60000
[19:12:18.862] [INFO   ] thread computer-1 starting.
[19:12:18.864] [SEVERE ] player 1 placing token on slot 8
[19:12:18.864] [SEVERE ] player 1 placing token on slot 4
[19:12:18.866] [SEVERE ] removing player 1 token from slot 0
[19:12:18.866] [SEVERE ] setting player 1 freeze to 3000
[19:12:18.866] [SEVERE ] player 2 placing token on slot 2
[19:12:18.867] [SEVERE ] player 2 placing token on slot 3
[19:12:18.867] [SEVERE ] player 2 placing token on slot 10
[19:12:18.868] [SEVERE ] removing player 2 token from slot 2
[19:12:18.868] [SEVERE ] setting player 2 freeze to 3000
[19:12:18.885] [INFO   ] thread computer-3 starting.
[19:12:18.886] [SEVERE ] player 4 placing token on slot 9
[19:12:18.886] [SEVERE ] player 4 placing token on slot 0
[19:12:18.887] [SEVERE ] player 4 placing token on slot 10
[19:12:18.888] [SEVERE ] setting player 4 freeze to 3000
[19:12:18.925] [INFO   ] thread computer-2 starting.
[19:12:18.926] [SEVERE ] player 3 placing token on slot 2
[19:12:18.926] [SEVERE ] player 3 placing token on slot 8
[19:12:18.926] [SEVERE ] player 3 placing token on slot 5
[19:12:18.929] [SEVERE ] removing player 3 token from slot 2
[19:12:18.931] [SEVERE ] removing player 3 token from slot 8
[19:12:18.931] [SEVERE ] removing player 3 token from slot 5
[19:12:18.931] [SEVERE ] player 3 placing token on slot 8
[19:12:18.932] [SEVERE ] player 3 placing token on slot 6
[19:12:18.932] [SEVERE ] player 3 placing token on slot 9
[19:12:18.932] [SEVERE ] removing player 3 token from slot 8
[19:12:18.932] [SEVERE ] removing player 3 token from slot 6
[19:12:18.933] [SEVERE ] removing player 3 token from slot 9
[19:12:18.933] [SEVERE ] player 3 placing token on slot 7
[19:12:18.933] [SEVERE ] player 3 placing token on slot 10
[19:12:18.933] [SEVERE ] player 3 placing token on slot 6
[19:12:18.933] [SEVERE ] removing player 3 token from slot 7
[19:12:18.934] [SEVERE ] removing player 3 token from slot 10
[19:12:18.934] [SEVERE ] removing player 3 token from slot 6
[19:12:18.934] [SEVERE ] player 3 placing token on slot 2
[19:12:18.934] [SEVERE ] setting player 3 freeze to 3000
[19:12:19.869] [SEVERE ] updating countdown to 59000
[19:12:19.881] [SEVERE ] setting player 1 freeze to 2000
[19:12:19.933] [SEVERE ] setting player 2 freeze to 2000
[19:12:19.936] [SEVERE ] setting player 3 freeze to 2000
[19:12:19.937] [SEVERE ] setting player 4 freeze to 2000
[19:12:20.879] [SEVERE ] updating countdown to 58000
[19:12:20.882] [SEVERE ] setting player 1 freeze to 1000
[19:12:20.935] [SEVERE ] setting player 2 freeze to 1000
[19:12:20.942] [SEVERE ] setting player 3 freeze to 1000
[19:12:20.942] [SEVERE ] setting player 4 freeze to 1000
[19:12:21.883] [SEVERE ] updating countdown to 57000
[19:12:21.883] [SEVERE ] setting player 1 freeze to 0
[19:12:21.938] [SEVERE ] player 1 placing token on slot 7
[19:12:21.938] [SEVERE ] setting player 2 freeze to 0
[19:12:21.967] [SEVERE ] setting player 3 freeze to 0
[19:12:21.969] [SEVERE ] setting player 4 freeze to 0
[19:12:21.971] [SEVERE ] removing player 2 token from slot 10
[19:12:21.971] [SEVERE ] player 2 placing token on slot 11
[19:12:21.971] [SEVERE ] removing player 2 token from slot 3
[19:12:21.971] [SEVERE ] player 2 placing token on slot 10
[19:12:21.972] [SEVERE ] removing player 2 token from slot 11
[19:12:21.972] [SEVERE ] player 2 placing token on slot 3
[19:12:21.972] [SEVERE ] player 2 placing token on slot 6
[19:12:21.973] [SEVERE ] removing player 2 token from slot 10
[19:12:21.973] [SEVERE ] removing player 2 token from slot 6
[19:12:21.973] [SEVERE ] player 2 placing token on slot 1
[19:12:21.974] [SEVERE ] player 2 placing token on slot 10
[19:12:21.976] [SEVERE ] removing player 2 token from slot 1
[19:12:21.976] [SEVERE ] player 2 placing token on slot 0
[19:12:21.979] [SEVERE ] removing player 2 token from slot 3
[19:12:21.979] [SEVERE ] player 2 placing token on slot 1
[19:12:21.981] [SEVERE ] removing player 2 token from slot 0
[19:12:21.982] [SEVERE ] player 2 placing token on slot 3
[19:12:21.983] [SEVERE ] removing player 2 token from slot 1
[19:12:21.983] [SEVERE ] player 2 placing token on slot 4
[19:12:21.985] [SEVERE ] player 3 placing token on slot 3
[19:12:21.985] [SEVERE ] player 3 placing token on slot 9
[19:12:21.985] [SEVERE ] removing player 3 token from slot 3
[19:12:21.985] [SEVERE ] removing player 3 token from slot 9
[19:12:21.986] [SEVERE ] player 3 placing token on slot 11
[19:12:21.987] [SEVERE ] player 3 placing token on slot 10
[19:12:21.987] [SEVERE ] setting player 1 freeze to 3000
[19:12:21.987] [SEVERE ] setting player 2 freeze to 3000
[19:12:21.987] [SEVERE ] removing player 3 token from slot 10
[19:12:21.987] [SEVERE ] removing player 2 token from slot 4
[19:12:21.987] [SEVERE ] setting player 3 freeze to 3000
[19:12:22.003] [SEVERE ] removing player 4 token from slot 0
[19:12:22.010] [SEVERE ] player 4 placing token on slot 6
[19:12:22.013] [SEVERE ] removing player 4 token from slot 9
[19:12:22.013] [SEVERE ] player 4 placing token on slot 0
[19:12:22.018] [SEVERE ] removing player 4 token from slot 0
[19:12:22.018] [SEVERE ] player 4 placing token on slot 0
[19:12:22.020] [SEVERE ] removing player 4 token from slot 6
[19:12:22.020] [SEVERE ] player 4 placing token on slot 11
[19:12:22.021] [SEVERE ] setting player 4 freeze to 3000
[19:12:22.884] [SEVERE ] updating countdown to 56000
[19:12:23.000] [SEVERE ] setting player 1 freeze to 2000
[19:12:23.001] [SEVERE ] setting player 2 freeze to 2000
[19:12:23.004] [SEVERE ] setting player 3 freeze to 2000
[19:12:23.032] [SEVERE ] setting player 4 freeze to 2000
[19:12:23.889] [SEVERE ] updating countdown to 55000
[19:12:24.027] [SEVERE ] setting player 3 freeze to 1000
[19:12:24.029] [SEVERE ] setting player 2 freeze to 1000
[19:12:24.029] [SEVERE ] setting player 1 freeze to 1000
[19:12:24.034] [SEVERE ] setting player 4 freeze to 1000
[19:12:24.895] [SEVERE ] updating countdown to 54000
[19:12:25.029] [SEVERE ] setting player 1 freeze to 0
[19:12:25.034] [SEVERE ] setting player 4 freeze to 0
[19:12:25.034] [SEVERE ] setting player 2 freeze to 0
[19:12:25.037] [SEVERE ] removing player 1 token from slot 4
[19:12:25.046] [SEVERE ] player 1 placing token on slot 6
[19:12:25.048] [SEVERE ] removing player 1 token from slot 7
[19:12:25.048] [SEVERE ] player 1 placing token on slot 9
[19:12:25.053] [SEVERE ] removing player 1 token from slot 8
[19:12:25.055] [SEVERE ] player 1 placing token on slot 4
[19:12:25.055] [SEVERE ] setting player 3 freeze to 0
[19:12:25.070] [SEVERE ] removing player 1 token from slot 4
[19:12:25.070] [SEVERE ] player 1 placing token on slot 11
[19:12:25.072] [SEVERE ] removing player 1 token from slot 9
[19:12:25.072] [SEVERE ] player 1 placing token on slot 0
[19:12:25.074] [SEVERE ] removing player 1 token from slot 0
[19:12:25.075] [SEVERE ] player 1 placing token on slot 2
[19:12:25.076] [SEVERE ] player 3 placing token on slot 7
[19:12:25.080] [SEVERE ] removing player 3 token from slot 7
[19:12:25.081] [SEVERE ] player 3 placing token on slot 4
[19:12:25.081] [SEVERE ] removing player 3 token from slot 11
[19:12:25.081] [SEVERE ] player 3 placing token on slot 3
[19:12:25.082] [SEVERE ] removing player 3 token from slot 3
[19:12:25.083] [SEVERE ] player 3 placing token on slot 6
[19:12:25.084] [SEVERE ] removing player 3 token from slot 6
[19:12:25.084] [SEVERE ] player 3 placing token on slot 11
[19:12:25.085] [SEVERE ] setting player 1 freeze to 3000
[19:12:25.087] [SEVERE ] removing player 4 token from slot 11
[19:12:25.087] [SEVERE ] player 4 placing token on slot 2
[19:12:25.087] [SEVERE ] setting player 3 freeze to 3000
[19:12:25.103] [SEVERE ] removing player 4 token from slot 2
[19:12:25.105] [SEVERE ] removing player 4 token from slot 10
[19:12:25.106] [SEVERE ] player 4 placing token on slot 5
[19:12:25.106] [SEVERE ] player 4 placing token on slot 3
[19:12:25.106] [SEVERE ] removing player 4 token from slot 5
[19:12:25.107] [SEVERE ] removing player 4 token from slot 3
[19:12:25.109] [SEVERE ] setting player 4 freeze to 3000
[19:12:25.110] [SEVERE ] player 4 placing token on slot 9
[19:12:25.135] [SEVERE ] player 2 placing token on slot 2
[19:12:25.140] [SEVERE ] removing player 2 token from slot 3
[19:12:25.141] [SEVERE ] setting player 2 freeze to 3000
[19:12:25.902] [SEVERE ] updating countdown to 53000
[19:12:26.087] [SEVERE ] setting player 1 freeze to 2000
[19:12:26.107] [SEVERE ] setting player 3 freeze to 2000
[19:12:26.174] [SEVERE ] setting player 4 freeze to 2000
[19:12:26.183] [SEVERE ] setting player 2 freeze to 2000
[19:12:26.903] [SEVERE ] updating countdown to 52000
[19:12:27.095] [SEVERE ] setting player 1 freeze to 1000
[19:12:27.111] [SEVERE ] setting player 3 freeze to 1000
[19:12:27.175] [SEVERE ] setting player 4 freeze to 1000
[19:12:27.191] [SEVERE ] setting player 2 freeze to 1000
[19:12:27.937] [SEVERE ] updating countdown to 51000
[19:12:28.118] [SEVERE ] setting player 3 freeze to 0
[19:12:28.118] [SEVERE ] setting player 1 freeze to 0
[19:12:28.120] [SEVERE ] removing player 1 token from slot 6
[19:12:28.122] [SEVERE ] player 1 placing token on slot 1
[19:12:28.125] [SEVERE ] removing player 1 token from slot 1
[19:12:28.126] [SEVERE ] player 1 placing token on slot 5
[19:12:28.126] [SEVERE ] removing player 1 token from slot 5
[19:12:28.126] [SEVERE ] player 1 placing token on slot 3
[19:12:28.126] [SEVERE ] removing player 1 token from slot 3
[19:12:28.126] [SEVERE ] player 1 placing token on slot 4
[19:12:28.127] [SEVERE ] removing player 1 token from slot 4
[19:12:28.127] [SEVERE ] player 1 placing token on slot 7
[19:12:28.128] [SEVERE ] removing player 1 token from slot 7
[19:12:28.129] [SEVERE ] player 1 placing token on slot 1
[19:12:28.129] [SEVERE ] removing player 1 token from slot 1
[19:12:28.129] [SEVERE ] player 1 placing token on slot 3
[19:12:28.130] [SEVERE ] removing player 1 token from slot 3
[19:12:28.131] [SEVERE ] player 1 placing token on slot 5
[19:12:28.132] [SEVERE ] removing player 1 token from slot 5
[19:12:28.132] [SEVERE ] player 1 placing token on slot 10
[19:12:28.133] [SEVERE ] removing player 1 token from slot 10
[19:12:28.133] [SEVERE ] player 1 placing token on slot 7
[19:12:28.134] [SEVERE ] removing player 1 token from slot 11
[19:12:28.134] [SEVERE ] player 1 placing token on slot 5
[19:12:28.134] [SEVERE ] removing player 1 token from slot 7
[19:12:28.134] [SEVERE ] player 1 placing token on slot 6
[19:12:28.136] [SEVERE ] removing player 1 token from slot 6
[19:12:28.136] [SEVERE ] player 1 placing token on slot 9
[19:12:28.136] [SEVERE ] removing player 1 token from slot 2
[19:12:28.136] [SEVERE ] player 1 placing token on slot 11
[19:12:28.136] [SEVERE ] removing player 1 token from slot 9
[19:12:28.136] [SEVERE ] player 1 placing token on slot 1
[19:12:28.137] [SEVERE ] removing player 1 token from slot 1
[19:12:28.137] [SEVERE ] player 1 placing token on slot 7
[19:12:28.138] [SEVERE ] removing player 1 token from slot 7
[19:12:28.138] [SEVERE ] player 1 placing token on slot 9
[19:12:28.138] [SEVERE ] removing player 1 token from slot 9
[19:12:28.138] [SEVERE ] player 1 placing token on slot 1
[19:12:28.139] [SEVERE ] removing player 1 token from slot 5
[19:12:28.139] [SEVERE ] player 1 placing token on slot 0
[19:12:28.139] [SEVERE ] removing player 1 token from slot 0
[19:12:28.139] [SEVERE ] player 1 placing token on slot 3
[19:12:28.140] [SEVERE ] removing player 1 token from slot 3
[19:12:28.141] [SEVERE ] removing player 1 token from slot 1
[19:12:28.141] [SEVERE ] player 1 placing token on slot 6
[19:12:28.141] [SEVERE ] player 1 placing token on slot 3
[19:12:28.141] [SEVERE ] removing player 1 token from slot 6
[19:12:28.141] [SEVERE ] player 1 placing token on slot 10
[19:12:28.141] [SEVERE ] removing player 1 token from slot 10
[19:12:28.141] [SEVERE ] player 1 placing token on slot 8
[19:12:28.142] [SEVERE ] setting player 1 freeze to 3000
[19:12:28.169] [SEVERE ] removing player 3 token from slot 2
[19:12:28.171] [SEVERE ] player 3 placing token on slot 6
[19:12:28.172] [SEVERE ] removing player 3 token from slot 4
[19:12:28.172] [SEVERE ] removing player 3 token from slot 6
[19:12:28.172] [SEVERE ] player 3 placing token on slot 5
[19:12:28.172] [SEVERE ] player 3 placing token on slot 4
[19:12:28.172] [SEVERE ] removing player 3 token from slot 11
[19:12:28.172] [SEVERE ] player 3 placing token on slot 9
[19:12:28.173] [SEVERE ] removing player 3 token from slot 9
[19:12:28.173] [SEVERE ] player 3 placing token on slot 0
[19:12:28.174] [SEVERE ] removing player 3 token from slot 4
[19:12:28.174] [SEVERE ] player 3 placing token on slot 10
[19:12:28.174] [SEVERE ] removing player 3 token from slot 10
[19:12:28.175] [SEVERE ] player 3 placing token on slot 1
[19:12:28.178] [SEVERE ] setting player 4 freeze to 0
[19:12:28.189] [SEVERE ] removing player 3 token from slot 0
[19:12:28.189] [SEVERE ] player 3 placing token on slot 10
[19:12:28.190] [SEVERE ] removing player 3 token from slot 1
[19:12:28.190] [SEVERE ] player 3 placing token on slot 0
[19:12:28.191] [SEVERE ] removing player 3 token from slot 5
[19:12:28.193] [SEVERE ] player 3 placing token on slot 1
[19:12:28.196] [SEVERE ] setting player 2 freeze to 0
[19:12:28.194] [SEVERE ] removing player 3 token from slot 10
[19:12:28.220] [SEVERE ] player 3 placing token on slot 8
[19:12:28.221] [SEVERE ] removing player 3 token from slot 0
[19:12:28.221] [SEVERE ] player 3 placing token on slot 10
[19:12:28.221] [SEVERE ] removing player 3 token from slot 8
[19:12:28.221] [SEVERE ] player 3 placing token on slot 0
[19:12:28.222] [SEVERE ] removing player 3 token from slot 0
[19:12:28.222] [SEVERE ] player 3 placing token on slot 9
[19:12:28.222] [SEVERE ] removing player 3 token from slot 9
[19:12:28.222] [SEVERE ] removing player 3 token from slot 1
[19:12:28.222] [SEVERE ] player 3 placing token on slot 4
[19:12:28.224] [SEVERE ] player 3 placing token on slot 11
[19:12:28.224] [SEVERE ] removing player 3 token from slot 4
[19:12:28.224] [SEVERE ] removing player 3 token from slot 11
[19:12:28.225] [SEVERE ] player 3 placing token on slot 0
[19:12:28.226] [SEVERE ] player 3 placing token on slot 5
[19:12:28.230] [SEVERE ] removing player 3 token from slot 0
[19:12:28.230] [SEVERE ] removing player 3 token from slot 5
[19:12:28.230] [SEVERE ] player 3 placing token on slot 7
[19:12:28.230] [SEVERE ] removing player 3 token from slot 10
[19:12:28.230] [SEVERE ] player 3 placing token on slot 9
[19:12:28.230] [SEVERE ] player 3 placing token on slot 8
[19:12:28.231] [SEVERE ] removing player 3 token from slot 9
[19:12:28.232] [SEVERE ] removing player 3 token from slot 8
[19:12:28.232] [SEVERE ] player 3 placing token on slot 4
[19:12:28.232] [SEVERE ] player 3 placing token on slot 1
[19:12:28.234] [SEVERE ] player 4 placing token on slot 8
[19:12:28.234] [SEVERE ] removing player 3 token from slot 4
[19:12:28.234] [SEVERE ] removing player 2 token from slot 10
[19:12:28.234] [SEVERE ] removing player 2 token from slot 2
[19:12:28.234] [SEVERE ] player 2 placing token on slot 0
[19:12:28.234] [SEVERE ] player 2 placing token on slot 5
[19:12:28.234] [SEVERE ] player 2 placing token on slot 11
[19:12:28.234] [SEVERE ] setting player 4 freeze to 3000
[19:12:28.237] [SEVERE ] removing player 2 token from slot 5
[19:12:28.237] [SEVERE ] removing player 2 token from slot 11
[19:12:28.238] [SEVERE ] player 2 placing token on slot 9
[19:12:28.238] [SEVERE ] player 2 placing token on slot 1
[19:12:28.238] [SEVERE ] removing player 2 token from slot 1
[19:12:28.238] [SEVERE ] player 2 placing token on slot 10
[19:12:28.238] [SEVERE ] removing player 2 token from slot 10
[19:12:28.238] [SEVERE ] player 2 placing token on slot 11
[19:12:28.238] [SEVERE ] removing player 2 token from slot 11
[19:12:28.238] [SEVERE ] player 2 placing token on slot 1
[19:12:28.239] [SEVERE ] removing player 2 token from slot 9
[19:12:28.239] [SEVERE ] player 2 placing token on slot 11
[19:12:28.239] [SEVERE ] removing player 2 token from slot 1
[19:12:28.239] [SEVERE ] player 2 placing token on slot 8
[19:12:28.260] [SEVERE ] setting player 3 freeze to 3000
[19:12:28.274] [SEVERE ] setting player 2 score to 1
[19:12:28.274] [SEVERE ] setting player 2 freeze to 1000
[19:12:28.342] [SEVERE ] removing tokens from slot 0
[19:12:28.342] [SEVERE ] removing card from slot 0
[19:12:28.457] [SEVERE ] removing tokens from slot 8
[19:12:28.457] [SEVERE ] removing card from slot 8
[19:12:28.566] [SEVERE ] removing tokens from slot 11
[19:12:28.567] [SEVERE ] removing card from slot 11
[19:12:28.567] [SEVERE ] updating countdown to 60000
[19:12:28.678] [SEVERE ] placing card 5 in slot 11
[19:12:28.780] [SEVERE ] placing card 13 in slot 0
[19:12:28.885] [SEVERE ] placing card 6 in slot 8
[19:12:28.950] [SEVERE ] updating countdown to 59000
[19:12:29.152] [SEVERE ] setting player 1 freeze to 2000
[19:12:29.240] [SEVERE ] setting player 4 freeze to 2000
[19:12:29.261] [SEVERE ] setting player 3 freeze to 2000
[19:12:29.275] [SEVERE ] setting player 2 freeze to 0
[19:12:29.276] [SEVERE ] setting player 2 freeze to 3000
[19:12:29.957] [SEVERE ] updating countdown to 58000
[19:12:30.154] [SEVERE ] setting player 1 freeze to 1000
[19:12:30.241] [SEVERE ] setting player 4 freeze to 1000
[19:12:30.265] [SEVERE ] setting player 3 freeze to 1000
[19:12:30.276] [SEVERE ] setting player 2 freeze to 2000
[19:12:30.959] [SEVERE ] updating countdown to 57000
[19:12:31.155] [SEVERE ] setting player 1 freeze to 0
[19:12:31.169] [SEVERE ] player 1 placing token on slot 11
[19:12:31.173] [SEVERE ] player 1 placing token on slot 6
[19:12:31.176] [SEVERE ] removing player 1 token from slot 11
[19:12:31.180] [SEVERE ] removing player 1 token from slot 6
[19:12:31.180] [SEVERE ] player 1 placing token on slot 9
[19:12:31.181] [SEVERE ] setting player 1 freeze to 3000
[19:12:31.242] [SEVERE ] setting player 4 freeze to 0
[19:12:31.261] [SEVERE ] player 4 placing token on slot 6
[19:12:31.262] [SEVERE ] removing player 4 token from slot 9
[19:12:31.263] [SEVERE ] player 4 placing token on slot 11
[19:12:31.269] [SEVERE ] setting player 3 freeze to 0
[19:12:31.282] [SEVERE ] player 4 placing token on slot 2
[19:12:31.282] [SEVERE ] removing player 4 token from slot 2
[19:12:31.282] [SEVERE ] player 4 placing token on slot 8
[19:12:31.282] [SEVERE ] removing player 4 token from slot 8
[19:12:31.282] [SEVERE ] player 4 placing token on slot 7
[19:12:31.283] [SEVERE ] setting player 4 freeze to 3000
[19:12:31.289] [SEVERE ] setting player 2 freeze to 1000
[19:12:31.300] [SEVERE ] player 3 placing token on slot 3
[19:12:31.304] [SEVERE ] removing player 3 token from slot 7
[19:12:31.305] [SEVERE ] player 3 placing token on slot 2
[19:12:31.307] [SEVERE ] removing player 3 token from slot 3
[19:12:31.307] [SEVERE ] player 3 placing token on slot 11
[19:12:31.308] [SEVERE ] removing player 3 token from slot 11
[19:12:31.308] [SEVERE ] player 3 placing token on slot 3
[19:12:31.308] [SEVERE ] setting player 3 freeze to 3000
[19:12:31.960] [SEVERE ] updating countdown to 56000
[19:12:32.187] [SEVERE ] setting player 1 freeze to 2000
[19:12:32.284] [SEVERE ] setting player 4 freeze to 2000
[19:12:32.293] [SEVERE ] setting player 2 freeze to 0
[19:12:32.305] [SEVERE ] player 2 placing token on slot 1
[19:12:32.306] [SEVERE ] player 2 placing token on slot 8
[19:12:32.306] [SEVERE ] player 2 placing token on slot 6
[19:12:32.308] [SEVERE ] removing player 2 token from slot 1
[19:12:32.308] [SEVERE ] removing player 2 token from slot 8
[19:12:32.309] [SEVERE ] removing player 2 token from slot 6
[19:12:32.309] [SEVERE ] player 2 placing token on slot 10
[19:12:32.310] [SEVERE ] player 2 placing token on slot 5
[19:12:32.310] [SEVERE ] player 2 placing token on slot 9
[19:12:32.311] [SEVERE ] removing player 2 token from slot 10
[19:12:32.313] [SEVERE ] setting player 3 freeze to 2000
[19:12:32.320] [SEVERE ] removing player 2 token from slot 5
[19:12:32.322] [SEVERE ] removing player 2 token from slot 9
[19:12:32.322] [SEVERE ] player 2 placing token on slot 6
[19:12:32.322] [SEVERE ] player 2 placing token on slot 0
[19:12:32.322] [SEVERE ] player 2 placing token on slot 7
[19:12:32.323] [SEVERE ] removing player 2 token from slot 6
[19:12:32.323] [SEVERE ] removing player 2 token from slot 0
[19:12:32.323] [SEVERE ] removing player 2 token from slot 7
[19:12:32.324] [SEVERE ] player 2 placing token on slot 5
[19:12:32.324] [SEVERE ] player 2 placing token on slot 1
[19:12:32.324] [SEVERE ] player 2 placing token on slot 0
[19:12:32.325] [SEVERE ] removing player 2 token from slot 5
[19:12:32.326] [SEVERE ] removing player 2 token from slot 1
[19:12:32.326] [SEVERE ] removing player 2 token from slot 0
[19:12:32.326] [SEVERE ] player 2 placing token on slot 11
[19:12:32.332] [SEVERE ] player 2 placing token on slot 10
[19:12:32.332] [SEVERE ] player 2 placing token on slot 0
[19:12:32.333] [SEVERE ] removing player 2 token from slot 11
[19:12:32.333] [SEVERE ] removing player 2 token from slot 10
[19:12:32.334] [SEVERE ] removing player 2 token from slot 0
[19:12:32.334] [SEVERE ] player 2 placing token on slot 9
[19:12:32.334] [SEVERE ] player 2 placing token on slot 5
[19:12:32.334] [SEVERE ] player 2 placing token on slot 11
[19:12:32.334] [SEVERE ] removing player 2 token from slot 9
[19:12:32.334] [SEVERE ] removing player 2 token from slot 5
[19:12:32.334] [SEVERE ] removing player 2 token from slot 11
[19:12:32.335] [SEVERE ] player 2 placing token on slot 9
[19:12:32.335] [SEVERE ] player 2 placing token on slot 11
[19:12:32.335] [SEVERE ] player 2 placing token on slot 3
[19:12:32.335] [SEVERE ] removing player 2 token from slot 9
[19:12:32.335] [SEVERE ] removing player 2 token from slot 11
[19:12:32.335] [SEVERE ] removing player 2 token from slot 3
[19:12:32.336] [SEVERE ] player 2 placing token on slot 11
[19:12:32.336] [SEVERE ] player 2 placing token on slot 3
[19:12:32.336] [SEVERE ] player 2 placing token on slot 2
[19:12:32.341] [SEVERE ] removing player 2 token from slot 11
[19:12:32.341] [SEVERE ] setting player 2 freeze to 3000
[19:12:32.961] [SEVERE ] updating countdown to 55000
[19:12:33.188] [SEVERE ] setting player 1 freeze to 1000
[19:12:33.285] [SEVERE ] setting player 4 freeze to 1000
[19:12:33.321] [SEVERE ] setting player 3 freeze to 1000
[19:12:33.349] [SEVERE ] setting player 2 freeze to 2000
[19:12:33.962] [SEVERE ] updating countdown to 54000
[19:12:34.191] [SEVERE ] setting player 1 freeze to 0
[19:12:34.198] [SEVERE ] player 1 placing token on slot 1
[19:12:34.199] [SEVERE ] removing player 1 token from slot 3
[19:12:34.199] [SEVERE ] removing player 1 token from slot 1
[19:12:34.200] [SEVERE ] player 1 placing token on slot 6
[19:12:34.200] [SEVERE ] player 1 placing token on slot 3
[19:12:34.206] [SEVERE ] removing player 1 token from slot 9
[19:12:34.207] [SEVERE ] player 1 placing token on slot 4
[19:12:34.207] [SEVERE ] removing player 1 token from slot 6
[19:12:34.209] [SEVERE ] player 1 placing token on slot 2
[19:12:34.210] [SEVERE ] removing player 1 token from slot 3
[19:12:34.210] [SEVERE ] removing player 1 token from slot 4
[19:12:34.210] [SEVERE ] player 1 placing token on slot 0
[19:12:34.210] [SEVERE ] player 1 placing token on slot 3
[19:12:34.218] [SEVERE ] setting player 1 freeze to 3000
[19:12:34.287] [SEVERE ] setting player 4 freeze to 0
[19:12:34.311] [SEVERE ] removing player 4 token from slot 11
[19:12:34.312] [SEVERE ] removing player 4 token from slot 7
[19:12:34.315] [SEVERE ] player 4 placing token on slot 4
[19:12:34.315] [SEVERE ] removing player 4 token from slot 6
[19:12:34.315] [SEVERE ] player 4 placing token on slot 2
[19:12:34.318] [SEVERE ] removing player 4 token from slot 4
[19:12:34.318] [SEVERE ] player 4 placing token on slot 6
[19:12:34.318] [SEVERE ] removing player 4 token from slot 2
[19:12:34.318] [SEVERE ] player 4 placing token on slot 4
[19:12:34.318] [SEVERE ] player 4 placing token on slot 1
[19:12:34.331] [SEVERE ] removing player 4 token from slot 1
[19:12:34.343] [SEVERE ] setting player 3 freeze to 0
[19:12:34.348] [SEVERE ] removing player 3 token from slot 3
[19:12:34.348] [SEVERE ] player 3 placing token on slot 7
[19:12:34.348] [SEVERE ] removing player 3 token from slot 2
[19:12:34.348] [SEVERE ] player 3 placing token on slot 4
[19:12:34.349] [SEVERE ] removing player 3 token from slot 1
[19:12:34.355] [SEVERE ] player 3 placing token on slot 11
[19:12:34.356] [SEVERE ] removing player 3 token from slot 4
[19:12:34.356] [SEVERE ] player 3 placing token on slot 9
[19:12:34.356] [SEVERE ] removing player 3 token from slot 7
[19:12:34.356] [SEVERE ] removing player 3 token from slot 9
[19:12:34.356] [SEVERE ] player 3 placing token on slot 8
[19:12:34.356] [SEVERE ] player 3 placing token on slot 7
[19:12:34.356] [SEVERE ] removing player 3 token from slot 8
[19:12:34.356] [SEVERE ] player 3 placing token on slot 3
[19:12:34.356] [SEVERE ] removing player 3 token from slot 3
[19:12:34.357] [SEVERE ] player 3 placing token on slot 1
[19:12:34.357] [SEVERE ] removing player 3 token from slot 1
[19:12:34.357] [SEVERE ] player 3 placing token on slot 10
[19:12:34.357] [SEVERE ] removing player 3 token from slot 10
[19:12:34.357] [SEVERE ] removing player 3 token from slot 7
[19:12:34.357] [SEVERE ] player 3 placing token on slot 9
[19:12:34.357] [SEVERE ] player 3 placing token on slot 1
[19:12:34.357] [SEVERE ] removing player 3 token from slot 9
[19:12:34.357] [SEVERE ] removing player 3 token from slot 1
[19:12:34.357] [SEVERE ] player 3 placing token on slot 10
[19:12:34.358] [SEVERE ] player 3 placing token on slot 0
[19:12:34.358] [SEVERE ] removing player 3 token from slot 10
[19:12:34.358] [SEVERE ] removing player 3 token from slot 0
[19:12:34.358] [SEVERE ] player 3 placing token on slot 5
[19:12:34.358] [SEVERE ] player 3 placing token on slot 8
[19:12:34.358] [SEVERE ] removing player 3 token from slot 5
[19:12:34.358] [SEVERE ] removing player 3 token from slot 8
[19:12:34.358] [SEVERE ] player 3 placing token on slot 10
[19:12:34.358] [SEVERE ] player 3 placing token on slot 5
[19:12:34.358] [SEVERE ] removing player 3 token from slot 5
[19:12:34.358] [SEVERE ] player 3 placing token on slot 3
[19:12:34.359] [SEVERE ] removing player 3 token from slot 3
[19:12:34.362] [SEVERE ] setting player 4 freeze to 3000
[19:12:34.361] [SEVERE ] setting player 3 freeze to 3000
[19:12:34.375] [SEVERE ] setting player 2 freeze to 1000
[19:12:34.965] [SEVERE ] updating countdown to 53000
[19:12:35.220] [SEVERE ] setting player 1 freeze to 2000
[19:12:35.362] [SEVERE ] setting player 4 freeze to 2000
[19:12:35.376] [SEVERE ] setting player 3 freeze to 2000
[19:12:35.376] [SEVERE ] setting player 2 freeze to 0
[19:12:35.376] [SEVERE ] player 2 placing token on slot 6
[19:12:35.378] [SEVERE ] removing player 2 token from slot 6
[19:12:35.379] [SEVERE ] setting player 2 freeze to 3000
[19:12:35.770] [SEVERE ] exit button pressed
[19:12:35.779] [INFO   ] thread computer-3 terminated.
[19:12:35.966] [SEVERE ] updating countdown to 52000
[19:12:36.225] [SEVERE ] setting player 1 freeze to 1000
[19:12:36.366] [SEVERE ] setting player 4 freeze to 1000
[19:12:36.387] [SEVERE ] setting player 2 freeze to 2000
[19:12:36.388] [SEVERE ] setting player 3 freeze to 1000
[19:12:36.967] [SEVERE ] updating countdown to 51000
[19:12:37.248] [SEVERE ] setting player 1 freeze to 0
[19:12:37.255] [SEVERE ] removing player 1 token from slot 0
[19:12:37.256] [SEVERE ] player 1 placing token on slot 9
[19:12:37.261] [SEVERE ] setting player 1 freeze to 3000
[19:12:37.362] [SEVERE ] removing tokens from slot 3
[19:12:37.363] [SEVERE ] removing card from slot 3
[19:12:37.377] [SEVERE ] setting player 4 freeze to 0
[19:12:37.378] [INFO   ] thread 3 terminated.
[19:12:37.394] [SEVERE ] setting player 3 freeze to 0
[19:12:37.398] [SEVERE ] setting player 2 freeze to 1000
[19:12:37.398] [INFO   ] thread computer-2 terminated.
[19:12:37.398] [INFO   ] thread 2 terminated.
[19:12:37.399] [INFO   ] thread computer-1 terminated.
[19:12:37.472] [SEVERE ] removing tokens from slot 7
[19:12:37.472] [SEVERE ] removing card from slot 7
[19:12:37.573] [SEVERE ] removing tokens from slot 2
[19:12:37.573] [SEVERE ] removing card from slot 2
[19:12:37.679] [SEVERE ] removing tokens from slot 8
[19:12:37.680] [SEVERE ] removing card from slot 8
[19:12:37.780] [SEVERE ] removing tokens from slot 10
[19:12:37.780] [SEVERE ] removing card from slot 10
[19:12:37.885] [SEVERE ] removing tokens from slot 9
[19:12:37.886] [SEVERE ] removing card from slot 9
[19:12:37.967] [SEVERE ] updating countdown to 50000
[19:12:37.986] [SEVERE ] removing tokens from slot 4
[19:12:37.986] [SEVERE ] removing card from slot 4
[19:12:38.087] [SEVERE ] removing tokens from slot 1
[19:12:38.087] [SEVERE ] removing card from slot 1
[19:12:38.188] [SEVERE ] removing tokens from slot 6
[19:12:38.189] [SEVERE ] removing card from slot 6
[19:12:38.263] [SEVERE ] setting player 1 freeze to 2000
[19:12:38.290] [SEVERE ] removing tokens from slot 5
[19:12:38.291] [SEVERE ] removing card from slot 5
[19:12:38.391] [SEVERE ] removing tokens from slot 11
[19:12:38.392] [SEVERE ] removing card from slot 11
[19:12:38.400] [SEVERE ] setting player 2 freeze to 0
[19:12:38.400] [INFO   ] thread 1 terminated.
[19:12:38.400] [INFO   ] thread computer-0 terminated.
[19:12:38.492] [SEVERE ] removing tokens from slot 0
[19:12:38.493] [SEVERE ] removing card from slot 0
[19:12:38.968] [SEVERE ] updating countdown to 49000
[19:12:39.264] [SEVERE ] setting player 1 freeze to 1000
[19:12:39.970] [SEVERE ] updating countdown to 48000
[19:12:40.265] [SEVERE ] setting player 1 freeze to 0
[19:12:40.266] [INFO   ] thread 0 terminated.
[19:12:40.268] [SEVERE ] announcing winner(s): player 2
[19:12:40.269] [INFO   ] thread dealer terminated.
[19:12:40.270] [INFO   ] thread dealer terminated.
[19:12:40.270] [SEVERE ] thanks for playing... it was fun!
[19:12:40.270] [INFO   ] thread main terminated.
