[18:59:52.083] [INFO   ] thread main starting.
[18:59:52.087] [SEVERE ] cannot read configuration file config.properties trying from resources.
[18:59:52.088] [SEVERE ] configuration file was loaded from resources directory.
[18:59:52.492] [INFO   ] thread dealer starting.
[18:59:52.505] [INFO   ] thread dealer starting.
[18:59:52.505] [SEVERE ] updating countdown to 60000
[18:59:52.623] [SEVERE ] placing card 70 in slot 10
[18:59:52.724] [SEVERE ] placing card 49 in slot 3
[18:59:52.839] [SEVERE ] placing card 77 in slot 0
[18:59:52.942] [SEVERE ] placing card 55 in slot 1
[18:59:53.043] [SEVERE ] placing card 61 in slot 6
[18:59:53.146] [SEVERE ] placing card 54 in slot 4
[18:59:53.261] [SEVERE ] placing card 38 in slot 8
[18:59:53.363] [SEVERE ] placing card 27 in slot 11
[18:59:53.464] [SEVERE ] placing card 29 in slot 7
[18:59:53.566] [SEVERE ] placing card 68 in slot 9
[18:59:53.666] [SEVERE ] placing card 46 in slot 2
[18:59:53.768] [SEVERE ] placing card 78 in slot 5
[18:59:53.768] [SEVERE ] updating countdown to 60000
[18:59:53.769] [INFO   ] thread 1 starting.
[18:59:53.776] [INFO   ] thread 0 starting.
[18:59:53.784] [SEVERE ] updating countdown to 60000
[18:59:54.788] [SEVERE ] updating countdown to 59000
[18:59:55.046] [SEVERE ] key 65 was pressed by player 1
[18:59:55.046] [SEVERE ] player 1 placing token on slot 4
[18:59:55.223] [SEVERE ] key 68 was pressed by player 1
[18:59:55.223] [SEVERE ] player 1 placing token on slot 6
[18:59:55.392] [SEVERE ] key 65 was pressed by player 1
[18:59:55.393] [SEVERE ] removing player 1 token from slot 4
[18:59:55.393] [SEVERE ] key 83 was pressed by player 1
[18:59:55.393] [SEVERE ] player 1 placing token on slot 5
[18:59:55.478] [SEVERE ] key 68 was pressed by player 1
[18:59:55.478] [SEVERE ] removing player 1 token from slot 6
[18:59:55.617] [SEVERE ] key 88 was pressed by player 1
[18:59:55.617] [SEVERE ] player 1 placing token on slot 9
[18:59:55.760] [SEVERE ] key 65 was pressed by player 1
[18:59:55.760] [SEVERE ] player 1 placing token on slot 4
[18:59:55.761] [SEVERE ] setting player 1 freeze to 3000
[18:59:55.761] [SEVERE ] key 83 was pressed by player 1
[18:59:55.789] [SEVERE ] updating countdown to 58000
[18:59:55.908] [SEVERE ] key 67 was pressed by player 1
[18:59:55.908] [SEVERE ] key 70 was pressed by player 1
[18:59:56.773] [SEVERE ] setting player 1 freeze to 2000
[18:59:56.790] [SEVERE ] updating countdown to 57000
[18:59:57.775] [SEVERE ] setting player 1 freeze to 1000
[18:59:57.792] [SEVERE ] updating countdown to 56000
[18:59:58.514] [SEVERE ] exit button pressed
[18:59:58.515] [INFO   ] thread 1 terminated.
[18:59:58.782] [SEVERE ] setting player 1 freeze to 0
[18:59:58.783] [INFO   ] thread 0 terminated.
[18:59:58.793] [SEVERE ] updating countdown to 55000
[18:59:59.795] [SEVERE ] updating countdown to 54000
[19:00:00.795] [SEVERE ] updating countdown to 53000
[19:00:01.796] [SEVERE ] updating countdown to 52000
[19:00:02.824] [SEVERE ] updating countdown to 51000
[19:00:03.826] [SEVERE ] updating countdown to 50000
[19:00:04.830] [SEVERE ] updating countdown to 49000
[19:00:05.839] [SEVERE ] updating countdown to 48000
[19:00:06.846] [SEVERE ] updating countdown to 47000
[19:00:07.848] [SEVERE ] updating countdown to 46000
[19:00:08.849] [SEVERE ] updating countdown to 45000
[19:00:09.867] [SEVERE ] updating countdown to 44000
[19:00:10.868] [SEVERE ] updating countdown to 43000
[19:00:11.871] [SEVERE ] updating countdown to 42000
[19:00:12.874] [SEVERE ] updating countdown to 41000
[19:00:13.875] [SEVERE ] updating countdown to 40000
[19:00:14.877] [SEVERE ] updating countdown to 39000
[19:00:15.878] [SEVERE ] updating countdown to 38000
[19:00:16.880] [SEVERE ] updating countdown to 37000
[19:00:17.881] [SEVERE ] updating countdown to 36000
[19:00:18.892] [SEVERE ] updating countdown to 35000
[19:00:19.894] [SEVERE ] updating countdown to 34000
[19:00:20.896] [SEVERE ] updating countdown to 33000
[19:00:21.898] [SEVERE ] updating countdown to 32000
[19:00:22.899] [SEVERE ] updating countdown to 31000
[19:00:23.901] [SEVERE ] updating countdown to 30000
[19:00:24.901] [SEVERE ] updating countdown to 29000
[19:00:25.906] [SEVERE ] updating countdown to 28000
[19:00:26.907] [SEVERE ] updating countdown to 27000
[19:00:27.910] [SEVERE ] updating countdown to 26000
[19:00:28.911] [SEVERE ] updating countdown to 25000
[19:00:29.926] [SEVERE ] updating countdown to 24000
[19:00:30.928] [SEVERE ] updating countdown to 23000
[19:00:31.929] [SEVERE ] updating countdown to 22000
[19:00:32.952] [SEVERE ] updating countdown to 21000
[19:00:33.954] [SEVERE ] updating countdown to 20000
[19:00:34.992] [SEVERE ] updating countdown to 19000
[19:00:36.004] [SEVERE ] updating countdown to 18000
[19:00:37.007] [SEVERE ] updating countdown to 17000
[19:00:38.017] [SEVERE ] updating countdown to 16000
[19:00:39.021] [SEVERE ] updating countdown to 15000
[19:00:40.022] [SEVERE ] updating countdown to 14000
[19:00:41.024] [SEVERE ] updating countdown to 13000
[19:00:42.025] [SEVERE ] updating countdown to 12000
[19:00:43.027] [SEVERE ] updating countdown to 11000
[19:00:44.030] [SEVERE ] updating countdown to 10000
[19:00:45.030] [SEVERE ] updating countdown to 9000
[19:00:46.034] [SEVERE ] updating countdown to 8000
[19:00:47.045] [SEVERE ] updating countdown to 7000
[19:00:48.049] [SEVERE ] updating countdown to 6000
[19:00:49.054] [SEVERE ] updating countdown to 5000
[19:00:50.058] [SEVERE ] updating countdown to 4000
[19:00:51.069] [SEVERE ] updating countdown to 3000
[19:00:52.073] [SEVERE ] updating countdown to 2000
[19:00:53.085] [SEVERE ] updating countdown to 1000
[19:00:54.088] [SEVERE ] updating countdown to 0
[19:00:54.862] [SEVERE ] removing tokens from slot 7
[19:00:54.862] [SEVERE ] removing card from slot 7
[19:00:54.966] [SEVERE ] removing tokens from slot 1
[19:00:54.966] [SEVERE ] removing card from slot 1
[19:00:55.068] [SEVERE ] removing tokens from slot 11
[19:00:55.068] [SEVERE ] removing card from slot 11
[19:00:55.170] [SEVERE ] removing tokens from slot 6
[19:00:55.170] [SEVERE ] removing card from slot 6
[19:00:55.271] [SEVERE ] removing tokens from slot 5
[19:00:55.271] [SEVERE ] removing card from slot 5
[19:00:55.376] [SEVERE ] removing tokens from slot 10
[19:00:55.376] [SEVERE ] removing card from slot 10
[19:00:55.477] [SEVERE ] removing tokens from slot 3
[19:00:55.477] [SEVERE ] removing card from slot 3
[19:00:55.584] [SEVERE ] removing tokens from slot 2
[19:00:55.585] [SEVERE ] removing card from slot 2
[19:00:55.696] [SEVERE ] removing tokens from slot 4
[19:00:55.697] [SEVERE ] removing card from slot 4
[19:00:55.797] [SEVERE ] removing tokens from slot 9
[19:00:55.798] [SEVERE ] removing card from slot 9
[19:00:55.909] [SEVERE ] removing tokens from slot 8
[19:00:55.909] [SEVERE ] removing card from slot 8
[19:00:56.019] [SEVERE ] removing tokens from slot 0
[19:00:56.020] [SEVERE ] removing card from slot 0
[19:00:56.022] [SEVERE ] announcing winner(s): player 1, player 2
[19:00:56.023] [INFO   ] thread dealer terminated.
[19:00:56.023] [INFO   ] thread dealer terminated.
[19:00:56.023] [SEVERE ] thanks for playing... it was fun!
[19:00:56.024] [INFO   ] thread main terminated.
