[19:00:42.573] [INFO   ] thread main starting.
[19:00:42.577] [SEVERE ] cannot read configuration file config.properties trying from resources.
[19:00:42.577] [SEVERE ] configuration file was loaded from resources directory.
[19:00:42.933] [INFO   ] thread dealer starting.
[19:00:42.942] [INFO   ] thread dealer starting.
[19:00:42.961] [SEVERE ] updating countdown to 60000
[19:00:43.069] [SEVERE ] placing card 51 in slot 11
[19:00:43.203] [SEVERE ] placing card 65 in slot 7
[19:00:43.304] [SEVERE ] placing card 27 in slot 5
[19:00:43.405] [SEVERE ] placing card 32 in slot 10
[19:00:43.507] [SEVERE ] placing card 35 in slot 0
[19:00:43.608] [SEVERE ] placing card 43 in slot 3
[19:00:43.709] [SEVERE ] placing card 4 in slot 9
[19:00:43.811] [SEVERE ] placing card 63 in slot 2
[19:00:43.914] [SEVERE ] placing card 20 in slot 1
[19:00:44.016] [SEVERE ] placing card 57 in slot 4
[19:00:44.117] [SEVERE ] placing card 68 in slot 8
[19:00:44.221] [SEVERE ] placing card 34 in slot 6
[19:00:44.222] [SEVERE ] updating countdown to 60000
[19:00:44.223] [INFO   ] thread 0 starting.
[19:00:44.225] [INFO   ] thread 1 starting.
[19:00:44.234] [INFO   ] thread 3 starting.
[19:00:44.236] [INFO   ] thread 2 starting.
[19:00:44.239] [INFO   ] thread computer-0 starting.
[19:00:44.279] [INFO   ] thread computer-1 starting.
[19:00:44.309] [INFO   ] thread computer-2 starting.
[19:00:44.309] [SEVERE ] updating countdown to 60000
[19:00:44.310] [SEVERE ] player 1 placing token on slot 1
[19:00:44.318] [SEVERE ] player 1 placing token on slot 0
[19:00:44.319] [SEVERE ] player 1 placing token on slot 8
[19:00:44.333] [INFO   ] thread computer-3 starting.
[19:00:44.425] [SEVERE ] removing tokens from slot 0
[19:00:44.426] [SEVERE ] removing card from slot 0
[19:00:44.526] [SEVERE ] removing tokens from slot 1
[19:00:44.527] [SEVERE ] removing card from slot 1
[19:00:44.633] [SEVERE ] removing tokens from slot 8
[19:00:44.634] [SEVERE ] removing card from slot 8
[19:00:44.634] [SEVERE ] updating countdown to 60000
[19:00:44.636] [SEVERE ] setting player 1 score to 1
[19:00:44.651] [SEVERE ] setting player 1 freeze to 1000
[19:00:44.750] [SEVERE ] placing card 46 in slot 1
[19:00:44.870] [SEVERE ] placing card 52 in slot 0
[19:00:44.973] [SEVERE ] placing card 59 in slot 8
[19:00:44.974] [SEVERE ] player 4 placing token on slot 2
[19:00:44.977] [SEVERE ] player 4 placing token on slot 11
[19:00:44.977] [SEVERE ] player 4 placing token on slot 9
[19:00:44.978] [SEVERE ] removing player 4 token from slot 9
[19:00:44.978] [SEVERE ] player 4 placing token on slot 1
[19:00:44.979] [SEVERE ] removing player 4 token from slot 1
[19:00:44.981] [SEVERE ] player 4 placing token on slot 7
[19:00:44.982] [SEVERE ] removing player 4 token from slot 2
[19:00:44.982] [SEVERE ] player 4 placing token on slot 1
[19:00:44.992] [SEVERE ] removing player 4 token from slot 1
[19:00:44.992] [SEVERE ] player 4 placing token on slot 5
[19:00:44.993] [SEVERE ] removing player 4 token from slot 7
[19:00:44.993] [SEVERE ] player 4 placing token on slot 6
[19:00:44.993] [SEVERE ] removing player 4 token from slot 5
[19:00:44.994] [SEVERE ] player 4 placing token on slot 7
[19:00:44.995] [SEVERE ] removing player 4 token from slot 6
[19:00:44.998] [SEVERE ] player 3 placing token on slot 2
[19:00:45.007] [SEVERE ] player 3 placing token on slot 5
[19:00:45.007] [SEVERE ] player 3 placing token on slot 10
[19:00:45.009] [SEVERE ] removing player 3 token from slot 2
[19:00:45.009] [SEVERE ] removing player 3 token from slot 5
[19:00:45.009] [SEVERE ] removing player 3 token from slot 10
[19:00:45.010] [SEVERE ] player 3 placing token on slot 0
[19:00:44.996] [SEVERE ] setting player 4 freeze to 3000
[19:00:45.032] [SEVERE ] player 2 placing token on slot 7
[19:00:45.037] [SEVERE ] player 2 placing token on slot 8
[19:00:45.037] [SEVERE ] player 2 placing token on slot 1
[19:00:45.037] [SEVERE ] removing player 2 token from slot 7
[19:00:45.037] [SEVERE ] removing player 2 token from slot 8
[19:00:45.038] [SEVERE ] removing player 2 token from slot 1
[19:00:45.025] [SEVERE ] setting player 3 freeze to 3000
[19:00:45.038] [SEVERE ] player 2 placing token on slot 0
[19:00:45.038] [SEVERE ] player 2 placing token on slot 5
[19:00:45.038] [SEVERE ] player 2 placing token on slot 6
[19:00:45.039] [SEVERE ] removing player 2 token from slot 0
[19:00:45.039] [SEVERE ] removing player 2 token from slot 5
[19:00:45.039] [SEVERE ] removing player 2 token from slot 6
[19:00:45.039] [SEVERE ] player 2 placing token on slot 11
[19:00:45.039] [SEVERE ] player 2 placing token on slot 2
[19:00:45.039] [SEVERE ] player 2 placing token on slot 1
[19:00:45.042] [SEVERE ] removing player 2 token from slot 11
[19:00:45.042] [SEVERE ] removing player 2 token from slot 2
[19:00:45.042] [SEVERE ] removing player 2 token from slot 1
[19:00:45.042] [SEVERE ] player 2 placing token on slot 7
[19:00:45.042] [SEVERE ] player 2 placing token on slot 5
[19:00:45.042] [SEVERE ] player 2 placing token on slot 2
[19:00:45.042] [SEVERE ] removing player 2 token from slot 7
[19:00:45.042] [SEVERE ] removing player 2 token from slot 5
[19:00:45.042] [SEVERE ] removing player 2 token from slot 2
[19:00:45.042] [SEVERE ] player 2 placing token on slot 0
[19:00:45.043] [SEVERE ] player 2 placing token on slot 10
[19:00:45.043] [SEVERE ] player 2 placing token on slot 6
[19:00:45.043] [SEVERE ] removing player 2 token from slot 0
[19:00:45.043] [SEVERE ] removing player 2 token from slot 10
[19:00:45.046] [SEVERE ] removing player 2 token from slot 6
[19:00:45.046] [SEVERE ] player 2 placing token on slot 4
[19:00:45.046] [SEVERE ] player 2 placing token on slot 7
[19:00:45.053] [SEVERE ] player 2 placing token on slot 11
[19:00:45.054] [SEVERE ] removing player 2 token from slot 4
[19:00:45.054] [SEVERE ] removing player 2 token from slot 7
[19:00:45.054] [SEVERE ] removing player 2 token from slot 11
[19:00:45.054] [SEVERE ] player 2 placing token on slot 8
[19:00:45.057] [SEVERE ] player 2 placing token on slot 10
[19:00:45.057] [SEVERE ] player 2 placing token on slot 5
[19:00:45.057] [SEVERE ] removing player 2 token from slot 8
[19:00:45.057] [SEVERE ] removing player 2 token from slot 10
[19:00:45.058] [SEVERE ] removing player 2 token from slot 5
[19:00:45.060] [SEVERE ] setting player 2 freeze to 3000
[19:00:45.311] [SEVERE ] updating countdown to 59000
[19:00:45.652] [SEVERE ] setting player 1 freeze to 0
[19:00:45.674] [SEVERE ] player 1 placing token on slot 5
[19:00:45.674] [SEVERE ] player 1 placing token on slot 9
[19:00:45.682] [SEVERE ] player 1 placing token on slot 4
[19:00:45.688] [SEVERE ] removing player 1 token from slot 5
[19:00:45.689] [SEVERE ] removing player 1 token from slot 9
[19:00:45.689] [SEVERE ] setting player 1 freeze to 3000
[19:00:46.038] [SEVERE ] setting player 4 freeze to 2000
[19:00:46.039] [SEVERE ] setting player 3 freeze to 2000
[19:00:46.065] [SEVERE ] setting player 2 freeze to 2000
[19:00:46.315] [SEVERE ] updating countdown to 58000
[19:00:46.710] [SEVERE ] setting player 1 freeze to 2000
[19:00:47.045] [SEVERE ] setting player 4 freeze to 1000
[19:00:47.046] [SEVERE ] setting player 3 freeze to 1000
[19:00:47.079] [SEVERE ] setting player 2 freeze to 1000
[19:00:47.318] [SEVERE ] updating countdown to 57000
[19:00:47.721] [SEVERE ] setting player 1 freeze to 1000
[19:00:48.049] [SEVERE ] setting player 4 freeze to 0
[19:00:48.050] [SEVERE ] setting player 3 freeze to 0
[19:00:48.065] [SEVERE ] player 3 placing token on slot 1
[19:00:48.066] [SEVERE ] player 3 placing token on slot 3
[19:00:48.067] [SEVERE ] removing player 3 token from slot 1
[19:00:48.068] [SEVERE ] removing player 3 token from slot 3
[19:00:48.068] [SEVERE ] player 3 placing token on slot 9
[19:00:48.071] [SEVERE ] player 3 placing token on slot 2
[19:00:48.075] [SEVERE ] removing player 3 token from slot 2
[19:00:48.076] [SEVERE ] player 3 placing token on slot 5
[19:00:48.076] [SEVERE ] removing player 3 token from slot 0
[19:00:48.077] [SEVERE ] player 3 placing token on slot 1
[19:00:48.077] [SEVERE ] removing player 3 token from slot 1
[19:00:48.078] [SEVERE ] player 3 placing token on slot 3
[19:00:48.080] [SEVERE ] setting player 2 freeze to 0
[19:00:48.082] [SEVERE ] removing player 3 token from slot 5
[19:00:48.082] [SEVERE ] player 3 placing token on slot 8
[19:00:48.083] [SEVERE ] removing player 3 token from slot 3
[19:00:48.083] [SEVERE ] player 3 placing token on slot 1
[19:00:48.083] [SEVERE ] removing player 3 token from slot 1
[19:00:48.084] [SEVERE ] player 3 placing token on slot 0
[19:00:48.086] [SEVERE ] removing player 3 token from slot 8
[19:00:48.086] [SEVERE ] player 3 placing token on slot 5
[19:00:48.087] [SEVERE ] removing player 3 token from slot 9
[19:00:48.090] [SEVERE ] player 3 placing token on slot 2
[19:00:48.090] [SEVERE ] removing player 3 token from slot 2
[19:00:48.091] [SEVERE ] player 3 placing token on slot 10
[19:00:48.091] [SEVERE ] removing player 3 token from slot 5
[19:00:48.092] [SEVERE ] player 3 placing token on slot 8
[19:00:48.092] [SEVERE ] removing player 3 token from slot 8
[19:00:48.092] [SEVERE ] player 3 placing token on slot 1
[19:00:48.092] [SEVERE ] removing player 3 token from slot 1
[19:00:48.092] [SEVERE ] player 3 placing token on slot 9
[19:00:48.092] [SEVERE ] removing player 3 token from slot 0
[19:00:48.093] [SEVERE ] player 3 placing token on slot 11
[19:00:48.094] [SEVERE ] removing player 3 token from slot 11
[19:00:48.094] [SEVERE ] player 3 placing token on slot 6
[19:00:48.094] [SEVERE ] removing player 3 token from slot 6
[19:00:48.094] [SEVERE ] player 3 placing token on slot 5
[19:00:48.095] [SEVERE ] removing player 3 token from slot 5
[19:00:48.095] [SEVERE ] player 3 placing token on slot 8
[19:00:48.095] [SEVERE ] removing player 3 token from slot 9
[19:00:48.095] [SEVERE ] player 3 placing token on slot 11
[19:00:48.096] [SEVERE ] removing player 3 token from slot 11
[19:00:48.096] [SEVERE ] player 3 placing token on slot 5
[19:00:48.097] [SEVERE ] removing player 3 token from slot 8
[19:00:48.097] [SEVERE ] player 2 placing token on slot 11
[19:00:48.097] [SEVERE ] player 2 placing token on slot 0
[19:00:48.097] [SEVERE ] player 2 placing token on slot 1
[19:00:48.097] [SEVERE ] removing player 2 token from slot 11
[19:00:48.097] [SEVERE ] player 2 placing token on slot 9
[19:00:48.097] [SEVERE ] removing player 2 token from slot 9
[19:00:48.097] [SEVERE ] player 2 placing token on slot 7
[19:00:48.097] [SEVERE ] removing player 2 token from slot 7
[19:00:48.098] [SEVERE ] player 2 placing token on slot 6
[19:00:48.098] [SEVERE ] removing player 2 token from slot 1
[19:00:48.098] [SEVERE ] player 2 placing token on slot 11
[19:00:48.098] [SEVERE ] removing player 2 token from slot 11
[19:00:48.098] [SEVERE ] player 2 placing token on slot 5
[19:00:48.098] [SEVERE ] removing player 2 token from slot 5
[19:00:48.098] [SEVERE ] removing player 2 token from slot 0
[19:00:48.102] [SEVERE ] player 2 placing token on slot 3
[19:00:48.102] [SEVERE ] setting player 2 freeze to 3000
[19:00:48.103] [SEVERE ] player 4 placing token on slot 2
[19:00:48.108] [SEVERE ] setting player 3 freeze to 3000
[19:00:48.109] [SEVERE ] removing player 4 token from slot 7
[19:00:48.109] [SEVERE ] player 3 placing token on slot 1
[19:00:48.109] [SEVERE ] setting player 4 freeze to 3000
[19:00:48.329] [SEVERE ] updating countdown to 56000
[19:00:48.722] [SEVERE ] setting player 1 freeze to 0
[19:00:48.738] [SEVERE ] player 1 placing token on slot 3
[19:00:48.741] [SEVERE ] player 1 placing token on slot 0
[19:00:48.744] [SEVERE ] removing player 1 token from slot 3
[19:00:48.744] [SEVERE ] player 1 placing token on slot 11
[19:00:48.749] [SEVERE ] removing player 1 token from slot 11
[19:00:48.750] [SEVERE ] player 1 placing token on slot 6
[19:00:48.757] [SEVERE ] removing player 1 token from slot 4
[19:00:48.758] [SEVERE ] player 1 placing token on slot 7
[19:00:48.760] [SEVERE ] removing player 1 token from slot 6
[19:00:48.760] [SEVERE ] player 1 placing token on slot 4
[19:00:48.761] [SEVERE ] removing player 1 token from slot 7
[19:00:48.761] [SEVERE ] player 1 placing token on slot 6
[19:00:48.761] [SEVERE ] removing player 1 token from slot 0
[19:00:48.761] [SEVERE ] player 1 placing token on slot 9
[19:00:48.762] [SEVERE ] removing player 1 token from slot 4
[19:00:48.762] [SEVERE ] player 1 placing token on slot 11
[19:00:48.765] [SEVERE ] setting player 1 freeze to 3000
[19:00:49.104] [SEVERE ] setting player 2 freeze to 2000
[19:00:49.109] [SEVERE ] setting player 3 freeze to 2000
[19:00:49.112] [SEVERE ] setting player 4 freeze to 2000
[19:00:49.341] [SEVERE ] updating countdown to 55000
[19:00:49.778] [SEVERE ] setting player 1 freeze to 2000
[19:00:50.117] [SEVERE ] setting player 2 freeze to 1000
[19:00:50.117] [SEVERE ] setting player 4 freeze to 1000
[19:00:50.117] [SEVERE ] setting player 3 freeze to 1000
[19:00:50.342] [SEVERE ] updating countdown to 54000
[19:00:50.790] [SEVERE ] setting player 1 freeze to 1000
[19:00:51.125] [SEVERE ] setting player 4 freeze to 0
[19:00:51.126] [SEVERE ] setting player 2 freeze to 0
[19:00:51.144] [SEVERE ] player 2 placing token on slot 9
[19:00:51.126] [SEVERE ] setting player 3 freeze to 0
[19:00:51.149] [SEVERE ] removing player 2 token from slot 6
[19:00:51.149] [SEVERE ] player 2 placing token on slot 0
[19:00:51.149] [SEVERE ] removing player 2 token from slot 9
[19:00:51.149] [SEVERE ] player 2 placing token on slot 8
[19:00:51.150] [SEVERE ] removing player 2 token from slot 0
[19:00:51.150] [SEVERE ] player 2 placing token on slot 2
[19:00:51.150] [SEVERE ] setting player 2 freeze to 3000
[19:00:51.162] [SEVERE ] player 4 placing token on slot 5
[19:00:51.163] [SEVERE ] removing player 4 token from slot 5
[19:00:51.164] [SEVERE ] player 4 placing token on slot 9
[19:00:51.164] [SEVERE ] removing player 4 token from slot 9
[19:00:51.165] [SEVERE ] player 4 placing token on slot 4
[19:00:51.167] [SEVERE ] removing player 4 token from slot 4
[19:00:51.168] [SEVERE ] removing player 4 token from slot 2
[19:00:51.168] [SEVERE ] player 4 placing token on slot 8
[19:00:51.171] [SEVERE ] player 4 placing token on slot 3
[19:00:51.174] [SEVERE ] removing player 4 token from slot 8
[19:00:51.176] [SEVERE ] removing player 4 token from slot 3
[19:00:51.176] [SEVERE ] player 4 placing token on slot 5
[19:00:51.177] [SEVERE ] player 4 placing token on slot 10
[19:00:51.177] [SEVERE ] removing player 4 token from slot 5
[19:00:51.178] [SEVERE ] removing player 4 token from slot 10
[19:00:51.178] [SEVERE ] player 4 placing token on slot 9
[19:00:51.179] [SEVERE ] player 4 placing token on slot 0
[19:00:51.180] [SEVERE ] removing player 4 token from slot 0
[19:00:51.180] [SEVERE ] player 4 placing token on slot 8
[19:00:51.181] [SEVERE ] removing player 4 token from slot 11
[19:00:51.181] [SEVERE ] player 4 placing token on slot 10
[19:00:51.182] [SEVERE ] removing player 4 token from slot 10
[19:00:51.182] [SEVERE ] player 4 placing token on slot 1
[19:00:51.183] [SEVERE ] removing player 4 token from slot 8
[19:00:51.183] [SEVERE ] removing player 4 token from slot 1
[19:00:51.183] [SEVERE ] player 4 placing token on slot 3
[19:00:51.184] [SEVERE ] player 4 placing token on slot 8
[19:00:51.184] [SEVERE ] removing player 4 token from slot 3
[19:00:51.184] [SEVERE ] player 4 placing token on slot 7
[19:00:51.185] [SEVERE ] removing player 4 token from slot 7
[19:00:51.185] [SEVERE ] player 4 placing token on slot 10
[19:00:51.186] [SEVERE ] removing player 4 token from slot 10
[19:00:51.186] [SEVERE ] player 4 placing token on slot 4
[19:00:51.186] [SEVERE ] removing player 4 token from slot 4
[19:00:51.187] [SEVERE ] player 4 placing token on slot 0
[19:00:51.189] [SEVERE ] removing player 4 token from slot 0
[19:00:51.190] [SEVERE ] player 4 placing token on slot 7
[19:00:51.190] [SEVERE ] removing player 4 token from slot 8
[19:00:51.190] [SEVERE ] player 4 placing token on slot 10
[19:00:51.191] [SEVERE ] removing player 4 token from slot 10
[19:00:51.197] [SEVERE ] player 4 placing token on slot 6
[19:00:51.198] [SEVERE ] removing player 4 token from slot 6
[19:00:51.198] [SEVERE ] player 4 placing token on slot 2
[19:00:51.198] [SEVERE ] removing player 4 token from slot 2
[19:00:51.198] [SEVERE ] player 4 placing token on slot 5
[19:00:51.199] [SEVERE ] removing player 4 token from slot 7
[19:00:51.199] [SEVERE ] player 4 placing token on slot 4
[19:00:51.199] [SEVERE ] removing player 4 token from slot 5
[19:00:51.199] [SEVERE ] player 4 placing token on slot 7
[19:00:51.199] [SEVERE ] removing player 4 token from slot 4
[19:00:51.200] [SEVERE ] player 4 placing token on slot 8
[19:00:51.200] [SEVERE ] removing player 4 token from slot 8
[19:00:51.200] [SEVERE ] player 4 placing token on slot 11
[19:00:51.211] [SEVERE ] setting player 4 score to 1
[19:00:51.212] [SEVERE ] setting player 4 freeze to 1000
[19:00:51.300] [SEVERE ] removing tokens from slot 7
[19:00:51.301] [SEVERE ] removing card from slot 7
[19:00:51.344] [SEVERE ] updating countdown to 53000
[19:00:51.402] [SEVERE ] removing tokens from slot 9
[19:00:51.402] [SEVERE ] removing card from slot 9
[19:00:51.517] [SEVERE ] removing tokens from slot 11
[19:00:51.518] [SEVERE ] removing card from slot 11
[19:00:51.523] [SEVERE ] updating countdown to 60000
[19:00:51.627] [SEVERE ] placing card 0 in slot 9
[19:00:51.741] [SEVERE ] placing card 23 in slot 7
[19:00:51.793] [SEVERE ] setting player 1 freeze to 0
[19:00:51.844] [SEVERE ] placing card 41 in slot 11
[19:00:51.844] [SEVERE ] player 1 placing token on slot 7
[19:00:51.847] [SEVERE ] player 1 placing token on slot 5
[19:00:51.847] [SEVERE ] removing player 1 token from slot 7
[19:00:51.848] [SEVERE ] player 1 placing token on slot 1
[19:00:51.848] [SEVERE ] setting player 1 freeze to 3000
[19:00:51.865] [SEVERE ] removing player 3 token from slot 10
[19:00:51.869] [SEVERE ] player 3 placing token on slot 9
[19:00:51.874] [SEVERE ] removing player 3 token from slot 9
[19:00:51.874] [SEVERE ] player 3 placing token on slot 4
[19:00:51.875] [SEVERE ] removing player 3 token from slot 4
[19:00:51.875] [SEVERE ] player 3 placing token on slot 2
[19:00:51.876] [SEVERE ] removing player 3 token from slot 2
[19:00:51.876] [SEVERE ] player 3 placing token on slot 0
[19:00:51.877] [SEVERE ] removing player 3 token from slot 0
[19:00:51.877] [SEVERE ] player 3 placing token on slot 8
[19:00:51.885] [SEVERE ] setting player 3 freeze to 3000
[19:00:52.152] [SEVERE ] setting player 2 freeze to 2000
[19:00:52.213] [SEVERE ] setting player 4 freeze to 0
[19:00:52.214] [SEVERE ] setting player 4 freeze to 3000
[19:00:52.345] [SEVERE ] updating countdown to 59000
[19:00:52.868] [SEVERE ] setting player 1 freeze to 2000
[19:00:52.900] [SEVERE ] setting player 3 freeze to 2000
[19:00:53.157] [SEVERE ] setting player 2 freeze to 1000
[19:00:53.216] [SEVERE ] setting player 4 freeze to 2000
[19:00:53.345] [SEVERE ] updating countdown to 58000
[19:00:53.881] [SEVERE ] setting player 1 freeze to 1000
[19:00:53.912] [SEVERE ] setting player 3 freeze to 1000
[19:00:54.170] [SEVERE ] setting player 2 freeze to 0
[19:00:54.194] [SEVERE ] removing player 2 token from slot 2
[19:00:54.194] [SEVERE ] player 2 placing token on slot 7
[19:00:54.197] [SEVERE ] removing player 2 token from slot 7
[19:00:54.197] [SEVERE ] player 2 placing token on slot 4
[19:00:54.200] [SEVERE ] removing player 2 token from slot 4
[19:00:54.200] [SEVERE ] player 2 placing token on slot 11
[19:00:54.202] [SEVERE ] removing player 2 token from slot 11
[19:00:54.203] [SEVERE ] player 2 placing token on slot 7
[19:00:54.207] [SEVERE ] removing player 2 token from slot 7
[19:00:54.208] [SEVERE ] player 2 placing token on slot 6
[19:00:54.209] [SEVERE ] removing player 2 token from slot 6
[19:00:54.209] [SEVERE ] player 2 placing token on slot 1
[19:00:54.213] [SEVERE ] removing player 2 token from slot 1
[19:00:54.213] [SEVERE ] player 2 placing token on slot 4
[19:00:54.215] [SEVERE ] removing player 2 token from slot 4
[19:00:54.217] [SEVERE ] setting player 4 freeze to 1000
[19:00:54.238] [SEVERE ] player 2 placing token on slot 7
[19:00:54.250] [SEVERE ] removing player 2 token from slot 7
[19:00:54.250] [SEVERE ] player 2 placing token on slot 4
[19:00:54.251] [SEVERE ] removing player 2 token from slot 3
[19:00:54.251] [SEVERE ] player 2 placing token on slot 7
[19:00:54.256] [SEVERE ] removing player 2 token from slot 4
[19:00:54.257] [SEVERE ] player 2 placing token on slot 3
[19:00:54.257] [SEVERE ] setting player 2 freeze to 3000
[19:00:54.353] [SEVERE ] updating countdown to 57000
[19:00:54.888] [SEVERE ] setting player 1 freeze to 0
[19:00:54.904] [SEVERE ] removing player 1 token from slot 5
[19:00:54.910] [SEVERE ] player 1 placing token on slot 3
[19:00:54.911] [SEVERE ] removing player 1 token from slot 3
[19:00:54.912] [SEVERE ] player 1 placing token on slot 11
[19:00:54.913] [SEVERE ] removing player 1 token from slot 6
[19:00:54.913] [SEVERE ] setting player 3 freeze to 0
[19:00:54.923] [SEVERE ] setting player 1 freeze to 3000
[19:00:54.936] [SEVERE ] removing player 3 token from slot 1
[19:00:54.936] [SEVERE ] player 3 placing token on slot 6
[19:00:54.937] [SEVERE ] removing player 3 token from slot 5
[19:00:54.937] [SEVERE ] player 3 placing token on slot 1
[19:00:54.941] [SEVERE ] removing player 3 token from slot 6
[19:00:54.941] [SEVERE ] player 3 placing token on slot 5
[19:00:54.952] [SEVERE ] removing player 3 token from slot 5
[19:00:54.952] [SEVERE ] player 3 placing token on slot 7
[19:00:54.953] [SEVERE ] removing player 3 token from slot 7
[19:00:54.953] [SEVERE ] removing player 3 token from slot 1
[19:00:54.954] [SEVERE ] player 3 placing token on slot 7
[19:00:54.954] [SEVERE ] player 3 placing token on slot 6
[19:00:54.956] [SEVERE ] removing player 3 token from slot 7
[19:00:54.956] [SEVERE ] removing player 3 token from slot 6
[19:00:54.956] [SEVERE ] player 3 placing token on slot 3
[19:00:54.956] [SEVERE ] player 3 placing token on slot 5
[19:00:54.957] [SEVERE ] removing player 3 token from slot 3
[19:00:54.957] [SEVERE ] removing player 3 token from slot 5
[19:00:54.958] [SEVERE ] player 3 placing token on slot 9
[19:00:54.958] [SEVERE ] player 3 placing token on slot 4
[19:00:54.959] [SEVERE ] removing player 3 token from slot 8
[19:00:54.959] [SEVERE ] player 3 placing token on slot 6
[19:00:54.959] [SEVERE ] removing player 3 token from slot 4
[19:00:54.959] [SEVERE ] player 3 placing token on slot 8
[19:00:54.993] [SEVERE ] setting player 3 score to 1
[19:00:55.014] [SEVERE ] setting player 3 freeze to 1000
[19:00:55.069] [SEVERE ] removing tokens from slot 6
[19:00:55.070] [SEVERE ] removing card from slot 6
[19:00:55.175] [SEVERE ] removing tokens from slot 8
[19:00:55.176] [SEVERE ] removing card from slot 8
[19:00:55.219] [SEVERE ] setting player 4 freeze to 0
[19:00:55.267] [SEVERE ] setting player 2 freeze to 2000
[19:00:55.280] [SEVERE ] removing tokens from slot 9
[19:00:55.280] [SEVERE ] removing card from slot 9
[19:00:55.283] [SEVERE ] updating countdown to 60000
[19:00:55.360] [SEVERE ] updating countdown to 59000
[19:00:55.392] [SEVERE ] placing card 72 in slot 6
[19:00:55.493] [SEVERE ] placing card 44 in slot 9
[19:00:55.605] [SEVERE ] placing card 37 in slot 8
[19:00:55.615] [SEVERE ] player 4 placing token on slot 10
[19:00:55.617] [SEVERE ] player 4 placing token on slot 1
[19:00:55.617] [SEVERE ] player 4 placing token on slot 0
[19:00:55.620] [SEVERE ] removing player 4 token from slot 10
[19:00:55.620] [SEVERE ] removing player 4 token from slot 1
[19:00:55.620] [SEVERE ] removing player 4 token from slot 0
[19:00:55.620] [SEVERE ] player 4 placing token on slot 8
[19:00:55.620] [SEVERE ] player 4 placing token on slot 0
[19:00:55.620] [SEVERE ] player 4 placing token on slot 6
[19:00:55.624] [SEVERE ] setting player 4 freeze to 3000
[19:00:55.938] [SEVERE ] setting player 1 freeze to 2000
[19:00:56.024] [SEVERE ] setting player 3 freeze to 0
[19:00:56.025] [SEVERE ] setting player 3 freeze to 3000
[19:00:56.273] [SEVERE ] setting player 2 freeze to 1000
[19:00:56.373] [SEVERE ] updating countdown to 58000
[19:00:56.628] [SEVERE ] setting player 4 freeze to 2000
[19:00:56.940] [SEVERE ] setting player 1 freeze to 1000
[19:00:57.027] [SEVERE ] setting player 3 freeze to 2000
[19:00:57.276] [SEVERE ] setting player 2 freeze to 0
[19:00:57.284] [SEVERE ] player 2 placing token on slot 11
[19:00:57.287] [SEVERE ] setting player 2 freeze to 3000
[19:00:57.380] [SEVERE ] updating countdown to 57000
[19:00:57.652] [SEVERE ] setting player 4 freeze to 1000
[19:00:57.941] [SEVERE ] setting player 1 freeze to 0
[19:00:57.955] [SEVERE ] player 1 placing token on slot 5
[19:00:57.958] [SEVERE ] removing player 1 token from slot 5
[19:00:57.958] [SEVERE ] player 1 placing token on slot 3
[19:00:57.959] [SEVERE ] removing player 1 token from slot 3
[19:00:57.959] [SEVERE ] player 1 placing token on slot 8
[19:00:57.960] [SEVERE ] removing player 1 token from slot 8
[19:00:57.960] [SEVERE ] player 1 placing token on slot 3
[19:00:57.964] [SEVERE ] removing player 1 token from slot 11
[19:00:57.964] [SEVERE ] removing player 1 token from slot 3
[19:00:57.964] [SEVERE ] player 1 placing token on slot 4
[19:00:57.964] [SEVERE ] player 1 placing token on slot 11
[19:00:57.965] [SEVERE ] removing player 1 token from slot 4
[19:00:57.965] [SEVERE ] removing player 1 token from slot 1
[19:00:57.965] [SEVERE ] player 1 placing token on slot 5
[19:00:57.965] [SEVERE ] player 1 placing token on slot 4
[19:00:57.966] [SEVERE ] removing player 1 token from slot 5
[19:00:57.966] [SEVERE ] removing player 1 token from slot 4
[19:00:57.966] [SEVERE ] player 1 placing token on slot 8
[19:00:57.966] [SEVERE ] player 1 placing token on slot 5
[19:00:57.966] [SEVERE ] removing player 1 token from slot 8
[19:00:57.966] [SEVERE ] player 1 placing token on slot 2
[19:00:57.967] [SEVERE ] removing player 1 token from slot 2
[19:00:57.967] [SEVERE ] player 1 placing token on slot 2
[19:00:57.968] [SEVERE ] removing player 1 token from slot 2
[19:00:57.968] [SEVERE ] player 1 placing token on slot 6
[19:00:57.969] [SEVERE ] setting player 1 freeze to 3000
[19:00:58.031] [SEVERE ] setting player 3 freeze to 1000
[19:00:58.293] [SEVERE ] setting player 2 freeze to 2000
[19:00:58.387] [SEVERE ] updating countdown to 56000
[19:00:58.655] [SEVERE ] setting player 4 freeze to 0
[19:00:58.674] [SEVERE ] removing player 4 token from slot 0
[19:00:58.674] [SEVERE ] player 4 placing token on slot 9
[19:00:58.674] [SEVERE ] removing player 4 token from slot 9
[19:00:58.674] [SEVERE ] removing player 4 token from slot 6
[19:00:58.674] [SEVERE ] player 4 placing token on slot 2
[19:00:58.674] [SEVERE ] player 4 placing token on slot 9
[19:00:58.675] [SEVERE ] removing player 4 token from slot 2
[19:00:58.676] [SEVERE ] removing player 4 token from slot 9
[19:00:58.676] [SEVERE ] player 4 placing token on slot 11
[19:00:58.677] [SEVERE ] player 4 placing token on slot 6
[19:00:58.677] [SEVERE ] removing player 4 token from slot 11
[19:00:58.677] [SEVERE ] removing player 4 token from slot 6
[19:00:58.677] [SEVERE ] player 4 placing token on slot 10
[19:00:58.678] [SEVERE ] player 4 placing token on slot 0
[19:00:58.678] [SEVERE ] removing player 4 token from slot 0
[19:00:58.678] [SEVERE ] player 4 placing token on slot 9
[19:00:58.678] [SEVERE ] removing player 4 token from slot 10
[19:00:58.678] [SEVERE ] player 4 placing token on slot 0
[19:00:58.678] [SEVERE ] setting player 4 freeze to 3000
[19:00:58.973] [SEVERE ] setting player 1 freeze to 2000
[19:00:59.036] [SEVERE ] setting player 3 freeze to 0
[19:00:59.037] [SEVERE ] player 3 placing token on slot 11
[19:00:59.037] [SEVERE ] player 3 placing token on slot 9
[19:00:59.038] [SEVERE ] player 3 placing token on slot 0
[19:00:59.042] [SEVERE ] removing player 3 token from slot 0
[19:00:59.043] [SEVERE ] removing player 3 token from slot 11
[19:00:59.043] [SEVERE ] player 3 placing token on slot 7
[19:00:59.043] [SEVERE ] player 3 placing token on slot 0
[19:00:59.043] [SEVERE ] removing player 3 token from slot 7
[19:00:59.043] [SEVERE ] player 3 placing token on slot 11
[19:00:59.044] [SEVERE ] removing player 3 token from slot 9
[19:00:59.044] [SEVERE ] player 3 placing token on slot 4
[19:00:59.044] [SEVERE ] setting player 3 freeze to 3000
[19:00:59.341] [SEVERE ] setting player 2 freeze to 1000
[19:00:59.389] [SEVERE ] updating countdown to 55000
[19:00:59.685] [SEVERE ] setting player 4 freeze to 2000
[19:00:59.973] [SEVERE ] setting player 1 freeze to 1000
[19:01:00.047] [SEVERE ] setting player 3 freeze to 2000
[19:01:00.349] [SEVERE ] setting player 2 freeze to 0
[19:01:00.349] [SEVERE ] removing player 2 token from slot 7
[19:01:00.350] [SEVERE ] player 2 placing token on slot 5
[19:01:00.351] [SEVERE ] setting player 2 freeze to 3000
[19:01:00.401] [SEVERE ] updating countdown to 54000
[19:01:00.687] [SEVERE ] setting player 4 freeze to 1000
[19:01:00.976] [SEVERE ] setting player 1 freeze to 0
[19:01:00.982] [SEVERE ] removing player 1 token from slot 11
[19:01:00.983] [SEVERE ] player 1 placing token on slot 1
[19:01:00.983] [SEVERE ] removing player 1 token from slot 1
[19:01:00.983] [SEVERE ] player 1 placing token on slot 3
[19:01:00.983] [SEVERE ] removing player 1 token from slot 3
[19:01:00.984] [SEVERE ] player 1 placing token on slot 9
[19:01:00.984] [SEVERE ] removing player 1 token from slot 6
[19:01:00.984] [SEVERE ] player 1 placing token on slot 0
[19:01:00.984] [SEVERE ] removing player 1 token from slot 0
[19:01:00.987] [SEVERE ] setting player 1 freeze to 3000
[19:01:00.985] [SEVERE ] player 1 placing token on slot 10
[19:01:01.053] [SEVERE ] setting player 3 freeze to 1000
[19:01:01.352] [SEVERE ] setting player 2 freeze to 2000
[19:01:01.413] [SEVERE ] updating countdown to 53000
[19:01:01.701] [SEVERE ] setting player 4 freeze to 0
[19:01:01.744] [SEVERE ] removing player 4 token from slot 9
[19:01:01.745] [SEVERE ] player 4 placing token on slot 2
[19:01:01.747] [SEVERE ] removing player 4 token from slot 0
[19:01:01.748] [SEVERE ] player 4 placing token on slot 9
[19:01:01.748] [SEVERE ] removing player 4 token from slot 9
[19:01:01.748] [SEVERE ] player 4 placing token on slot 4
[19:01:01.749] [SEVERE ] removing player 4 token from slot 4
[19:01:01.749] [SEVERE ] player 4 placing token on slot 0
[19:01:01.749] [SEVERE ] removing player 4 token from slot 0
[19:01:01.749] [SEVERE ] player 4 placing token on slot 7
[19:01:01.749] [SEVERE ] removing player 4 token from slot 2
[19:01:01.749] [SEVERE ] player 4 placing token on slot 3
[19:01:01.749] [SEVERE ] removing player 4 token from slot 3
[19:01:01.749] [SEVERE ] removing player 4 token from slot 7
[19:01:01.749] [SEVERE ] player 4 placing token on slot 9
[19:01:01.749] [SEVERE ] player 4 placing token on slot 4
[19:01:01.749] [SEVERE ] removing player 4 token from slot 9
[19:01:01.749] [SEVERE ] removing player 4 token from slot 4
[19:01:01.749] [SEVERE ] player 4 placing token on slot 0
[19:01:01.749] [SEVERE ] removing player 4 token from slot 8
[19:01:01.749] [SEVERE ] player 4 placing token on slot 7
[19:01:01.749] [SEVERE ] removing player 4 token from slot 0
[19:01:01.750] [SEVERE ] player 4 placing token on slot 8
[19:01:01.750] [SEVERE ] removing player 4 token from slot 7
[19:01:01.750] [SEVERE ] player 4 placing token on slot 11
[19:01:01.750] [SEVERE ] removing player 4 token from slot 8
[19:01:01.750] [SEVERE ] player 4 placing token on slot 0
[19:01:01.750] [SEVERE ] removing player 4 token from slot 11
[19:01:01.750] [SEVERE ] player 4 placing token on slot 8
[19:01:01.756] [SEVERE ] removing player 4 token from slot 0
[19:01:01.756] [SEVERE ] player 4 placing token on slot 5
[19:01:01.756] [SEVERE ] player 4 placing token on slot 0
[19:01:01.756] [SEVERE ] removing player 4 token from slot 8
[19:01:01.756] [SEVERE ] removing player 4 token from slot 5
[19:01:01.756] [SEVERE ] removing player 4 token from slot 0
[19:01:01.756] [SEVERE ] player 4 placing token on slot 8
[19:01:01.756] [SEVERE ] player 4 placing token on slot 6
[19:01:01.756] [SEVERE ] player 4 placing token on slot 3
[19:01:01.756] [SEVERE ] removing player 4 token from slot 6
[19:01:01.756] [SEVERE ] removing player 4 token from slot 3
[19:01:01.756] [SEVERE ] player 4 placing token on slot 4
[19:01:01.757] [SEVERE ] removing player 4 token from slot 8
[19:01:01.757] [SEVERE ] player 4 placing token on slot 9
[19:01:01.757] [SEVERE ] player 4 placing token on slot 10
[19:01:01.757] [SEVERE ] removing player 4 token from slot 9
[19:01:01.757] [SEVERE ] removing player 4 token from slot 10
[19:01:01.757] [SEVERE ] player 4 placing token on slot 3
[19:01:01.757] [SEVERE ] player 4 placing token on slot 0
[19:01:01.757] [SEVERE ] removing player 4 token from slot 3
[19:01:01.757] [SEVERE ] removing player 4 token from slot 0
[19:01:01.757] [SEVERE ] player 4 placing token on slot 1
[19:01:01.757] [SEVERE ] player 4 placing token on slot 2
[19:01:01.757] [SEVERE ] removing player 4 token from slot 2
[19:01:01.757] [SEVERE ] player 4 placing token on slot 7
[19:01:01.757] [SEVERE ] removing player 4 token from slot 4
[19:01:01.757] [SEVERE ] player 4 placing token on slot 5
[19:01:01.757] [SEVERE ] removing player 4 token from slot 5
[19:01:01.758] [SEVERE ] player 4 placing token on slot 8
[19:01:01.758] [SEVERE ] removing player 4 token from slot 8
[19:01:01.758] [SEVERE ] player 4 placing token on slot 0
[19:01:01.758] [SEVERE ] removing player 4 token from slot 1
[19:01:01.758] [SEVERE ] player 4 placing token on slot 2
[19:01:01.758] [SEVERE ] removing player 4 token from slot 0
[19:01:01.758] [SEVERE ] player 4 placing token on slot 1
[19:01:01.758] [SEVERE ] removing player 4 token from slot 2
[19:01:01.758] [SEVERE ] player 4 placing token on slot 10
[19:01:01.758] [SEVERE ] removing player 4 token from slot 10
[19:01:01.758] [SEVERE ] player 4 placing token on slot 9
[19:01:01.758] [SEVERE ] removing player 4 token from slot 1
[19:01:01.758] [SEVERE ] player 4 placing token on slot 6
[19:01:01.758] [SEVERE ] removing player 4 token from slot 6
[19:01:01.758] [SEVERE ] player 4 placing token on slot 4
[19:01:01.758] [SEVERE ] removing player 4 token from slot 9
[19:01:01.758] [SEVERE ] removing player 4 token from slot 7
[19:01:01.758] [SEVERE ] player 4 placing token on slot 0
[19:01:01.759] [SEVERE ] player 4 placing token on slot 9
[19:01:01.759] [SEVERE ] removing player 4 token from slot 4
[19:01:01.759] [SEVERE ] player 4 placing token on slot 11
[19:01:01.759] [SEVERE ] removing player 4 token from slot 11
[19:01:01.759] [SEVERE ] player 4 placing token on slot 8
[19:01:01.759] [SEVERE ] removing player 4 token from slot 9
[19:01:01.759] [SEVERE ] player 4 placing token on slot 10
[19:01:01.759] [SEVERE ] removing player 4 token from slot 10
[19:01:01.759] [SEVERE ] player 4 placing token on slot 2
[19:01:01.759] [SEVERE ] removing player 4 token from slot 2
[19:01:01.759] [SEVERE ] player 4 placing token on slot 1
[19:01:01.759] [SEVERE ] removing player 4 token from slot 8
[19:01:01.759] [SEVERE ] removing player 4 token from slot 0
[19:01:01.759] [SEVERE ] player 4 placing token on slot 11
[19:01:01.759] [SEVERE ] player 4 placing token on slot 8
[19:01:01.763] [SEVERE ] removing player 4 token from slot 11
[19:01:01.764] [SEVERE ] player 4 placing token on slot 4
[19:01:01.765] [SEVERE ] removing player 4 token from slot 4
[19:01:01.765] [SEVERE ] player 4 placing token on slot 0
[19:01:01.770] [SEVERE ] removing player 4 token from slot 1
[19:01:01.770] [SEVERE ] player 4 placing token on slot 7
[19:01:01.770] [SEVERE ] removing player 4 token from slot 7
[19:01:01.770] [SEVERE ] player 4 placing token on slot 6
[19:01:01.770] [SEVERE ] removing player 4 token from slot 0
[19:01:01.770] [SEVERE ] removing player 4 token from slot 6
[19:01:01.770] [SEVERE ] player 4 placing token on slot 3
[19:01:01.770] [SEVERE ] player 4 placing token on slot 0
[19:01:01.770] [SEVERE ] removing player 4 token from slot 0
[19:01:01.771] [SEVERE ] player 4 placing token on slot 9
[19:01:01.774] [SEVERE ] removing player 4 token from slot 9
[19:01:01.774] [SEVERE ] player 4 placing token on slot 0
[19:01:01.774] [SEVERE ] removing player 4 token from slot 0
[19:01:01.774] [SEVERE ] player 4 placing token on slot 4
[19:01:01.774] [SEVERE ] removing player 4 token from slot 4
[19:01:01.774] [SEVERE ] player 4 placing token on slot 6
[19:01:01.774] [SEVERE ] removing player 4 token from slot 3
[19:01:01.775] [SEVERE ] player 4 placing token on slot 1
[19:01:01.775] [SEVERE ] removing player 4 token from slot 6
[19:01:01.775] [SEVERE ] player 4 placing token on slot 9
[19:01:01.775] [SEVERE ] removing player 4 token from slot 9
[19:01:01.775] [SEVERE ] player 4 placing token on slot 4
[19:01:01.775] [SEVERE ] removing player 4 token from slot 8
[19:01:01.775] [SEVERE ] player 4 placing token on slot 9
[19:01:01.775] [SEVERE ] removing player 4 token from slot 4
[19:01:01.775] [SEVERE ] player 4 placing token on slot 3
[19:01:01.775] [SEVERE ] setting player 4 freeze to 3000
[19:01:01.993] [SEVERE ] setting player 1 freeze to 2000
[19:01:02.057] [SEVERE ] setting player 3 freeze to 0
[19:01:02.088] [SEVERE ] removing player 3 token from slot 11
[19:01:02.088] [SEVERE ] player 3 placing token on slot 8
[19:01:02.091] [SEVERE ] removing player 3 token from slot 8
[19:01:02.091] [SEVERE ] player 3 placing token on slot 6
[19:01:02.092] [SEVERE ] removing player 3 token from slot 0
[19:01:02.093] [SEVERE ] player 3 placing token on slot 2
[19:01:02.094] [SEVERE ] removing player 3 token from slot 2
[19:01:02.094] [SEVERE ] player 3 placing token on slot 11
[19:01:02.094] [SEVERE ] removing player 3 token from slot 11
[19:01:02.095] [SEVERE ] player 3 placing token on slot 9
[19:01:02.095] [SEVERE ] removing player 3 token from slot 9
[19:01:02.095] [SEVERE ] player 3 placing token on slot 0
[19:01:02.096] [SEVERE ] removing player 3 token from slot 0
[19:01:02.096] [SEVERE ] player 3 placing token on slot 8
[19:01:02.096] [SEVERE ] removing player 3 token from slot 8
[19:01:02.096] [SEVERE ] player 3 placing token on slot 9
[19:01:02.097] [SEVERE ] removing player 3 token from slot 9
[19:01:02.097] [SEVERE ] player 3 placing token on slot 3
[19:01:02.097] [SEVERE ] removing player 3 token from slot 3
[19:01:02.098] [SEVERE ] player 3 placing token on slot 10
[19:01:02.098] [SEVERE ] removing player 3 token from slot 4
[19:01:02.098] [SEVERE ] player 3 placing token on slot 2
[19:01:02.099] [SEVERE ] removing player 3 token from slot 2
[19:01:02.099] [SEVERE ] player 3 placing token on slot 7
[19:01:02.099] [SEVERE ] removing player 3 token from slot 6
[19:01:02.099] [SEVERE ] removing player 3 token from slot 10
[19:01:02.099] [SEVERE ] player 3 placing token on slot 1
[19:01:02.099] [SEVERE ] player 3 placing token on slot 6
[19:01:02.100] [SEVERE ] removing player 3 token from slot 1
[19:01:02.100] [SEVERE ] player 3 placing token on slot 11
[19:01:02.100] [SEVERE ] removing player 3 token from slot 11
[19:01:02.101] [SEVERE ] player 3 placing token on slot 9
[19:01:02.101] [SEVERE ] removing player 3 token from slot 6
[19:01:02.101] [SEVERE ] player 3 placing token on slot 5
[19:01:02.102] [SEVERE ] removing player 3 token from slot 5
[19:01:02.102] [SEVERE ] player 3 placing token on slot 11
[19:01:02.102] [SEVERE ] removing player 3 token from slot 11
[19:01:02.102] [SEVERE ] player 3 placing token on slot 1
[19:01:02.102] [SEVERE ] removing player 3 token from slot 1
[19:01:02.102] [SEVERE ] player 3 placing token on slot 5
[19:01:02.103] [SEVERE ] removing player 3 token from slot 7
[19:01:02.104] [SEVERE ] player 3 placing token on slot 10
[19:01:02.110] [SEVERE ] removing player 3 token from slot 10
[19:01:02.111] [SEVERE ] player 3 placing token on slot 0
[19:01:02.111] [SEVERE ] removing player 3 token from slot 5
[19:01:02.111] [SEVERE ] player 3 placing token on slot 11
[19:01:02.111] [SEVERE ] removing player 3 token from slot 11
[19:01:02.111] [SEVERE ] player 3 placing token on slot 2
[19:01:02.111] [SEVERE ] removing player 3 token from slot 9
[19:01:02.111] [SEVERE ] removing player 3 token from slot 2
[19:01:02.111] [SEVERE ] player 3 placing token on slot 10
[19:01:02.111] [SEVERE ] player 3 placing token on slot 9
[19:01:02.111] [SEVERE ] removing player 3 token from slot 0
[19:01:02.111] [SEVERE ] player 3 placing token on slot 4
[19:01:02.111] [SEVERE ] removing player 3 token from slot 4
[19:01:02.112] [SEVERE ] player 3 placing token on slot 5
[19:01:02.112] [SEVERE ] removing player 3 token from slot 5
[19:01:02.112] [SEVERE ] player 3 placing token on slot 3
[19:01:02.114] [SEVERE ] removing player 3 token from slot 9
[19:01:02.114] [SEVERE ] player 3 placing token on slot 4
[19:01:02.117] [SEVERE ] removing player 3 token from slot 4
[19:01:02.117] [SEVERE ] removing player 3 token from slot 3
[19:01:02.117] [SEVERE ] player 3 placing token on slot 5
[19:01:02.118] [SEVERE ] player 3 placing token on slot 6
[19:01:02.118] [SEVERE ] removing player 3 token from slot 5
[19:01:02.118] [SEVERE ] removing player 3 token from slot 6
[19:01:02.118] [SEVERE ] player 3 placing token on slot 0
[19:01:02.118] [SEVERE ] player 3 placing token on slot 9
[19:01:02.118] [SEVERE ] removing player 3 token from slot 0
[19:01:02.118] [SEVERE ] removing player 3 token from slot 9
[19:01:02.118] [SEVERE ] player 3 placing token on slot 11
[19:01:02.118] [SEVERE ] player 3 placing token on slot 2
[19:01:02.118] [SEVERE ] removing player 3 token from slot 2
[19:01:02.118] [SEVERE ] player 3 placing token on slot 3
[19:01:02.119] [SEVERE ] removing player 3 token from slot 10
[19:01:02.119] [SEVERE ] player 3 placing token on slot 1
[19:01:02.119] [SEVERE ] removing player 3 token from slot 11
[19:01:02.121] [SEVERE ] player 3 placing token on slot 2
[19:01:02.127] [SEVERE ] removing player 3 token from slot 2
[19:01:02.128] [SEVERE ] player 3 placing token on slot 0
[19:01:02.128] [SEVERE ] removing player 3 token from slot 0
[19:01:02.128] [SEVERE ] player 3 placing token on slot 9
[19:01:02.128] [SEVERE ] removing player 3 token from slot 9
[19:01:02.128] [SEVERE ] player 3 placing token on slot 4
[19:01:02.128] [SEVERE ] removing player 3 token from slot 1
[19:01:02.128] [SEVERE ] player 3 placing token on slot 5
[19:01:02.128] [SEVERE ] removing player 3 token from slot 3
[19:01:02.129] [SEVERE ] player 3 placing token on slot 2
[19:01:02.129] [SEVERE ] removing player 3 token from slot 2
[19:01:02.129] [SEVERE ] player 3 placing token on slot 8
[19:01:02.129] [SEVERE ] removing player 3 token from slot 4
[19:01:02.129] [SEVERE ] removing player 3 token from slot 8
[19:01:02.129] [SEVERE ] player 3 placing token on slot 2
[19:01:02.129] [SEVERE ] player 3 placing token on slot 4
[19:01:02.129] [SEVERE ] removing player 3 token from slot 5
[19:01:02.129] [SEVERE ] player 3 placing token on slot 11
[19:01:02.129] [SEVERE ] removing player 3 token from slot 11
[19:01:02.130] [SEVERE ] player 3 placing token on slot 8
[19:01:02.130] [SEVERE ] removing player 3 token from slot 8
[19:01:02.130] [SEVERE ] player 3 placing token on slot 7
[19:01:02.130] [SEVERE ] removing player 3 token from slot 2
[19:01:02.130] [SEVERE ] player 3 placing token on slot 10
[19:01:02.130] [SEVERE ] removing player 3 token from slot 10
[19:01:02.130] [SEVERE ] player 3 placing token on slot 0
[19:01:02.130] [SEVERE ] removing player 3 token from slot 0
[19:01:02.130] [SEVERE ] removing player 3 token from slot 7
[19:01:02.130] [SEVERE ] removing player 3 token from slot 4
[19:01:02.130] [SEVERE ] player 3 placing token on slot 0
[19:01:02.130] [SEVERE ] player 3 placing token on slot 7
[19:01:02.130] [SEVERE ] player 3 placing token on slot 4
[19:01:02.130] [SEVERE ] removing player 3 token from slot 0
[19:01:02.131] [SEVERE ] player 3 placing token on slot 3
[19:01:02.131] [SEVERE ] removing player 3 token from slot 3
[19:01:02.131] [SEVERE ] removing player 3 token from slot 4
[19:01:02.131] [SEVERE ] player 3 placing token on slot 0
[19:01:02.131] [SEVERE ] player 3 placing token on slot 9
[19:01:02.131] [SEVERE ] removing player 3 token from slot 0
[19:01:02.131] [SEVERE ] removing player 3 token from slot 9
[19:01:02.131] [SEVERE ] removing player 3 token from slot 7
[19:01:02.131] [SEVERE ] player 3 placing token on slot 9
[19:01:02.131] [SEVERE ] player 3 placing token on slot 0
[19:01:02.131] [SEVERE ] player 3 placing token on slot 7
[19:01:02.131] [SEVERE ] removing player 3 token from slot 9
[19:01:02.131] [SEVERE ] removing player 3 token from slot 0
[19:01:02.131] [SEVERE ] player 3 placing token on slot 5
[19:01:02.131] [SEVERE ] player 3 placing token on slot 1
[19:01:02.131] [SEVERE ] removing player 3 token from slot 5
[19:01:02.131] [SEVERE ] removing player 3 token from slot 1
[19:01:02.132] [SEVERE ] player 3 placing token on slot 10
[19:01:02.132] [SEVERE ] player 3 placing token on slot 9
[19:01:02.132] [SEVERE ] removing player 3 token from slot 7
[19:01:02.132] [SEVERE ] player 3 placing token on slot 2
[19:01:02.132] [SEVERE ] removing player 3 token from slot 9
[19:01:02.132] [SEVERE ] player 3 placing token on slot 7
[19:01:02.132] [SEVERE ] removing player 3 token from slot 2
[19:01:02.132] [SEVERE ] player 3 placing token on slot 6
[19:01:02.132] [SEVERE ] removing player 3 token from slot 7
[19:01:02.132] [SEVERE ] player 3 placing token on slot 5
[19:01:02.132] [SEVERE ] removing player 3 token from slot 6
[19:01:02.132] [SEVERE ] player 3 placing token on slot 7
[19:01:02.135] [SEVERE ] removing player 3 token from slot 5
[19:01:02.135] [SEVERE ] player 3 placing token on slot 0
[19:01:02.135] [SEVERE ] removing player 3 token from slot 0
[19:01:02.135] [SEVERE ] player 3 placing token on slot 1
[19:01:02.137] [SEVERE ] removing player 3 token from slot 10
[19:01:02.138] [SEVERE ] player 3 placing token on slot 5
[19:01:02.143] [SEVERE ] removing player 3 token from slot 5
[19:01:02.143] [SEVERE ] player 3 placing token on slot 8
[19:01:02.144] [SEVERE ] removing player 3 token from slot 8
[19:01:02.144] [SEVERE ] player 3 placing token on slot 0
[19:01:02.144] [SEVERE ] removing player 3 token from slot 1
[19:01:02.144] [SEVERE ] player 3 placing token on slot 2
[19:01:02.146] [SEVERE ] removing player 3 token from slot 0
[19:01:02.146] [SEVERE ] player 3 placing token on slot 4
[19:01:02.146] [SEVERE ] removing player 3 token from slot 7
[19:01:02.146] [SEVERE ] player 3 placing token on slot 8
[19:01:02.146] [SEVERE ] removing player 3 token from slot 8
[19:01:02.146] [SEVERE ] player 3 placing token on slot 0
[19:01:02.146] [SEVERE ] removing player 3 token from slot 0
[19:01:02.147] [SEVERE ] player 3 placing token on slot 10
[19:01:02.147] [SEVERE ] removing player 3 token from slot 2
[19:01:02.147] [SEVERE ] player 3 placing token on slot 6
[19:01:02.147] [SEVERE ] removing player 3 token from slot 6
[19:01:02.147] [SEVERE ] player 3 placing token on slot 3
[19:01:02.148] [SEVERE ] removing player 3 token from slot 3
[19:01:02.148] [SEVERE ] player 3 placing token on slot 9
[19:01:02.149] [SEVERE ] removing player 3 token from slot 9
[19:01:02.149] [SEVERE ] player 3 placing token on slot 8
[19:01:02.152] [SEVERE ] removing player 3 token from slot 4
[19:01:02.152] [SEVERE ] player 3 placing token on slot 11
[19:01:02.153] [SEVERE ] removing player 3 token from slot 10
[19:01:02.155] [SEVERE ] player 3 placing token on slot 4
[19:01:02.160] [SEVERE ] removing player 3 token from slot 11
[19:01:02.161] [SEVERE ] player 3 placing token on slot 10
[19:01:02.167] [SEVERE ] setting player 3 freeze to 3000
[19:01:02.361] [SEVERE ] setting player 2 freeze to 1000
[19:01:02.425] [SEVERE ] updating countdown to 52000
[19:01:02.779] [SEVERE ] setting player 4 freeze to 2000
[19:01:03.001] [SEVERE ] setting player 1 freeze to 1000
[19:01:03.168] [SEVERE ] setting player 3 freeze to 2000
[19:01:03.362] [SEVERE ] setting player 2 freeze to 0
[19:01:03.362] [SEVERE ] removing player 2 token from slot 11
[19:01:03.362] [SEVERE ] player 2 placing token on slot 6
[19:01:03.363] [SEVERE ] setting player 2 freeze to 3000
[19:01:03.430] [SEVERE ] updating countdown to 51000
[19:01:03.780] [SEVERE ] setting player 4 freeze to 1000
[19:01:04.003] [SEVERE ] setting player 1 freeze to 0
[19:01:04.040] [SEVERE ] removing player 1 token from slot 10
[19:01:04.041] [SEVERE ] player 1 placing token on slot 11
[19:01:04.041] [SEVERE ] removing player 1 token from slot 11
[19:01:04.042] [SEVERE ] player 1 placing token on slot 2
[19:01:04.042] [SEVERE ] setting player 1 freeze to 3000
[19:01:04.170] [SEVERE ] setting player 3 freeze to 1000
[19:01:04.379] [SEVERE ] setting player 2 freeze to 2000
[19:01:04.431] [SEVERE ] updating countdown to 50000
[19:01:04.781] [SEVERE ] setting player 4 freeze to 0
[19:01:04.808] [SEVERE ] removing player 4 token from slot 3
[19:01:04.808] [SEVERE ] removing player 4 token from slot 1
[19:01:04.811] [SEVERE ] player 4 placing token on slot 11
[19:01:04.811] [SEVERE ] player 4 placing token on slot 3
[19:01:04.813] [SEVERE ] removing player 4 token from slot 9
[19:01:04.813] [SEVERE ] player 4 placing token on slot 6
[19:01:04.813] [SEVERE ] removing player 4 token from slot 3
[19:01:04.813] [SEVERE ] removing player 4 token from slot 6
[19:01:04.813] [SEVERE ] player 4 placing token on slot 5
[19:01:04.813] [SEVERE ] player 4 placing token on slot 3
[19:01:04.814] [SEVERE ] removing player 4 token from slot 5
[19:01:04.814] [SEVERE ] player 4 placing token on slot 2
[19:01:04.814] [SEVERE ] removing player 4 token from slot 3
[19:01:04.814] [SEVERE ] removing player 4 token from slot 2
[19:01:04.814] [SEVERE ] player 4 placing token on slot 1
[19:01:04.814] [SEVERE ] player 4 placing token on slot 3
[19:01:04.814] [SEVERE ] removing player 4 token from slot 1
[19:01:04.815] [SEVERE ] player 4 placing token on slot 7
[19:01:04.815] [SEVERE ] removing player 4 token from slot 7
[19:01:04.815] [SEVERE ] removing player 4 token from slot 11
[19:01:04.815] [SEVERE ] player 4 placing token on slot 8
[19:01:04.815] [SEVERE ] player 4 placing token on slot 2
[19:01:04.815] [SEVERE ] removing player 4 token from slot 8
[19:01:04.815] [SEVERE ] removing player 4 token from slot 2
[19:01:04.815] [SEVERE ] player 4 placing token on slot 2
[19:01:04.815] [SEVERE ] player 4 placing token on slot 4
[19:01:04.815] [SEVERE ] removing player 4 token from slot 2
[19:01:04.815] [SEVERE ] removing player 4 token from slot 4
[19:01:04.815] [SEVERE ] player 4 placing token on slot 11
[19:01:04.815] [SEVERE ] player 4 placing token on slot 4
[19:01:04.815] [SEVERE ] removing player 4 token from slot 4
[19:01:04.815] [SEVERE ] player 4 placing token on slot 10
[19:01:04.815] [SEVERE ] removing player 4 token from slot 11
[19:01:04.815] [SEVERE ] removing player 4 token from slot 10
[19:01:04.815] [SEVERE ] player 4 placing token on slot 5
[19:01:04.815] [SEVERE ] player 4 placing token on slot 11
[19:01:04.815] [SEVERE ] removing player 4 token from slot 3
[19:01:04.815] [SEVERE ] player 4 placing token on slot 0
[19:01:04.815] [SEVERE ] setting player 4 score to 2
[19:01:04.815] [SEVERE ] setting player 4 freeze to 1000
[19:01:04.920] [SEVERE ] removing tokens from slot 0
[19:01:04.920] [SEVERE ] removing card from slot 0
[19:01:05.029] [SEVERE ] removing tokens from slot 5
[19:01:05.030] [SEVERE ] removing card from slot 5
[19:01:05.054] [SEVERE ] setting player 1 freeze to 2000
[19:01:05.153] [SEVERE ] removing tokens from slot 11
[19:01:05.153] [SEVERE ] removing card from slot 11
[19:01:05.154] [SEVERE ] updating countdown to 60000
[19:01:05.171] [SEVERE ] setting player 3 freeze to 0
[19:01:05.256] [SEVERE ] placing card 5 in slot 11
[19:01:05.363] [SEVERE ] placing card 56 in slot 0
[19:01:05.379] [SEVERE ] setting player 2 freeze to 1000
[19:01:05.432] [SEVERE ] updating countdown to 59000
[19:01:05.465] [SEVERE ] placing card 45 in slot 5
[19:01:05.475] [SEVERE ] removing player 3 token from slot 8
[19:01:05.475] [SEVERE ] removing player 3 token from slot 4
[19:01:05.475] [SEVERE ] player 3 placing token on slot 11
[19:01:05.476] [SEVERE ] player 3 placing token on slot 8
[19:01:05.476] [SEVERE ] removing player 3 token from slot 11
[19:01:05.477] [SEVERE ] player 3 placing token on slot 9
[19:01:05.477] [SEVERE ] setting player 3 freeze to 3000
[19:01:05.821] [SEVERE ] setting player 4 freeze to 0
[19:01:05.821] [SEVERE ] setting player 4 freeze to 3000
[19:01:06.055] [SEVERE ] setting player 1 freeze to 1000
[19:01:06.381] [SEVERE ] setting player 2 freeze to 0
[19:01:06.397] [SEVERE ] player 2 placing token on slot 2
[19:01:06.397] [SEVERE ] removing player 2 token from slot 6
[19:01:06.398] [SEVERE ] player 2 placing token on slot 10
[19:01:06.398] [SEVERE ] removing player 2 token from slot 2
[19:01:06.398] [SEVERE ] player 2 placing token on slot 6
[19:01:06.398] [SEVERE ] removing player 2 token from slot 10
[19:01:06.398] [SEVERE ] player 2 placing token on slot 2
[19:01:06.399] [SEVERE ] removing player 2 token from slot 2
[19:01:06.399] [SEVERE ] player 2 placing token on slot 7
[19:01:06.399] [SEVERE ] removing player 2 token from slot 3
[19:01:06.399] [SEVERE ] removing player 2 token from slot 6
[19:01:06.400] [SEVERE ] player 2 placing token on slot 2
[19:01:06.400] [SEVERE ] player 2 placing token on slot 10
[19:01:06.400] [SEVERE ] removing player 2 token from slot 7
[19:01:06.400] [SEVERE ] removing player 2 token from slot 2
[19:01:06.400] [SEVERE ] removing player 2 token from slot 10
[19:01:06.401] [SEVERE ] player 2 placing token on slot 7
[19:01:06.401] [SEVERE ] player 2 placing token on slot 2
[19:01:06.401] [SEVERE ] player 2 placing token on slot 4
[19:01:06.401] [SEVERE ] removing player 2 token from slot 2
[19:01:06.401] [SEVERE ] removing player 2 token from slot 4
[19:01:06.402] [SEVERE ] player 2 placing token on slot 3
[19:01:06.402] [SEVERE ] player 2 placing token on slot 1
[19:01:06.402] [SEVERE ] removing player 2 token from slot 1
[19:01:06.402] [SEVERE ] player 2 placing token on slot 0
[19:01:06.402] [SEVERE ] removing player 2 token from slot 0
[19:01:06.403] [SEVERE ] player 2 placing token on slot 4
[19:01:06.403] [SEVERE ] removing player 2 token from slot 4
[19:01:06.403] [SEVERE ] player 2 placing token on slot 6
[19:01:06.403] [SEVERE ] removing player 2 token from slot 3
[19:01:06.403] [SEVERE ] player 2 placing token on slot 1
[19:01:06.404] [SEVERE ] removing player 2 token from slot 1
[19:01:06.404] [SEVERE ] player 2 placing token on slot 4
[19:01:06.404] [SEVERE ] removing player 2 token from slot 4
[19:01:06.404] [SEVERE ] player 2 placing token on slot 0
[19:01:06.404] [SEVERE ] removing player 2 token from slot 7
[19:01:06.405] [SEVERE ] player 2 placing token on slot 11
[19:01:06.405] [SEVERE ] removing player 2 token from slot 0
[19:01:06.405] [SEVERE ] player 2 placing token on slot 1
[19:01:06.405] [SEVERE ] removing player 2 token from slot 6
[19:01:06.405] [SEVERE ] player 2 placing token on slot 5
[19:01:06.406] [SEVERE ] removing player 2 token from slot 1
[19:01:06.406] [SEVERE ] player 2 placing token on slot 6
[19:01:06.406] [SEVERE ] removing player 2 token from slot 5
[19:01:06.406] [SEVERE ] player 2 placing token on slot 1
[19:01:06.406] [SEVERE ] removing player 2 token from slot 6
[19:01:06.406] [SEVERE ] player 2 placing token on slot 9
[19:01:06.407] [SEVERE ] removing player 2 token from slot 9
[19:01:06.407] [SEVERE ] removing player 2 token from slot 1
[19:01:06.407] [SEVERE ] player 2 placing token on slot 2
[19:01:06.407] [SEVERE ] player 2 placing token on slot 9
[19:01:06.407] [SEVERE ] removing player 2 token from slot 2
[19:01:06.407] [SEVERE ] player 2 placing token on slot 1
[19:01:06.407] [SEVERE ] removing player 2 token from slot 1
[19:01:06.407] [SEVERE ] player 2 placing token on slot 5
[19:01:06.407] [SEVERE ] removing player 2 token from slot 11
[19:01:06.407] [SEVERE ] player 2 placing token on slot 1
[19:01:06.407] [SEVERE ] removing player 2 token from slot 5
[19:01:06.407] [SEVERE ] player 2 placing token on slot 11
[19:01:06.407] [SEVERE ] removing player 2 token from slot 1
[19:01:06.407] [SEVERE ] player 2 placing token on slot 5
[19:01:06.407] [SEVERE ] removing player 2 token from slot 11
[19:01:06.407] [SEVERE ] player 2 placing token on slot 10
[19:01:06.407] [SEVERE ] removing player 2 token from slot 9
[19:01:06.407] [SEVERE ] player 2 placing token on slot 3
[19:01:06.413] [SEVERE ] setting player 2 score to 1
[19:01:06.414] [SEVERE ] setting player 2 freeze to 1000
[19:01:06.439] [SEVERE ] updating countdown to 58000
[19:01:06.483] [SEVERE ] setting player 3 freeze to 2000
[19:01:06.509] [SEVERE ] removing tokens from slot 3
[19:01:06.509] [SEVERE ] removing card from slot 3
[19:01:06.617] [SEVERE ] removing tokens from slot 5
[19:01:06.617] [SEVERE ] removing card from slot 5
[19:01:06.725] [SEVERE ] removing tokens from slot 10
[19:01:06.726] [SEVERE ] removing card from slot 10
[19:01:06.726] [SEVERE ] updating countdown to 60000
[19:01:06.824] [SEVERE ] setting player 4 freeze to 2000
[19:01:06.827] [SEVERE ] placing card 26 in slot 5
[19:01:06.931] [SEVERE ] placing card 64 in slot 3
[19:01:07.032] [SEVERE ] placing card 24 in slot 10
[19:01:07.069] [SEVERE ] setting player 1 freeze to 0
[19:01:07.109] [SEVERE ] player 1 placing token on slot 11
[19:01:07.110] [SEVERE ] removing player 1 token from slot 11
[19:01:07.111] [SEVERE ] player 1 placing token on slot 6
[19:01:07.112] [SEVERE ] removing player 1 token from slot 2
[19:01:07.112] [SEVERE ] player 1 placing token on slot 7
[19:01:07.113] [SEVERE ] removing player 1 token from slot 7
[19:01:07.113] [SEVERE ] player 1 placing token on slot 10
[19:01:07.113] [SEVERE ] removing player 1 token from slot 10
[19:01:07.113] [SEVERE ] player 1 placing token on slot 1
[19:01:07.114] [SEVERE ] removing player 1 token from slot 1
[19:01:07.114] [SEVERE ] player 1 placing token on slot 11
[19:01:07.114] [SEVERE ] removing player 1 token from slot 11
[19:01:07.114] [SEVERE ] player 1 placing token on slot 5
[19:01:07.114] [SEVERE ] removing player 1 token from slot 6
[19:01:07.115] [SEVERE ] player 1 placing token on slot 3
[19:01:07.145] [SEVERE ] removing player 1 token from slot 3
[19:01:07.146] [SEVERE ] player 1 placing token on slot 2
[19:01:07.147] [SEVERE ] removing player 1 token from slot 5
[19:01:07.147] [SEVERE ] player 1 placing token on slot 8
[19:01:07.147] [SEVERE ] removing player 1 token from slot 8
[19:01:07.148] [SEVERE ] player 1 placing token on slot 1
[19:01:07.148] [SEVERE ] removing player 1 token from slot 1
[19:01:07.148] [SEVERE ] player 1 placing token on slot 5
[19:01:07.149] [SEVERE ] removing player 1 token from slot 5
[19:01:07.149] [SEVERE ] player 1 placing token on slot 7
[19:01:07.149] [SEVERE ] removing player 1 token from slot 7
[19:01:07.149] [SEVERE ] player 1 placing token on slot 3
[19:01:07.150] [SEVERE ] removing player 1 token from slot 2
[19:01:07.150] [SEVERE ] player 1 placing token on slot 4
[19:01:07.150] [SEVERE ] removing player 1 token from slot 4
[19:01:07.150] [SEVERE ] player 1 placing token on slot 8
[19:01:07.151] [SEVERE ] removing player 1 token from slot 9
[19:01:07.152] [SEVERE ] player 1 placing token on slot 1
[19:01:07.156] [SEVERE ] removing player 1 token from slot 1
[19:01:07.157] [SEVERE ] removing player 1 token from slot 8
[19:01:07.157] [SEVERE ] player 1 placing token on slot 6
[19:01:07.157] [SEVERE ] player 1 placing token on slot 10
[19:01:07.157] [SEVERE ] removing player 1 token from slot 6
[19:01:07.157] [SEVERE ] removing player 1 token from slot 10
[19:01:07.157] [SEVERE ] player 1 placing token on slot 2
[19:01:07.157] [SEVERE ] player 1 placing token on slot 1
[19:01:07.158] [SEVERE ] removing player 1 token from slot 3
[19:01:07.159] [SEVERE ] removing player 1 token from slot 2
[19:01:07.159] [SEVERE ] removing player 1 token from slot 1
[19:01:07.159] [SEVERE ] player 1 placing token on slot 3
[19:01:07.159] [SEVERE ] player 1 placing token on slot 10
[19:01:07.159] [SEVERE ] removing player 1 token from slot 3
[19:01:07.159] [SEVERE ] player 1 placing token on slot 6
[19:01:07.159] [SEVERE ] removing player 1 token from slot 10
[19:01:07.159] [SEVERE ] player 1 placing token on slot 3
[19:01:07.159] [SEVERE ] removing player 1 token from slot 6
[19:01:07.159] [SEVERE ] player 1 placing token on slot 10
[19:01:07.159] [SEVERE ] player 1 placing token on slot 1
[19:01:07.160] [SEVERE ] removing player 1 token from slot 3
[19:01:07.160] [SEVERE ] removing player 1 token from slot 10
[19:01:07.160] [SEVERE ] removing player 1 token from slot 1
[19:01:07.160] [SEVERE ] player 1 placing token on slot 3
[19:01:07.160] [SEVERE ] player 1 placing token on slot 9
[19:01:07.160] [SEVERE ] player 1 placing token on slot 4
[19:01:07.160] [SEVERE ] removing player 1 token from slot 9
[19:01:07.160] [SEVERE ] removing player 1 token from slot 4
[19:01:07.160] [SEVERE ] player 1 placing token on slot 7
[19:01:07.160] [SEVERE ] player 1 placing token on slot 4
[19:01:07.160] [SEVERE ] removing player 1 token from slot 4
[19:01:07.161] [SEVERE ] player 1 placing token on slot 0
[19:01:07.161] [SEVERE ] removing player 1 token from slot 3
[19:01:07.161] [SEVERE ] player 1 placing token on slot 8
[19:01:07.161] [SEVERE ] removing player 1 token from slot 8
[19:01:07.162] [SEVERE ] setting player 1 freeze to 3000
[19:01:07.428] [SEVERE ] setting player 2 freeze to 0
[19:01:07.429] [SEVERE ] setting player 2 freeze to 3000
[19:01:07.447] [SEVERE ] updating countdown to 59000
[19:01:07.495] [SEVERE ] setting player 3 freeze to 1000
[19:01:07.828] [SEVERE ] setting player 4 freeze to 1000
[19:01:08.173] [SEVERE ] setting player 1 freeze to 2000
[19:01:08.431] [SEVERE ] setting player 2 freeze to 2000
[19:01:08.449] [SEVERE ] updating countdown to 58000
[19:01:08.497] [SEVERE ] setting player 3 freeze to 0
[19:01:08.507] [SEVERE ] player 3 placing token on slot 0
[19:01:08.509] [SEVERE ] removing player 3 token from slot 0
[19:01:08.509] [SEVERE ] player 3 placing token on slot 2
[19:01:08.509] [SEVERE ] setting player 3 freeze to 3000
[19:01:08.834] [SEVERE ] setting player 4 freeze to 0
[19:01:08.880] [SEVERE ] player 4 placing token on slot 8
[19:01:08.880] [SEVERE ] player 4 placing token on slot 11
[19:01:08.880] [SEVERE ] player 4 placing token on slot 6
[19:01:08.881] [SEVERE ] removing player 4 token from slot 6
[19:01:08.881] [SEVERE ] player 4 placing token on slot 3
[19:01:08.882] [SEVERE ] removing player 4 token from slot 3
[19:01:08.883] [SEVERE ] player 4 placing token on slot 5
[19:01:08.884] [SEVERE ] removing player 4 token from slot 11
[19:01:08.884] [SEVERE ] player 4 placing token on slot 3
[19:01:08.885] [SEVERE ] removing player 4 token from slot 5
[19:01:08.886] [SEVERE ] removing player 4 token from slot 8
[19:01:08.886] [SEVERE ] player 4 placing token on slot 0
[19:01:08.886] [SEVERE ] player 4 placing token on slot 5
[19:01:08.887] [SEVERE ] removing player 4 token from slot 0
[19:01:08.889] [SEVERE ] player 4 placing token on slot 10
[19:01:08.890] [SEVERE ] removing player 4 token from slot 10
[19:01:08.890] [SEVERE ] player 4 placing token on slot 11
[19:01:08.892] [SEVERE ] removing player 4 token from slot 11
[19:01:08.894] [SEVERE ] player 4 placing token on slot 10
[19:01:08.895] [SEVERE ] setting player 4 freeze to 3000
[19:01:09.174] [SEVERE ] setting player 1 freeze to 1000
[19:01:09.434] [SEVERE ] setting player 2 freeze to 1000
[19:01:09.449] [SEVERE ] updating countdown to 57000
[19:01:09.510] [SEVERE ] setting player 3 freeze to 2000
[19:01:09.909] [SEVERE ] setting player 4 freeze to 2000
[19:01:10.177] [SEVERE ] setting player 1 freeze to 0
[19:01:10.193] [SEVERE ] player 1 placing token on slot 8
[19:01:10.194] [SEVERE ] removing player 1 token from slot 0
[19:01:10.195] [SEVERE ] removing player 1 token from slot 7
[19:01:10.195] [SEVERE ] player 1 placing token on slot 1
[19:01:10.197] [SEVERE ] player 1 placing token on slot 0
[19:01:10.197] [SEVERE ] removing player 1 token from slot 1
[19:01:10.197] [SEVERE ] removing player 1 token from slot 0
[19:01:10.198] [SEVERE ] player 1 placing token on slot 9
[19:01:10.198] [SEVERE ] player 1 placing token on slot 10
[19:01:10.198] [SEVERE ] removing player 1 token from slot 9
[19:01:10.199] [SEVERE ] removing player 1 token from slot 10
[19:01:10.199] [SEVERE ] player 1 placing token on slot 5
[19:01:10.199] [SEVERE ] player 1 placing token on slot 10
[19:01:10.200] [SEVERE ] removing player 1 token from slot 5
[19:01:10.200] [SEVERE ] removing player 1 token from slot 10
[19:01:10.200] [SEVERE ] player 1 placing token on slot 7
[19:01:10.201] [SEVERE ] player 1 placing token on slot 1
[19:01:10.201] [SEVERE ] removing player 1 token from slot 1
[19:01:10.202] [SEVERE ] player 1 placing token on slot 9
[19:01:10.202] [SEVERE ] removing player 1 token from slot 8
[19:01:10.204] [SEVERE ] player 1 placing token on slot 4
[19:01:10.207] [SEVERE ] removing player 1 token from slot 4
[19:01:10.208] [SEVERE ] player 1 placing token on slot 0
[19:01:10.217] [SEVERE ] setting player 1 score to 2
[19:01:10.218] [SEVERE ] setting player 1 freeze to 1000
[19:01:10.324] [SEVERE ] removing tokens from slot 0
[19:01:10.324] [SEVERE ] removing card from slot 0
[19:01:10.425] [SEVERE ] removing tokens from slot 7
[19:01:10.425] [SEVERE ] removing card from slot 7
[19:01:10.435] [SEVERE ] setting player 2 freeze to 0
[19:01:10.455] [SEVERE ] updating countdown to 56000
[19:01:10.537] [SEVERE ] setting player 3 freeze to 1000
[19:01:10.537] [SEVERE ] removing tokens from slot 9
[19:01:10.538] [SEVERE ] removing card from slot 9
[19:01:10.538] [SEVERE ] updating countdown to 60000
[19:01:10.647] [SEVERE ] placing card 77 in slot 9
[19:01:10.757] [SEVERE ] placing card 54 in slot 0
[19:01:10.857] [SEVERE ] placing card 49 in slot 7
[19:01:10.885] [SEVERE ] player 2 placing token on slot 8
[19:01:10.885] [SEVERE ] player 2 placing token on slot 3
[19:01:10.885] [SEVERE ] player 2 placing token on slot 5
[19:01:10.903] [SEVERE ] removing player 2 token from slot 8
[19:01:10.904] [SEVERE ] removing player 2 token from slot 3
[19:01:10.904] [SEVERE ] removing player 2 token from slot 5
[19:01:10.904] [SEVERE ] player 2 placing token on slot 1
[19:01:10.904] [SEVERE ] player 2 placing token on slot 0
[19:01:10.904] [SEVERE ] setting player 2 freeze to 3000
[19:01:10.912] [SEVERE ] setting player 4 freeze to 1000
[19:01:11.221] [SEVERE ] setting player 1 freeze to 0
[19:01:11.221] [SEVERE ] setting player 1 freeze to 3000
[19:01:11.458] [SEVERE ] updating countdown to 59000
[19:01:11.545] [SEVERE ] setting player 3 freeze to 0
[19:01:11.595] [SEVERE ] player 3 placing token on slot 1
[19:01:11.595] [SEVERE ] removing player 3 token from slot 1
[19:01:11.595] [SEVERE ] player 3 placing token on slot 11
[19:01:11.596] [SEVERE ] removing player 3 token from slot 8
[19:01:11.597] [SEVERE ] player 3 placing token on slot 3
[19:01:11.598] [SEVERE ] removing player 3 token from slot 3
[19:01:11.598] [SEVERE ] player 3 placing token on slot 9
[19:01:11.599] [SEVERE ] removing player 3 token from slot 9
[19:01:11.599] [SEVERE ] player 3 placing token on slot 0
[19:01:11.599] [SEVERE ] removing player 3 token from slot 0
[19:01:11.599] [SEVERE ] player 3 placing token on slot 10
[19:01:11.600] [SEVERE ] removing player 3 token from slot 2
[19:01:11.600] [SEVERE ] player 3 placing token on slot 3
[19:01:11.600] [SEVERE ] removing player 3 token from slot 10
[19:01:11.600] [SEVERE ] player 3 placing token on slot 2
[19:01:11.600] [SEVERE ] removing player 3 token from slot 3
[19:01:11.600] [SEVERE ] player 3 placing token on slot 10
[19:01:11.601] [SEVERE ] removing player 3 token from slot 2
[19:01:11.601] [SEVERE ] player 3 placing token on slot 8
[19:01:11.601] [SEVERE ] removing player 3 token from slot 10
[19:01:11.601] [SEVERE ] player 3 placing token on slot 3
[19:01:11.601] [SEVERE ] removing player 3 token from slot 3
[19:01:11.601] [SEVERE ] player 3 placing token on slot 7
[19:01:11.602] [SEVERE ] removing player 3 token from slot 7
[19:01:11.602] [SEVERE ] player 3 placing token on slot 2
[19:01:11.603] [SEVERE ] removing player 3 token from slot 2
[19:01:11.605] [SEVERE ] player 3 placing token on slot 9
[19:01:11.606] [SEVERE ] removing player 3 token from slot 9
[19:01:11.606] [SEVERE ] player 3 placing token on slot 9
[19:01:11.609] [SEVERE ] removing player 3 token from slot 9
[19:01:11.610] [SEVERE ] player 3 placing token on slot 5
[19:01:11.611] [SEVERE ] removing player 3 token from slot 8
[19:01:11.611] [SEVERE ] player 3 placing token on slot 6
[19:01:11.612] [SEVERE ] removing player 3 token from slot 11
[19:01:11.612] [SEVERE ] player 3 placing token on slot 3
[19:01:11.612] [SEVERE ] removing player 3 token from slot 3
[19:01:11.612] [SEVERE ] player 3 placing token on slot 4
[19:01:11.613] [SEVERE ] removing player 3 token from slot 5
[19:01:11.613] [SEVERE ] removing player 3 token from slot 6
[19:01:11.613] [SEVERE ] player 3 placing token on slot 2
[19:01:11.613] [SEVERE ] player 3 placing token on slot 5
[19:01:11.613] [SEVERE ] removing player 3 token from slot 2
[19:01:11.613] [SEVERE ] player 3 placing token on slot 9
[19:01:11.613] [SEVERE ] removing player 3 token from slot 9
[19:01:11.614] [SEVERE ] player 3 placing token on slot 0
[19:01:11.614] [SEVERE ] removing player 3 token from slot 5
[19:01:11.614] [SEVERE ] removing player 3 token from slot 0
[19:01:11.614] [SEVERE ] player 3 placing token on slot 1
[19:01:11.614] [SEVERE ] player 3 placing token on slot 5
[19:01:11.614] [SEVERE ] removing player 3 token from slot 4
[19:01:11.614] [SEVERE ] player 3 placing token on slot 6
[19:01:11.614] [SEVERE ] setting player 3 freeze to 3000
[19:01:11.911] [SEVERE ] setting player 2 freeze to 2000
[19:01:11.913] [SEVERE ] setting player 4 freeze to 0
[19:01:11.927] [SEVERE ] removing player 4 token from slot 10
[19:01:11.931] [SEVERE ] player 4 placing token on slot 9
[19:01:11.931] [SEVERE ] removing player 4 token from slot 3
[19:01:11.931] [SEVERE ] player 4 placing token on slot 2
[19:01:11.932] [SEVERE ] removing player 4 token from slot 5
[19:01:11.932] [SEVERE ] player 4 placing token on slot 6
[19:01:11.932] [SEVERE ] removing player 4 token from slot 2
[19:01:11.933] [SEVERE ] player 4 placing token on slot 5
[19:01:11.933] [SEVERE ] removing player 4 token from slot 5
[19:01:11.933] [SEVERE ] removing player 4 token from slot 9
[19:01:11.933] [SEVERE ] player 4 placing token on slot 3
[19:01:11.934] [SEVERE ] player 4 placing token on slot 1
[19:01:11.934] [SEVERE ] removing player 4 token from slot 3
[19:01:11.934] [SEVERE ] removing player 4 token from slot 1
[19:01:11.934] [SEVERE ] player 4 placing token on slot 7
[19:01:11.935] [SEVERE ] removing player 4 token from slot 6
[19:01:11.935] [SEVERE ] player 4 placing token on slot 0
[19:01:11.936] [SEVERE ] removing player 4 token from slot 7
[19:01:11.936] [SEVERE ] player 4 placing token on slot 6
[19:01:11.937] [SEVERE ] removing player 4 token from slot 0
[19:01:11.939] [SEVERE ] removing player 4 token from slot 6
[19:01:11.939] [SEVERE ] player 4 placing token on slot 8
[19:01:11.940] [SEVERE ] player 4 placing token on slot 5
[19:01:11.940] [SEVERE ] player 4 placing token on slot 6
[19:01:11.940] [SEVERE ] removing player 4 token from slot 8
[19:01:11.941] [SEVERE ] removing player 4 token from slot 5
[19:01:11.943] [SEVERE ] player 4 placing token on slot 0
[19:01:11.944] [SEVERE ] removing player 4 token from slot 6
[19:01:11.946] [SEVERE ] player 4 placing token on slot 7
[19:01:11.946] [SEVERE ] removing player 4 token from slot 0
[19:01:11.947] [SEVERE ] player 4 placing token on slot 6
[19:01:11.948] [SEVERE ] removing player 4 token from slot 7
[19:01:11.948] [SEVERE ] player 4 placing token on slot 5
[19:01:11.949] [SEVERE ] player 4 placing token on slot 3
[19:01:11.951] [SEVERE ] removing player 4 token from slot 5
[19:01:11.951] [SEVERE ] removing player 4 token from slot 3
[19:01:11.953] [SEVERE ] player 4 placing token on slot 8
[19:01:11.953] [SEVERE ] player 4 placing token on slot 10
[19:01:11.956] [SEVERE ] removing player 4 token from slot 8
[19:01:11.957] [SEVERE ] removing player 4 token from slot 10
[19:01:11.957] [SEVERE ] player 4 placing token on slot 2
[19:01:11.958] [SEVERE ] player 4 placing token on slot 8
[19:01:11.958] [SEVERE ] removing player 4 token from slot 2
[19:01:11.958] [SEVERE ] player 4 placing token on slot 1
[19:01:11.958] [SEVERE ] removing player 4 token from slot 1
[19:01:11.959] [SEVERE ] player 4 placing token on slot 0
[19:01:11.959] [SEVERE ] removing player 4 token from slot 0
[19:01:11.959] [SEVERE ] player 4 placing token on slot 7
[19:01:11.959] [SEVERE ] removing player 4 token from slot 8
[19:01:11.960] [SEVERE ] player 4 placing token on slot 5
[19:01:11.961] [SEVERE ] setting player 4 score to 3
[19:01:11.962] [SEVERE ] setting player 4 freeze to 1000
[19:01:12.060] [SEVERE ] removing tokens from slot 5
[19:01:12.061] [SEVERE ] removing card from slot 5
[19:01:12.163] [SEVERE ] removing tokens from slot 6
[19:01:12.164] [SEVERE ] removing card from slot 6
[19:01:12.227] [SEVERE ] setting player 1 freeze to 2000
[19:01:12.265] [SEVERE ] removing tokens from slot 7
[19:01:12.265] [SEVERE ] removing card from slot 7
[19:01:12.271] [SEVERE ] updating countdown to 60000
[19:01:12.372] [SEVERE ] placing card 8 in slot 5
[19:01:12.460] [SEVERE ] updating countdown to 59000
[19:01:12.477] [SEVERE ] placing card 6 in slot 7
[19:01:12.589] [SEVERE ] placing card 78 in slot 6
[19:01:12.630] [SEVERE ] setting player 3 freeze to 2000
[19:01:12.913] [SEVERE ] setting player 2 freeze to 1000
[19:01:12.967] [SEVERE ] setting player 4 freeze to 0
[19:01:12.967] [SEVERE ] setting player 4 freeze to 3000
[19:01:13.233] [SEVERE ] setting player 1 freeze to 1000
[19:01:13.463] [SEVERE ] updating countdown to 58000
[19:01:13.635] [SEVERE ] setting player 3 freeze to 1000
[19:01:13.921] [SEVERE ] setting player 2 freeze to 0
[19:01:13.942] [SEVERE ] player 2 placing token on slot 11
[19:01:13.946] [SEVERE ] removing player 2 token from slot 1
[19:01:13.946] [SEVERE ] removing player 2 token from slot 11
[19:01:13.946] [SEVERE ] player 2 placing token on slot 3
[19:01:13.947] [SEVERE ] player 2 placing token on slot 1
[19:01:13.947] [SEVERE ] removing player 2 token from slot 3
[19:01:13.949] [SEVERE ] player 2 placing token on slot 4
[19:01:13.950] [SEVERE ] removing player 2 token from slot 4
[19:01:13.950] [SEVERE ] player 2 placing token on slot 7
[19:01:13.956] [SEVERE ] removing player 2 token from slot 7
[19:01:13.968] [SEVERE ] setting player 4 freeze to 2000
[19:01:13.968] [SEVERE ] player 2 placing token on slot 9
[19:01:13.972] [SEVERE ] removing player 2 token from slot 9
[19:01:13.972] [SEVERE ] player 2 placing token on slot 7
[19:01:13.972] [SEVERE ] removing player 2 token from slot 7
[19:01:13.973] [SEVERE ] player 2 placing token on slot 2
[19:01:13.973] [SEVERE ] removing player 2 token from slot 0
[19:01:13.973] [SEVERE ] player 2 placing token on slot 7
[19:01:13.974] [SEVERE ] removing player 2 token from slot 7
[19:01:13.974] [SEVERE ] player 2 placing token on slot 8
[19:01:13.974] [SEVERE ] removing player 2 token from slot 8
[19:01:13.974] [SEVERE ] player 2 placing token on slot 10
[19:01:13.975] [SEVERE ] removing player 2 token from slot 10
[19:01:13.975] [SEVERE ] player 2 placing token on slot 0
[19:01:13.975] [SEVERE ] removing player 2 token from slot 2
[19:01:13.976] [SEVERE ] player 2 placing token on slot 10
[19:01:13.976] [SEVERE ] removing player 2 token from slot 0
[19:01:13.976] [SEVERE ] player 2 placing token on slot 2
[19:01:13.977] [SEVERE ] removing player 2 token from slot 2
[19:01:13.977] [SEVERE ] removing player 2 token from slot 1
[19:01:13.978] [SEVERE ] player 2 placing token on slot 5
[19:01:13.978] [SEVERE ] player 2 placing token on slot 2
[19:01:13.978] [SEVERE ] removing player 2 token from slot 10
[19:01:13.978] [SEVERE ] player 2 placing token on slot 9
[19:01:13.978] [SEVERE ] removing player 2 token from slot 2
[19:01:13.979] [SEVERE ] player 2 placing token on slot 10
[19:01:13.979] [SEVERE ] removing player 2 token from slot 9
[19:01:13.979] [SEVERE ] player 2 placing token on slot 2
[19:01:13.979] [SEVERE ] removing player 2 token from slot 10
[19:01:13.980] [SEVERE ] player 2 placing token on slot 3
[19:01:13.980] [SEVERE ] removing player 2 token from slot 3
[19:01:13.980] [SEVERE ] player 2 placing token on slot 9
[19:01:13.980] [SEVERE ] removing player 2 token from slot 5
[19:01:13.980] [SEVERE ] player 2 placing token on slot 4
[19:01:13.981] [SEVERE ] removing player 2 token from slot 4
[19:01:13.981] [SEVERE ] player 2 placing token on slot 11
[19:01:13.981] [SEVERE ] removing player 2 token from slot 11
[19:01:13.982] [SEVERE ] player 2 placing token on slot 6
[19:01:13.982] [SEVERE ] removing player 2 token from slot 6
[19:01:13.982] [SEVERE ] removing player 2 token from slot 9
[19:01:13.982] [SEVERE ] player 2 placing token on slot 8
[19:01:13.983] [SEVERE ] player 2 placing token on slot 6
[19:01:13.983] [SEVERE ] removing player 2 token from slot 8
[19:01:13.983] [SEVERE ] removing player 2 token from slot 2
[19:01:13.983] [SEVERE ] player 2 placing token on slot 9
[19:01:13.983] [SEVERE ] player 2 placing token on slot 4
[19:01:13.984] [SEVERE ] removing player 2 token from slot 9
[19:01:13.984] [SEVERE ] removing player 2 token from slot 4
[19:01:13.984] [SEVERE ] player 2 placing token on slot 4
[19:01:13.984] [SEVERE ] player 2 placing token on slot 2
[19:01:13.993] [SEVERE ] setting player 2 score to 2
[19:01:14.007] [SEVERE ] setting player 2 freeze to 1000
[19:01:14.092] [SEVERE ] removing tokens from slot 2
[19:01:14.092] [SEVERE ] removing card from slot 2
[19:01:14.197] [SEVERE ] removing tokens from slot 4
[19:01:14.197] [SEVERE ] removing card from slot 4
[19:01:14.238] [SEVERE ] setting player 1 freeze to 0
[19:01:14.309] [SEVERE ] removing tokens from slot 6
[19:01:14.309] [SEVERE ] removing card from slot 6
[19:01:14.309] [SEVERE ] updating countdown to 60000
[19:01:14.424] [SEVERE ] placing card 55 in slot 4
[19:01:14.465] [SEVERE ] updating countdown to 59000
[19:01:14.525] [SEVERE ] placing card 1 in slot 6
[19:01:14.625] [SEVERE ] placing card 13 in slot 2
[19:01:14.635] [SEVERE ] setting player 3 freeze to 0
[19:01:14.641] [SEVERE ] player 3 placing token on slot 11
[19:01:14.645] [SEVERE ] player 3 placing token on slot 7
[19:01:14.646] [SEVERE ] setting player 3 freeze to 3000
[19:01:14.659] [SEVERE ] player 1 placing token on slot 9
[19:01:14.661] [SEVERE ] player 1 placing token on slot 5
[19:01:14.661] [SEVERE ] player 1 placing token on slot 10
[19:01:14.665] [SEVERE ] removing player 1 token from slot 9
[19:01:14.665] [SEVERE ] removing player 1 token from slot 5
[19:01:14.665] [SEVERE ] removing player 1 token from slot 10
[19:01:14.665] [SEVERE ] player 1 placing token on slot 2
[19:01:14.666] [SEVERE ] player 1 placing token on slot 5
[19:01:14.666] [SEVERE ] player 1 placing token on slot 7
[19:01:14.666] [SEVERE ] removing player 1 token from slot 2
[19:01:14.666] [SEVERE ] removing player 1 token from slot 5
[19:01:14.666] [SEVERE ] removing player 1 token from slot 7
[19:01:14.666] [SEVERE ] player 1 placing token on slot 10
[19:01:14.666] [SEVERE ] player 1 placing token on slot 2
[19:01:14.666] [SEVERE ] player 1 placing token on slot 11
[19:01:14.668] [SEVERE ] removing player 1 token from slot 10
[19:01:14.668] [SEVERE ] removing player 1 token from slot 2
[19:01:14.668] [SEVERE ] removing player 1 token from slot 11
[19:01:14.668] [SEVERE ] player 1 placing token on slot 3
[19:01:14.668] [SEVERE ] player 1 placing token on slot 0
[19:01:14.668] [SEVERE ] player 1 placing token on slot 11
[19:01:14.668] [SEVERE ] removing player 1 token from slot 3
[19:01:14.669] [SEVERE ] removing player 1 token from slot 0
[19:01:14.669] [SEVERE ] removing player 1 token from slot 11
[19:01:14.669] [SEVERE ] player 1 placing token on slot 3
[19:01:14.669] [SEVERE ] player 1 placing token on slot 5
[19:01:14.669] [SEVERE ] player 1 placing token on slot 11
[19:01:14.676] [SEVERE ] setting player 1 freeze to 3000
[19:01:14.968] [SEVERE ] setting player 4 freeze to 1000
[19:01:15.008] [SEVERE ] setting player 2 freeze to 0
[19:01:15.008] [SEVERE ] setting player 2 freeze to 3000
[19:01:15.491] [SEVERE ] updating countdown to 58000
[19:01:15.648] [SEVERE ] setting player 3 freeze to 2000
[19:01:15.688] [SEVERE ] setting player 1 freeze to 2000
[19:01:15.976] [SEVERE ] setting player 4 freeze to 0
[19:01:15.992] [SEVERE ] player 4 placing token on slot 6
[19:01:15.995] [SEVERE ] player 4 placing token on slot 8
[19:01:15.995] [SEVERE ] player 4 placing token on slot 0
[19:01:15.996] [SEVERE ] removing player 4 token from slot 6
[19:01:15.996] [SEVERE ] removing player 4 token from slot 8
[19:01:15.996] [SEVERE ] removing player 4 token from slot 0
[19:01:15.996] [SEVERE ] player 4 placing token on slot 10
[19:01:15.997] [SEVERE ] player 4 placing token on slot 3
[19:01:15.997] [SEVERE ] player 4 placing token on slot 1
[19:01:15.998] [SEVERE ] removing player 4 token from slot 10
[19:01:15.998] [SEVERE ] removing player 4 token from slot 3
[19:01:15.998] [SEVERE ] removing player 4 token from slot 1
[19:01:15.998] [SEVERE ] player 4 placing token on slot 5
[19:01:15.999] [SEVERE ] player 4 placing token on slot 3
[19:01:15.999] [SEVERE ] player 4 placing token on slot 2
[19:01:16.002] [SEVERE ] removing player 4 token from slot 5
[19:01:16.009] [SEVERE ] setting player 2 freeze to 2000
[19:01:16.010] [SEVERE ] removing player 4 token from slot 3
[19:01:16.010] [SEVERE ] removing player 4 token from slot 2
[19:01:16.011] [SEVERE ] player 4 placing token on slot 8
[19:01:16.011] [SEVERE ] player 4 placing token on slot 7
[19:01:16.012] [SEVERE ] player 4 placing token on slot 9
[19:01:16.013] [SEVERE ] setting player 4 score to 4
[19:01:16.014] [SEVERE ] setting player 4 freeze to 1000
[19:01:16.114] [SEVERE ] removing tokens from slot 7
[19:01:16.114] [SEVERE ] removing card from slot 7
[19:01:16.229] [SEVERE ] removing tokens from slot 8
[19:01:16.229] [SEVERE ] removing card from slot 8
[19:01:16.343] [SEVERE ] removing tokens from slot 9
[19:01:16.343] [SEVERE ] removing card from slot 9
[19:01:16.343] [SEVERE ] updating countdown to 60000
[19:01:16.457] [SEVERE ] placing card 3 in slot 9
[19:01:16.493] [SEVERE ] updating countdown to 59000
[19:01:16.563] [SEVERE ] placing card 61 in slot 7
[19:01:16.659] [SEVERE ] setting player 3 freeze to 1000
[19:01:16.682] [SEVERE ] placing card 16 in slot 8
[19:01:16.691] [SEVERE ] setting player 1 freeze to 1000
[19:01:17.013] [SEVERE ] setting player 2 freeze to 1000
[19:01:17.016] [SEVERE ] setting player 4 freeze to 0
[19:01:17.016] [SEVERE ] setting player 4 freeze to 3000
[19:01:17.498] [SEVERE ] updating countdown to 58000
[19:01:17.667] [SEVERE ] setting player 3 freeze to 0
[19:01:17.694] [SEVERE ] setting player 1 freeze to 0
[19:01:17.705] [SEVERE ] removing player 1 token from slot 11
[19:01:17.710] [SEVERE ] player 1 placing token on slot 10
[19:01:17.714] [SEVERE ] removing player 1 token from slot 10
[19:01:17.715] [SEVERE ] player 1 placing token on slot 1
[19:01:17.717] [SEVERE ] removing player 1 token from slot 5
[19:01:17.717] [SEVERE ] player 1 placing token on slot 9
[19:01:17.729] [SEVERE ] removing player 1 token from slot 3
[19:01:17.731] [SEVERE ] player 1 placing token on slot 11
[19:01:17.731] [SEVERE ] setting player 1 freeze to 3000
[19:01:17.732] [SEVERE ] player 3 placing token on slot 8
[19:01:17.732] [SEVERE ] removing player 3 token from slot 8
[19:01:17.732] [SEVERE ] player 3 placing token on slot 6
[19:01:17.732] [SEVERE ] removing player 3 token from slot 1
[19:01:17.732] [SEVERE ] player 3 placing token on slot 8
[19:01:17.732] [SEVERE ] removing player 3 token from slot 8
[19:01:17.732] [SEVERE ] player 3 placing token on slot 5
[19:01:17.732] [SEVERE ] removing player 3 token from slot 5
[19:01:17.732] [SEVERE ] removing player 3 token from slot 11
[19:01:17.732] [SEVERE ] player 3 placing token on slot 4
[19:01:17.732] [SEVERE ] player 3 placing token on slot 5
[19:01:17.732] [SEVERE ] removing player 3 token from slot 6
[19:01:17.732] [SEVERE ] player 3 placing token on slot 9
[19:01:17.732] [SEVERE ] removing player 3 token from slot 9
[19:01:17.732] [SEVERE ] player 3 placing token on slot 1
[19:01:17.732] [SEVERE ] removing player 3 token from slot 1
[19:01:17.732] [SEVERE ] player 3 placing token on slot 8
[19:01:17.732] [SEVERE ] removing player 3 token from slot 4
[19:01:17.733] [SEVERE ] player 3 placing token on slot 3
[19:01:17.733] [SEVERE ] removing player 3 token from slot 3
[19:01:17.735] [SEVERE ] player 3 placing token on slot 10
[19:01:17.737] [SEVERE ] setting player 3 score to 2
[19:01:17.738] [SEVERE ] setting player 3 freeze to 1000
[19:01:17.837] [SEVERE ] removing tokens from slot 5
[19:01:17.840] [SEVERE ] removing card from slot 5
[19:01:17.940] [SEVERE ] removing tokens from slot 8
[19:01:17.940] [SEVERE ] removing card from slot 8
[19:01:18.014] [SEVERE ] setting player 2 freeze to 0
[19:01:18.019] [SEVERE ] setting player 4 freeze to 2000
[19:01:18.041] [SEVERE ] removing tokens from slot 10
[19:01:18.041] [SEVERE ] removing card from slot 10
[19:01:18.046] [SEVERE ] updating countdown to 60000
[19:01:18.146] [SEVERE ] placing card 79 in slot 10
[19:01:18.250] [SEVERE ] placing card 73 in slot 8
[19:01:18.351] [SEVERE ] placing card 9 in slot 5
[19:01:18.351] [SEVERE ] player 2 placing token on slot 7
[19:01:18.351] [SEVERE ] player 2 placing token on slot 11
[19:01:18.351] [SEVERE ] player 2 placing token on slot 9
[19:01:18.352] [SEVERE ] removing player 2 token from slot 7
[19:01:18.352] [SEVERE ] removing player 2 token from slot 11
[19:01:18.352] [SEVERE ] removing player 2 token from slot 9
[19:01:18.352] [SEVERE ] player 2 placing token on slot 7
[19:01:18.352] [SEVERE ] player 2 placing token on slot 8
[19:01:18.352] [SEVERE ] player 2 placing token on slot 0
[19:01:18.352] [SEVERE ] removing player 2 token from slot 7
[19:01:18.352] [SEVERE ] removing player 2 token from slot 8
[19:01:18.352] [SEVERE ] removing player 2 token from slot 0
[19:01:18.352] [SEVERE ] player 2 placing token on slot 4
[19:01:18.353] [SEVERE ] player 2 placing token on slot 10
[19:01:18.353] [SEVERE ] player 2 placing token on slot 0
[19:01:18.353] [SEVERE ] removing player 2 token from slot 4
[19:01:18.353] [SEVERE ] removing player 2 token from slot 10
[19:01:18.353] [SEVERE ] removing player 2 token from slot 0
[19:01:18.353] [SEVERE ] player 2 placing token on slot 11
[19:01:18.353] [SEVERE ] player 2 placing token on slot 10
[19:01:18.354] [SEVERE ] player 2 placing token on slot 6
[19:01:18.356] [SEVERE ] removing player 2 token from slot 11
[19:01:18.356] [SEVERE ] removing player 2 token from slot 10
[19:01:18.357] [SEVERE ] removing player 2 token from slot 6
[19:01:18.357] [SEVERE ] player 2 placing token on slot 5
[19:01:18.357] [SEVERE ] player 2 placing token on slot 6
[19:01:18.357] [SEVERE ] player 2 placing token on slot 8
[19:01:18.361] [SEVERE ] removing player 2 token from slot 5
[19:01:18.362] [SEVERE ] removing player 2 token from slot 6
[19:01:18.362] [SEVERE ] removing player 2 token from slot 8
[19:01:18.362] [SEVERE ] player 2 placing token on slot 2
[19:01:18.362] [SEVERE ] player 2 placing token on slot 5
[19:01:18.362] [SEVERE ] player 2 placing token on slot 11
[19:01:18.362] [SEVERE ] removing player 2 token from slot 2
[19:01:18.362] [SEVERE ] removing player 2 token from slot 5
[19:01:18.362] [SEVERE ] removing player 2 token from slot 11
[19:01:18.362] [SEVERE ] player 2 placing token on slot 11
[19:01:18.362] [SEVERE ] player 2 placing token on slot 5
[19:01:18.362] [SEVERE ] player 2 placing token on slot 8
[19:01:18.362] [SEVERE ] removing player 2 token from slot 11
[19:01:18.362] [SEVERE ] removing player 2 token from slot 5
[19:01:18.365] [SEVERE ] removing player 2 token from slot 8
[19:01:18.365] [SEVERE ] player 2 placing token on slot 0
[19:01:18.365] [SEVERE ] player 2 placing token on slot 7
[19:01:18.365] [SEVERE ] player 2 placing token on slot 11
[19:01:18.366] [SEVERE ] removing player 2 token from slot 0
[19:01:18.366] [SEVERE ] removing player 2 token from slot 7
[19:01:18.366] [SEVERE ] removing player 2 token from slot 11
[19:01:18.366] [SEVERE ] player 2 placing token on slot 8
[19:01:18.366] [SEVERE ] player 2 placing token on slot 6
[19:01:18.366] [SEVERE ] player 2 placing token on slot 7
[19:01:18.368] [SEVERE ] removing player 2 token from slot 8
[19:01:18.368] [SEVERE ] removing player 2 token from slot 6
[19:01:18.368] [SEVERE ] removing player 2 token from slot 7
[19:01:18.368] [SEVERE ] player 2 placing token on slot 6
[19:01:18.368] [SEVERE ] player 2 placing token on slot 0
[19:01:18.368] [SEVERE ] player 2 placing token on slot 9
[19:01:18.369] [SEVERE ] removing player 2 token from slot 6
[19:01:18.369] [SEVERE ] removing player 2 token from slot 0
[19:01:18.369] [SEVERE ] removing player 2 token from slot 9
[19:01:18.371] [SEVERE ] setting player 2 freeze to 3000
[19:01:18.501] [SEVERE ] updating countdown to 59000
[19:01:18.732] [SEVERE ] setting player 1 freeze to 2000
[19:01:18.740] [SEVERE ] setting player 3 freeze to 0
[19:01:18.740] [SEVERE ] setting player 3 freeze to 3000
[19:01:18.986] [SEVERE ] exit button pressed
[19:01:18.999] [INFO   ] thread computer-3 terminated.
[19:01:19.029] [SEVERE ] setting player 4 freeze to 1000
[19:01:19.371] [SEVERE ] setting player 2 freeze to 2000
[19:01:19.501] [SEVERE ] updating countdown to 58000
[19:01:19.734] [SEVERE ] setting player 1 freeze to 1000
[19:01:19.753] [SEVERE ] setting player 3 freeze to 2000
[19:01:20.033] [SEVERE ] setting player 4 freeze to 0
[19:01:20.034] [INFO   ] thread 3 terminated.
[19:01:20.034] [INFO   ] thread computer-2 terminated.
[19:01:20.379] [SEVERE ] setting player 2 freeze to 1000
[19:01:20.514] [SEVERE ] updating countdown to 57000
[19:01:20.736] [SEVERE ] setting player 1 freeze to 0
[19:01:20.752] [SEVERE ] removing player 1 token from slot 9
[19:01:20.754] [SEVERE ] player 1 placing token on slot 0
[19:01:20.761] [SEVERE ] setting player 3 freeze to 1000
[19:01:20.780] [SEVERE ] setting player 1 freeze to 3000
[19:01:20.862] [SEVERE ] removing tokens from slot 3
[19:01:20.862] [SEVERE ] removing card from slot 3
[19:01:20.970] [SEVERE ] removing tokens from slot 0
[19:01:20.971] [SEVERE ] removing card from slot 0
[19:01:21.071] [SEVERE ] removing tokens from slot 10
[19:01:21.071] [SEVERE ] removing card from slot 10
[19:01:21.173] [SEVERE ] removing tokens from slot 5
[19:01:21.173] [SEVERE ] removing card from slot 5
[19:01:21.274] [SEVERE ] removing tokens from slot 6
[19:01:21.274] [SEVERE ] removing card from slot 6
[19:01:21.379] [SEVERE ] removing tokens from slot 8
[19:01:21.379] [SEVERE ] removing card from slot 8
[19:01:21.380] [SEVERE ] setting player 2 freeze to 0
[19:01:21.481] [SEVERE ] removing tokens from slot 11
[19:01:21.481] [SEVERE ] removing card from slot 11
[19:01:21.514] [SEVERE ] updating countdown to 56000
[19:01:21.581] [SEVERE ] removing tokens from slot 7
[19:01:21.581] [SEVERE ] removing card from slot 7
[19:01:21.688] [SEVERE ] removing tokens from slot 2
[19:01:21.689] [SEVERE ] removing card from slot 2
[19:01:21.777] [SEVERE ] setting player 3 freeze to 0
[19:01:21.778] [INFO   ] thread 2 terminated.
[19:01:21.781] [INFO   ] thread computer-1 terminated.
[19:01:21.781] [INFO   ] thread 1 terminated.
[19:01:21.781] [INFO   ] thread computer-0 terminated.
[19:01:21.789] [SEVERE ] removing tokens from slot 1
[19:01:21.789] [SEVERE ] removing card from slot 1
[19:01:21.794] [SEVERE ] setting player 1 freeze to 2000
[19:01:21.890] [SEVERE ] removing tokens from slot 4
[19:01:21.890] [SEVERE ] removing card from slot 4
[19:01:21.991] [SEVERE ] removing tokens from slot 9
[19:01:21.991] [SEVERE ] removing card from slot 9
[19:01:22.515] [SEVERE ] updating countdown to 55000
[19:01:22.794] [SEVERE ] setting player 1 freeze to 1000
[19:01:23.515] [SEVERE ] updating countdown to 54000
[19:01:23.795] [SEVERE ] setting player 1 freeze to 0
[19:01:23.796] [INFO   ] thread 0 terminated.
[19:01:23.798] [SEVERE ] announcing winner(s): player 4
[19:01:23.805] [INFO   ] thread dealer terminated.
[19:01:23.809] [INFO   ] thread dealer terminated.
[19:01:23.809] [SEVERE ] thanks for playing... it was fun!
[19:01:23.812] [INFO   ] thread main terminated.
