[19:11:53.313] [INFO   ] thread main starting.
[19:11:53.321] [SEVERE ] cannot read configuration file config.properties trying from resources.
[19:11:53.322] [SEVERE ] configuration file was loaded from resources directory.
[19:11:53.839] [INFO   ] thread dealer starting.
[19:11:53.853] [INFO   ] thread dealer starting.
[19:11:53.853] [SEVERE ] updating countdown to 60000
[19:11:53.957] [SEVERE ] placing card 19 in slot 4
[19:11:54.117] [SEVERE ] placing card 44 in slot 0
[19:11:54.223] [SEVERE ] placing card 5 in slot 2
[19:11:54.326] [SEVERE ] placing card 37 in slot 10
[19:11:54.427] [SEVERE ] placing card 40 in slot 5
[19:11:54.528] [SEVERE ] placing card 70 in slot 11
[19:11:54.628] [SEVERE ] placing card 15 in slot 7
[19:11:54.729] [SEVERE ] placing card 35 in slot 3
[19:11:54.831] [SEVERE ] placing card 14 in slot 6
[19:11:54.932] [SEVERE ] placing card 20 in slot 9
[19:11:55.038] [SEVERE ] placing card 45 in slot 1
[19:11:55.141] [SEVERE ] placing card 69 in slot 8
[19:11:55.142] [SEVERE ] updating countdown to 60000
[19:11:55.143] [INFO   ] thread 0 starting.
[19:11:55.144] [INFO   ] thread 1 starting.
[19:11:55.145] [INFO   ] thread 3 starting.
[19:11:55.144] [INFO   ] thread 2 starting.
[19:11:55.167] [INFO   ] thread computer-0 starting.
[19:11:55.178] [INFO   ] thread computer-2 starting.
[19:11:55.204] [INFO   ] thread computer-3 starting.
[19:11:55.215] [SEVERE ] updating countdown to 60000
[19:11:55.219] [SEVERE ] player 3 placing token on slot 6
[19:11:55.219] [SEVERE ] player 3 placing token on slot 0
[19:11:55.219] [SEVERE ] player 3 placing token on slot 1
[19:11:55.220] [SEVERE ] removing player 3 token from slot 6
[19:11:55.220] [SEVERE ] removing player 3 token from slot 0
[19:11:55.220] [SEVERE ] removing player 3 token from slot 1
[19:11:55.220] [SEVERE ] player 3 placing token on slot 4
[19:11:55.221] [SEVERE ] player 3 placing token on slot 7
[19:11:55.221] [SEVERE ] player 3 placing token on slot 1
[19:11:55.221] [INFO   ] thread computer-1 starting.
[19:11:55.221] [SEVERE ] removing player 3 token from slot 4
[19:11:55.221] [SEVERE ] removing player 3 token from slot 7
[19:11:55.225] [SEVERE ] removing player 3 token from slot 1
[19:11:55.225] [SEVERE ] player 1 placing token on slot 9
[19:11:55.225] [SEVERE ] player 1 placing token on slot 5
[19:11:55.225] [SEVERE ] player 1 placing token on slot 6
[19:11:55.225] [SEVERE ] removing player 1 token from slot 9
[19:11:55.226] [SEVERE ] removing player 1 token from slot 5
[19:11:55.226] [SEVERE ] removing player 1 token from slot 6
[19:11:55.226] [SEVERE ] player 1 placing token on slot 7
[19:11:55.227] [SEVERE ] player 1 placing token on slot 4
[19:11:55.227] [SEVERE ] player 1 placing token on slot 2
[19:11:55.233] [SEVERE ] setting player 3 freeze to 3000
[19:11:55.233] [SEVERE ] setting player 1 score to 1
[19:11:55.235] [SEVERE ] setting player 1 freeze to 1000
[19:11:55.329] [SEVERE ] removing tokens from slot 2
[19:11:55.330] [SEVERE ] removing card from slot 2
[19:11:55.432] [SEVERE ] removing tokens from slot 4
[19:11:55.434] [SEVERE ] removing card from slot 4
[19:11:55.541] [SEVERE ] removing tokens from slot 7
[19:11:55.541] [SEVERE ] removing card from slot 7
[19:11:55.542] [SEVERE ] updating countdown to 60000
[19:11:55.676] [SEVERE ] placing card 55 in slot 4
[19:11:55.779] [SEVERE ] placing card 60 in slot 7
[19:11:55.879] [SEVERE ] placing card 7 in slot 2
[19:11:55.889] [SEVERE ] player 4 placing token on slot 5
[19:11:55.889] [SEVERE ] player 4 placing token on slot 11
[19:11:55.889] [SEVERE ] player 4 placing token on slot 7
[19:11:55.894] [SEVERE ] removing player 4 token from slot 11
[19:11:55.907] [SEVERE ] player 4 placing token on slot 0
[19:11:55.907] [SEVERE ] setting player 4 freeze to 3000
[19:11:55.913] [SEVERE ] player 2 placing token on slot 5
[19:11:55.913] [SEVERE ] player 2 placing token on slot 9
[19:11:55.916] [SEVERE ] player 2 placing token on slot 8
[19:11:55.921] [SEVERE ] removing player 2 token from slot 5
[19:11:55.922] [SEVERE ] removing player 2 token from slot 9
[19:11:55.923] [SEVERE ] removing player 2 token from slot 8
[19:11:55.925] [SEVERE ] player 2 placing token on slot 2
[19:11:55.925] [SEVERE ] player 2 placing token on slot 0
[19:11:55.926] [SEVERE ] player 2 placing token on slot 3
[19:11:55.928] [SEVERE ] removing player 2 token from slot 2
[19:11:55.929] [SEVERE ] player 2 placing token on slot 8
[19:11:55.932] [SEVERE ] removing player 2 token from slot 0
[19:11:55.932] [SEVERE ] player 2 placing token on slot 9
[19:11:55.943] [SEVERE ] setting player 2 freeze to 3000
[19:11:56.216] [SEVERE ] updating countdown to 59000
[19:11:56.236] [SEVERE ] setting player 3 freeze to 2000
[19:11:56.241] [SEVERE ] setting player 1 freeze to 0
[19:11:56.242] [SEVERE ] setting player 1 freeze to 3000
[19:11:56.917] [SEVERE ] setting player 4 freeze to 2000
[19:11:56.947] [SEVERE ] setting player 2 freeze to 2000
[19:11:57.217] [SEVERE ] updating countdown to 58000
[19:11:57.237] [SEVERE ] setting player 3 freeze to 1000
[19:11:57.244] [SEVERE ] setting player 1 freeze to 2000
[19:11:57.921] [SEVERE ] setting player 4 freeze to 1000
[19:11:57.947] [SEVERE ] setting player 2 freeze to 1000
[19:11:58.220] [SEVERE ] updating countdown to 57000
[19:11:58.238] [SEVERE ] setting player 3 freeze to 0
[19:11:58.246] [SEVERE ] setting player 1 freeze to 1000
[19:11:58.272] [SEVERE ] player 3 placing token on slot 11
[19:11:58.273] [SEVERE ] player 3 placing token on slot 2
[19:11:58.273] [SEVERE ] player 3 placing token on slot 8
[19:11:58.273] [SEVERE ] removing player 3 token from slot 11
[19:11:58.273] [SEVERE ] removing player 3 token from slot 2
[19:11:58.274] [SEVERE ] removing player 3 token from slot 8
[19:11:58.274] [SEVERE ] player 3 placing token on slot 10
[19:11:58.274] [SEVERE ] player 3 placing token on slot 0
[19:11:58.274] [SEVERE ] player 3 placing token on slot 3
[19:11:58.279] [SEVERE ] removing player 3 token from slot 10
[19:11:58.279] [SEVERE ] removing player 3 token from slot 0
[19:11:58.282] [SEVERE ] removing player 3 token from slot 3
[19:11:58.282] [SEVERE ] player 3 placing token on slot 7
[19:11:58.283] [SEVERE ] player 3 placing token on slot 11
[19:11:58.283] [SEVERE ] player 3 placing token on slot 6
[19:11:58.283] [SEVERE ] removing player 3 token from slot 7
[19:11:58.283] [SEVERE ] removing player 3 token from slot 11
[19:11:58.283] [SEVERE ] removing player 3 token from slot 6
[19:11:58.283] [SEVERE ] player 3 placing token on slot 5
[19:11:58.283] [SEVERE ] player 3 placing token on slot 4
[19:11:58.283] [SEVERE ] player 3 placing token on slot 10
[19:11:58.289] [SEVERE ] removing player 3 token from slot 5
[19:11:58.290] [SEVERE ] removing player 3 token from slot 4
[19:11:58.290] [SEVERE ] removing player 3 token from slot 10
[19:11:58.290] [SEVERE ] player 3 placing token on slot 0
[19:11:58.290] [SEVERE ] player 3 placing token on slot 9
[19:11:58.290] [SEVERE ] player 3 placing token on slot 6
[19:11:58.295] [SEVERE ] removing player 3 token from slot 0
[19:11:58.295] [SEVERE ] removing player 3 token from slot 9
[19:11:58.298] [SEVERE ] removing player 3 token from slot 6
[19:11:58.298] [SEVERE ] player 3 placing token on slot 8
[19:11:58.298] [SEVERE ] player 3 placing token on slot 5
[19:11:58.298] [SEVERE ] player 3 placing token on slot 0
[19:11:58.300] [SEVERE ] removing player 3 token from slot 8
[19:11:58.300] [SEVERE ] removing player 3 token from slot 5
[19:11:58.300] [SEVERE ] removing player 3 token from slot 0
[19:11:58.300] [SEVERE ] player 3 placing token on slot 3
[19:11:58.300] [SEVERE ] player 3 placing token on slot 2
[19:11:58.301] [SEVERE ] player 3 placing token on slot 8
[19:11:58.306] [SEVERE ] removing player 3 token from slot 3
[19:11:58.306] [SEVERE ] removing player 3 token from slot 2
[19:11:58.306] [SEVERE ] removing player 3 token from slot 8
[19:11:58.306] [SEVERE ] player 3 placing token on slot 1
[19:11:58.306] [SEVERE ] player 3 placing token on slot 6
[19:11:58.307] [SEVERE ] player 3 placing token on slot 9
[19:11:58.320] [SEVERE ] removing player 3 token from slot 1
[19:11:58.321] [SEVERE ] removing player 3 token from slot 6
[19:11:58.321] [SEVERE ] removing player 3 token from slot 9
[19:11:58.322] [SEVERE ] player 3 placing token on slot 4
[19:11:58.322] [SEVERE ] player 3 placing token on slot 1
[19:11:58.323] [SEVERE ] player 3 placing token on slot 11
[19:11:58.323] [SEVERE ] setting player 3 freeze to 3000
[19:11:58.631] [SEVERE ] exit button pressed
[19:11:58.632] [INFO   ] thread computer-3 terminated.
[19:11:58.923] [SEVERE ] setting player 4 freeze to 0
[19:11:58.924] [INFO   ] thread 3 terminated.
[19:11:58.932] [INFO   ] thread computer-2 terminated.
[19:11:58.948] [SEVERE ] setting player 2 freeze to 0
[19:11:58.962] [SEVERE ] removing player 2 token from slot 9
[19:11:58.962] [SEVERE ] removing player 2 token from slot 8
[19:11:58.962] [SEVERE ] player 2 placing token on slot 6
[19:11:58.963] [SEVERE ] player 2 placing token on slot 9
[19:11:58.983] [SEVERE ] setting player 2 freeze to 3000
[19:11:59.070] [SEVERE ] removing tokens from slot 9
[19:11:59.070] [SEVERE ] removing card from slot 9
[19:11:59.171] [SEVERE ] removing tokens from slot 11
[19:11:59.171] [SEVERE ] removing card from slot 11
[19:11:59.223] [SEVERE ] updating countdown to 56000
[19:11:59.251] [SEVERE ] setting player 1 freeze to 0
[19:11:59.272] [SEVERE ] removing tokens from slot 5
[19:11:59.272] [SEVERE ] removing card from slot 5
[19:11:59.323] [SEVERE ] setting player 3 freeze to 2000
[19:11:59.378] [SEVERE ] removing tokens from slot 3
[19:11:59.378] [SEVERE ] removing card from slot 3
[19:11:59.480] [SEVERE ] removing tokens from slot 1
[19:11:59.480] [SEVERE ] removing card from slot 1
[19:11:59.582] [SEVERE ] removing tokens from slot 10
[19:11:59.582] [SEVERE ] removing card from slot 10
[19:11:59.682] [SEVERE ] removing tokens from slot 4
[19:11:59.683] [SEVERE ] removing card from slot 4
[19:11:59.783] [SEVERE ] removing tokens from slot 8
[19:11:59.783] [SEVERE ] removing card from slot 8
[19:11:59.884] [SEVERE ] removing tokens from slot 7
[19:11:59.884] [SEVERE ] removing card from slot 7
[19:11:59.987] [SEVERE ] setting player 2 freeze to 2000
[19:11:59.987] [SEVERE ] removing tokens from slot 2
[19:11:59.988] [SEVERE ] removing card from slot 2
[19:12:00.089] [SEVERE ] removing tokens from slot 6
[19:12:00.090] [SEVERE ] removing card from slot 6
[19:12:00.191] [SEVERE ] removing tokens from slot 0
[19:12:00.191] [SEVERE ] removing card from slot 0
[19:12:00.225] [SEVERE ] updating countdown to 55000
[19:12:00.324] [SEVERE ] setting player 3 freeze to 1000
[19:12:00.993] [SEVERE ] setting player 2 freeze to 1000
[19:12:01.226] [SEVERE ] updating countdown to 54000
[19:12:01.333] [SEVERE ] setting player 3 freeze to 0
[19:12:01.334] [INFO   ] thread 2 terminated.
[19:12:01.335] [INFO   ] thread computer-1 terminated.
[19:12:02.005] [SEVERE ] setting player 2 freeze to 0
[19:12:02.006] [INFO   ] thread 1 terminated.
[19:12:02.011] [INFO   ] thread computer-0 terminated.
[19:12:02.013] [INFO   ] thread 0 terminated.
[19:12:02.017] [SEVERE ] announcing winner(s): player 1
[19:12:02.018] [INFO   ] thread dealer terminated.
[19:12:02.019] [INFO   ] thread dealer terminated.
[19:12:02.019] [SEVERE ] thanks for playing... it was fun!
[19:12:02.019] [INFO   ] thread main terminated.
